2025-01-27 16:55:12,096 [INFO] Activator:176 - 


2025-01-27 16:55:12,100 [INFO] Activator:177 - !SESSION log4j initialized
2025-01-27 16:55:18,185 [INFO] LogOutputStream:77 - [STDOUT_REDIRECT] 
2025-01-27 16:55:20,356 [INFO] ApplicationProperties:184 - Using Application install path: E:\ST\STM32CubeIDE_1.16.1\STM32CubeIDE\plugins\com.st.stm32cube.common.mx_6.12.1.202409122256
2025-01-27 16:55:20,380 [INFO] DbMcusXml:78 - Set database path to: E:\ST\STM32CubeIDE_1.16.1\STM32CubeIDE\plugins\com.st.stm32cube.common.mx_6.12.1.202409122256\\db\/mcu/
2025-01-27 16:55:20,380 [INFO] ApiDb:274 - Set plugin database path to: E:\ST\STM32CubeIDE_1.16.1\STM32CubeIDE\plugins\com.st.stm32cube.common.mx_6.12.1.202409122256\\db\/plugins/boardmanager/
2025-01-27 16:55:20,381 [WARN] ApiDb:259 - Overriding images path with different value:  => E:\ST\STM32CubeIDE_1.16.1\STM32CubeIDE\plugins\com.st.stm32cube.common.mx_6.12.1.202409122256\\db\/plugins/mcufinder/images/
2025-01-27 16:55:21,915 [WARN] ApiFinderProperties:113 - C:\Users\galat\.stmcufinder\plugins\mcufinder\mcu\mcuFinder.mfd doesn't exist
2025-01-27 16:55:21,917 [INFO] ApiDb:250 - Set database path to: C:\Users\galat\.stmcufinder\plugins\mcufinder//mcu/
2025-01-27 16:55:21,918 [INFO] DbMcusAds:125 - Set database path to: C:\Users\galat\.stmcufinder\plugins\mcufinder//mcu/
2025-01-27 16:55:21,919 [INFO] CrossReferenceDbSqlite:203 - Set database path to: C:\Users\galat\.stmcufinder\plugins\mcufinder//mcu/cs/
2025-01-27 16:55:22,005 [INFO] RulesReader:64 - Compatibility file has been processed (297 Rules)
2025-01-27 16:55:22,078 [INFO] DbMcusXml:78 - Set database path to: E:\ST\STM32CubeIDE_1.16.1\STM32CubeIDE\plugins\com.st.stm32cube.common.mx_6.12.1.202409122256\\db\/mcu/
2025-01-27 16:55:22,078 [INFO] ApiDb:274 - Set plugin database path to: E:\ST\STM32CubeIDE_1.16.1\STM32CubeIDE\plugins\com.st.stm32cube.common.mx_6.12.1.202409122256\\db\/plugins/boardmanager/
2025-01-27 16:55:22,078 [INFO] ApiDb:261 - Set plugin images path to: E:\ST\STM32CubeIDE_1.16.1\STM32CubeIDE\plugins\com.st.stm32cube.common.mx_6.12.1.202409122256\\db\/plugins/mcufinder/images/
2025-01-27 16:55:22,079 [WARN] DbFile:41 - Overriding database path with different value: C:\Users\galat\.stmcufinder\plugins\mcufinder/ => C:\Users\galat\.stmcufinder\plugins\mcufinder
2025-01-27 16:55:22,079 [INFO] ApiDb:250 - Set database path to: C:\Users\galat\.stmcufinder\plugins\mcufinder//mcu/
2025-01-27 16:55:22,079 [WARN] DbFile:41 - Overriding database path with different value: C:\Users\galat\.stmcufinder\plugins\mcufinder/ => C:\Users\galat\.stmcufinder\plugins\mcufinder
2025-01-27 16:55:22,079 [INFO] DbMcusAds:125 - Set database path to: C:\Users\galat\.stmcufinder\plugins\mcufinder//mcu/
2025-01-27 16:55:22,079 [WARN] DbFile:41 - Overriding database path with different value: C:\Users\galat\.stmcufinder\plugins\mcufinder/ => C:\Users\galat\.stmcufinder\plugins\mcufinder
2025-01-27 16:55:22,079 [WARN] DbFile:41 - Overriding database path with different value: C:\Users\galat\.stmcufinder\plugins\mcufinder/ => C:\Users\galat\.stmcufinder\plugins\mcufinder
2025-01-27 16:55:22,079 [INFO] CrossReferenceDbSqlite:203 - Set database path to: C:\Users\galat\.stmcufinder\plugins\mcufinder//mcu/cs/
2025-01-27 16:55:22,144 [INFO] MainPanel:268 - HeapMemory: 274726912
2025-01-27 16:55:22,234 [INFO] DbMcusXml:78 - Set database path to: E:\ST\STM32CubeIDE_1.16.1\STM32CubeIDE\plugins\com.st.stm32cube.common.mx_6.12.1.202409122256\\db\/mcu/
2025-01-27 16:55:22,235 [INFO] ApiDb:274 - Set plugin database path to: E:\ST\STM32CubeIDE_1.16.1\STM32CubeIDE\plugins\com.st.stm32cube.common.mx_6.12.1.202409122256\\db\/plugins/boardmanager/
2025-01-27 16:55:22,235 [INFO] ApiDb:261 - Set plugin images path to: E:\ST\STM32CubeIDE_1.16.1\STM32CubeIDE\plugins\com.st.stm32cube.common.mx_6.12.1.202409122256\\db\/plugins/mcufinder/images/
2025-01-27 16:55:22,235 [WARN] DbFile:41 - Overriding database path with different value: C:\Users\galat\.stmcufinder\plugins\mcufinder/ => C:\Users\galat\.stmcufinder\plugins\mcufinder
2025-01-27 16:55:22,235 [INFO] ApiDb:250 - Set database path to: C:\Users\galat\.stmcufinder\plugins\mcufinder//mcu/
2025-01-27 16:55:22,235 [WARN] DbFile:41 - Overriding database path with different value: C:\Users\galat\.stmcufinder\plugins\mcufinder/ => C:\Users\galat\.stmcufinder\plugins\mcufinder
2025-01-27 16:55:22,235 [INFO] DbMcusAds:125 - Set database path to: C:\Users\galat\.stmcufinder\plugins\mcufinder//mcu/
2025-01-27 16:55:22,235 [WARN] DbFile:41 - Overriding database path with different value: C:\Users\galat\.stmcufinder\plugins\mcufinder/ => C:\Users\galat\.stmcufinder\plugins\mcufinder
2025-01-27 16:55:22,235 [WARN] DbFile:41 - Overriding database path with different value: C:\Users\galat\.stmcufinder\plugins\mcufinder/ => C:\Users\galat\.stmcufinder\plugins\mcufinder
2025-01-27 16:55:22,236 [INFO] CrossReferenceDbSqlite:203 - Set database path to: C:\Users\galat\.stmcufinder\plugins\mcufinder//mcu/cs/
2025-01-27 16:55:22,254 [INFO] ApplicationProperties:184 - Using Application install path: E:\ST\STM32CubeIDE_1.16.1\STM32CubeIDE\plugins\com.st.stm32cube.common.mx_6.12.1.202409122256
2025-01-27 16:55:22,255 [INFO] PluginManage:196 - Search for loadable plugins [exclusion list=, ]
2025-01-27 16:55:22,257 [INFO] PluginManage:310 - Check plugin analytics
2025-01-27 16:55:22,374 [INFO] AnalyticsPlugin:253 - Accepted Software Licenses: 
2025-01-27 16:55:22,374 [INFO] AnalyticsPlugin:255 - Accepted CMSIS Pack Licenses: 
2025-01-27 16:55:22,375 [INFO] AnalyticsPlugin:257 - Accepted Firmware Licenses: 
2025-01-27 16:55:22,377 [INFO] PluginManage:359 - Loaded plugin analytics (category:tool,tabindex:-1)
2025-01-27 16:55:22,377 [INFO] PluginManage:310 - Check plugin cadmodel
2025-01-27 16:55:22,391 [INFO] CADModel:105 - Init CAD model plugin
2025-01-27 16:55:22,391 [INFO] PluginManage:359 - Loaded plugin cadmodel (category:power,tabindex:5)
2025-01-27 16:55:22,391 [INFO] PluginManage:310 - Check plugin clock
2025-01-27 16:55:22,408 [INFO] PluginManage:359 - Loaded plugin clock (category:base,tabindex:2)
2025-01-27 16:55:22,408 [INFO] PluginManage:310 - Check plugin ddr
2025-01-27 16:55:22,410 [INFO] PluginManage:359 - Loaded plugin ddr (category:tool,tabindex:6)
2025-01-27 16:55:22,410 [INFO] PluginManage:310 - Check plugin filemanager
2025-01-27 16:55:22,536 [INFO] PluginManage:359 - Loaded plugin filemanager (category:base,tabindex:10)
2025-01-27 16:55:22,536 [INFO] PluginManage:310 - Check plugin ipmanager
2025-01-27 16:55:22,542 [INFO] PluginManage:359 - Loaded plugin ipmanager (category:base,tabindex:5)
2025-01-27 16:55:22,543 [INFO] PluginManage:310 - Check plugin lpbam
2025-01-27 16:55:22,558 [INFO] PluginManage:359 - Loaded plugin lpbam (category:base,tabindex:0)
2025-01-27 16:55:22,558 [INFO] PluginManage:310 - Check plugin memorymap
2025-01-27 16:55:22,579 [INFO] PluginManage:359 - Loaded plugin memorymap (category:base,tabindex:4)
2025-01-27 16:55:22,580 [INFO] PluginManage:310 - Check plugin pinoutandconfiguration
2025-01-27 16:55:22,596 [INFO] PluginManage:359 - Loaded plugin pinoutandconfiguration (category:base,tabindex:1)
2025-01-27 16:55:22,597 [INFO] PluginManage:310 - Check plugin pinoutconfig
2025-01-27 16:55:22,674 [WARN] SupportedApi:132 - Cannot load RTOS API schema: s4s-elt-must-match.1: The content of 'definitions' must match (annotation?, (simpleType | complexType)?, (unique | key | keyref)*)). A problem was found starting at: attribute.
2025-01-27 16:55:22,771 [INFO] PluginManage:359 - Loaded plugin pinoutconfig (category:base,tabindex:0)
2025-01-27 16:55:22,771 [INFO] PluginManage:310 - Check plugin power
2025-01-27 16:55:22,791 [INFO] PluginManage:359 - Loaded plugin power (category:power,tabindex:4)
2025-01-27 16:55:22,791 [INFO] PluginManage:310 - Check plugin projectmanager
2025-01-27 16:55:22,803 [INFO] PluginManage:359 - Loaded plugin projectmanager (category:projectmanager,tabindex:4)
2025-01-27 16:55:22,803 [INFO] PluginManage:310 - Check plugin rif
2025-01-27 16:55:22,817 [INFO] PluginManage:359 - Loaded plugin rif (category:base,tabindex:3)
2025-01-27 16:55:22,818 [INFO] PluginManage:310 - Check plugin thirdparty
2025-01-27 16:55:23,028 [INFO] PluginManage:359 - Loaded plugin thirdparty (category:base,tabindex:-1)
2025-01-27 16:55:23,028 [WARN] IntegrityCheckThread:84 - waiting for thirdparty lock release [integrity check]
2025-01-27 16:55:23,028 [INFO] IntegrityCheckThread:86 - entering critical section [integrity check]
2025-01-27 16:55:23,028 [INFO] PluginManage:310 - Check plugin tools
2025-01-27 16:55:23,029 [INFO] ThirdPartyUpdaterWithRetryManager:70 - Updater plugin not ready yet. [1/15]
2025-01-27 16:55:23,057 [INFO] PluginManage:359 - Loaded plugin tools (category:base,tabindex:7)
2025-01-27 16:55:23,057 [INFO] PluginManage:310 - Check plugin tutovideos
2025-01-27 16:55:23,195 [INFO] PluginManage:359 - Loaded plugin tutovideos (category:base,tabindex:-1)
2025-01-27 16:55:23,195 [INFO] PluginManage:310 - Check plugin updater
2025-01-27 16:55:23,208 [INFO] PluginManage:359 - Loaded plugin updater (category:base,tabindex:12)
2025-01-27 16:55:23,208 [INFO] PluginManage:310 - Check plugin userauth
2025-01-27 16:55:23,213 [INFO] UserAuth:113 - Init User Auth plugin
2025-01-27 16:55:23,213 [INFO] PluginManage:359 - Loaded plugin userauth (category:base,tabindex:14)
2025-01-27 16:55:23,213 [INFO] PluginManage:283 - PluginManage : Loaded plugins [18]
2025-01-27 16:55:23,368 [INFO] PinOutPanel:1561 - setPackage(No Configuration,No Configuration)
2025-01-27 16:55:23,435 [INFO] CADModel:165 - CPN selected for project level
2025-01-27 16:55:23,435 [INFO] CADModel:114 - Register for checkConnection events
2025-01-27 16:55:23,457 [INFO] IPUIPlugin:80 - create IPUIPlugin
2025-01-27 16:55:23,457 [INFO] PluginManager:220 - loadIPPluginJar : add adc
2025-01-27 16:55:23,489 [INFO] IPUIPlugin:80 - create IPUIPlugin
2025-01-27 16:55:23,489 [INFO] PluginManager:220 - loadIPPluginJar : add aes
2025-01-27 16:55:23,526 [INFO] IPUIPlugin:80 - create IPUIPlugin
2025-01-27 16:55:23,526 [INFO] PluginManager:220 - loadIPPluginJar : add can
2025-01-27 16:55:23,551 [INFO] IPUIPlugin:80 - create IPUIPlugin
2025-01-27 16:55:23,551 [INFO] PluginManager:220 - loadIPPluginJar : add comp
2025-01-27 16:55:23,577 [INFO] IPUIPlugin:80 - create IPUIPlugin
2025-01-27 16:55:23,577 [INFO] PluginManager:220 - loadIPPluginJar : add cryp
2025-01-27 16:55:23,589 [INFO] IPUIPlugin:80 - create IPUIPlugin
2025-01-27 16:55:23,589 [INFO] PluginManager:220 - loadIPPluginJar : add ddr_ctrl_phy
2025-01-27 16:55:23,613 [INFO] IPUIPlugin:80 - create IPUIPlugin
2025-01-27 16:55:23,613 [INFO] PluginManager:220 - loadIPPluginJar : add dfsdm
2025-01-27 16:55:23,625 [INFO] IPUIPlugin:80 - create IPUIPlugin
2025-01-27 16:55:23,625 [INFO] PluginManager:220 - loadIPPluginJar : add dma
2025-01-27 16:55:23,660 [INFO] IPUIPlugin:80 - create IPUIPlugin
2025-01-27 16:55:23,660 [INFO] PluginManager:220 - loadIPPluginJar : add dma3
2025-01-27 16:55:23,695 [INFO] IPUIPlugin:80 - create IPUIPlugin
2025-01-27 16:55:23,697 [INFO] PluginManager:220 - loadIPPluginJar : add extmemmanager
2025-01-27 16:55:23,714 [INFO] IPUIPlugin:80 - create IPUIPlugin
2025-01-27 16:55:23,714 [INFO] PluginManager:220 - loadIPPluginJar : add fatfs
2025-01-27 16:55:23,755 [INFO] IPUIPlugin:80 - create IPUIPlugin
2025-01-27 16:55:23,755 [INFO] PluginManager:220 - loadIPPluginJar : add fmc
2025-01-27 16:55:23,770 [INFO] IPUIPlugin:80 - create IPUIPlugin
2025-01-27 16:55:23,771 [INFO] PluginManager:220 - loadIPPluginJar : add freertos
2025-01-27 16:55:23,787 [INFO] IPUIPlugin:80 - create IPUIPlugin
2025-01-27 16:55:23,788 [INFO] PluginManager:220 - loadIPPluginJar : add genericplugin
2025-01-27 16:55:23,858 [INFO] IPUIPlugin:80 - create IPUIPlugin
2025-01-27 16:55:23,858 [INFO] PluginManager:220 - loadIPPluginJar : add gfxmmu
2025-01-27 16:55:23,953 [INFO] IPUIPlugin:80 - create IPUIPlugin
2025-01-27 16:55:23,955 [INFO] PluginManager:220 - loadIPPluginJar : add gic
2025-01-27 16:55:23,965 [INFO] IPUIPlugin:80 - create IPUIPlugin
2025-01-27 16:55:23,965 [INFO] PluginManager:220 - loadIPPluginJar : add gpio
2025-01-27 16:55:24,037 [INFO] IPUIPlugin:80 - create IPUIPlugin
2025-01-27 16:55:24,037 [INFO] PluginManager:220 - loadIPPluginJar : add gtzc
2025-01-27 16:55:24,068 [INFO] IPUIPlugin:80 - create IPUIPlugin
2025-01-27 16:55:24,068 [INFO] PluginManager:220 - loadIPPluginJar : add hash
2025-01-27 16:55:24,115 [INFO] IPUIPlugin:80 - create IPUIPlugin
2025-01-27 16:55:24,115 [INFO] PluginManager:220 - loadIPPluginJar : add i2c
2025-01-27 16:55:24,145 [INFO] IPUIPlugin:80 - create IPUIPlugin
2025-01-27 16:55:24,145 [INFO] PluginManager:220 - loadIPPluginJar : add i2s
2025-01-27 16:55:24,179 [INFO] IPUIPlugin:80 - create IPUIPlugin
2025-01-27 16:55:24,179 [INFO] PluginManager:220 - loadIPPluginJar : add i3c
2025-01-27 16:55:24,261 [INFO] IPUIPlugin:80 - create IPUIPlugin
2025-01-27 16:55:24,262 [INFO] PluginManager:220 - loadIPPluginJar : add ipddr
2025-01-27 16:55:24,343 [INFO] IPUIPlugin:80 - create IPUIPlugin
2025-01-27 16:55:24,343 [INFO] PluginManager:220 - loadIPPluginJar : add linkedlist
2025-01-27 16:55:24,372 [INFO] IPUIPlugin:80 - create IPUIPlugin
2025-01-27 16:55:24,372 [INFO] PluginManager:220 - loadIPPluginJar : add lorawan
2025-01-27 16:55:24,400 [INFO] IPUIPlugin:80 - create IPUIPlugin
2025-01-27 16:55:24,400 [INFO] PluginManager:220 - loadIPPluginJar : add ltdc
2025-01-27 16:55:24,414 [INFO] IPUIPlugin:80 - create IPUIPlugin
2025-01-27 16:55:24,414 [INFO] PluginManager:220 - loadIPPluginJar : add mdma
2025-01-27 16:55:24,425 [INFO] IPUIPlugin:80 - create IPUIPlugin
2025-01-27 16:55:24,425 [INFO] PluginManager:220 - loadIPPluginJar : add nvic
2025-01-27 16:55:24,454 [INFO] IPUIPlugin:80 - create IPUIPlugin
2025-01-27 16:55:24,454 [INFO] PluginManager:220 - loadIPPluginJar : add opamp
2025-01-27 16:55:24,501 [INFO] IPUIPlugin:80 - create IPUIPlugin
2025-01-27 16:55:24,501 [INFO] PluginManager:220 - loadIPPluginJar : add openamp
2025-01-27 16:55:24,535 [INFO] IPUIPlugin:80 - create IPUIPlugin
2025-01-27 16:55:24,535 [INFO] PluginManager:220 - loadIPPluginJar : add pdm2pcm
2025-01-27 16:55:24,548 [INFO] IPUIPlugin:80 - create IPUIPlugin
2025-01-27 16:55:24,549 [INFO] PluginManager:220 - loadIPPluginJar : add plateformsettings
2025-01-27 16:55:24,568 [INFO] IPUIPlugin:80 - create IPUIPlugin
2025-01-27 16:55:24,568 [INFO] PluginManager:220 - loadIPPluginJar : add quadspi
2025-01-27 16:55:24,589 [INFO] IPUIPlugin:80 - create IPUIPlugin
2025-01-27 16:55:24,589 [INFO] PluginManager:220 - loadIPPluginJar : add radio
2025-01-27 16:55:24,599 [INFO] IPUIPlugin:80 - create IPUIPlugin
2025-01-27 16:55:24,599 [INFO] PluginManager:220 - loadIPPluginJar : add resmgrutility
2025-01-27 16:55:24,637 [INFO] IPUIPlugin:80 - create IPUIPlugin
2025-01-27 16:55:24,637 [INFO] PluginManager:220 - loadIPPluginJar : add sai
2025-01-27 16:55:24,669 [INFO] IPUIPlugin:80 - create IPUIPlugin
2025-01-27 16:55:24,669 [INFO] PluginManager:220 - loadIPPluginJar : add spi
2025-01-27 16:55:24,726 [INFO] IPUIPlugin:80 - create IPUIPlugin
2025-01-27 16:55:24,726 [INFO] PluginManager:220 - loadIPPluginJar : add stm32_wpan
2025-01-27 16:55:24,745 [INFO] IPUIPlugin:80 - create IPUIPlugin
2025-01-27 16:55:24,745 [INFO] PluginManager:220 - loadIPPluginJar : add tim
2025-01-27 16:55:24,794 [INFO] IPUIPlugin:80 - create IPUIPlugin
2025-01-27 16:55:24,794 [INFO] PluginManager:220 - loadIPPluginJar : add touchsensing
2025-01-27 16:55:24,813 [INFO] IPUIPlugin:80 - create IPUIPlugin
2025-01-27 16:55:24,813 [INFO] PluginManager:220 - loadIPPluginJar : add tracer_emb
2025-01-27 16:55:24,837 [INFO] IPUIPlugin:80 - create IPUIPlugin
2025-01-27 16:55:24,837 [INFO] PluginManager:220 - loadIPPluginJar : add ts
2025-01-27 16:55:24,859 [INFO] IPUIPlugin:80 - create IPUIPlugin
2025-01-27 16:55:24,859 [INFO] PluginManager:220 - loadIPPluginJar : add tsc
2025-01-27 16:55:24,877 [INFO] IPUIPlugin:80 - create IPUIPlugin
2025-01-27 16:55:24,877 [INFO] PluginManager:220 - loadIPPluginJar : add ucpd
2025-01-27 16:55:24,911 [INFO] IPUIPlugin:80 - create IPUIPlugin
2025-01-27 16:55:24,911 [INFO] PluginManager:220 - loadIPPluginJar : add usart
2025-01-27 16:55:24,945 [INFO] IPUIPlugin:80 - create IPUIPlugin
2025-01-27 16:55:24,945 [INFO] PluginManager:220 - loadIPPluginJar : add usbx
2025-01-27 16:55:25,064 [INFO] CADModel:165 - CPN selected for project level
2025-01-27 16:55:25,064 [INFO] CADModel:114 - Register for checkConnection events
2025-01-27 16:55:25,065 [FATAL] Updater:334 - Updater called before beeing initialized
2025-01-27 16:55:25,065 [ERROR] CADModel:125 - Updater not yet initialized, retry later 
2025-01-27 16:55:25,163 [INFO] CADModel:165 - CPN selected for project level
2025-01-27 16:55:25,163 [INFO] CADModel:114 - Register for checkConnection events
2025-01-27 16:55:25,163 [FATAL] Updater:334 - Updater called before beeing initialized
2025-01-27 16:55:25,163 [ERROR] CADModel:125 - Updater not yet initialized, retry later 
2025-01-27 16:55:25,165 [FATAL] Updater:334 - Updater called before beeing initialized
2025-01-27 16:55:25,237 [FATAL] Updater:334 - Updater called before beeing initialized
2025-01-27 16:55:25,241 [INFO] DbMcusAds:53 - JSON generation date=Thu Sep 30 09:55:09 EEST 2021 (1632984909247)
2025-01-27 16:55:25,241 [FATAL] Updater:334 - Updater called before beeing initialized
2025-01-27 16:55:25,362 [WARN] DetailPanel:346 - Failed to get advertising image, set to default
2025-01-27 16:55:25,427 [FATAL] Updater:334 - Updater called before beeing initialized
2025-01-27 16:55:25,428 [FATAL] Updater:334 - Updater called before beeing initialized
2025-01-27 16:55:25,429 [FATAL] Updater:334 - Updater called before beeing initialized
2025-01-27 16:55:25,429 [WARN] DetailPanel:346 - Failed to get advertising image, set to default
2025-01-27 16:55:25,429 [FATAL] Updater:334 - Updater called before beeing initialized
2025-01-27 16:55:25,473 [ERROR] Updater:1164 - MainUpdater not yet initialized. External WinMGr cannot be set.
2025-01-27 16:55:25,483 [INFO] Updater:1100 - Updater Version found : 6.12.1
2025-01-27 16:55:25,496 [INFO] ApplicationProperties:184 - Using Application install path: E:\ST\STM32CubeIDE_1.16.1\STM32CubeIDE\plugins\com.st.stm32cube.common.mx_6.12.1.202409122256
2025-01-27 16:55:26,029 [INFO] ThirdPartyUpdaterWithRetryManager:70 - Updater plugin not ready yet. [2/15]
2025-01-27 16:55:27,064 [ERROR] LogOutputStream:75 - [STDERR_REDIRECT] Jan 27, 2025 4:55:27 PM java.util.prefs.WindowsPreferences <init>
2025-01-27 16:55:27,066 [ERROR] LogOutputStream:75 - [STDERR_REDIRECT] WARNING: Could not open/create prefs root node Software\JavaSoft\Prefs at root 0xffffffff80000002. Windows RegCreateKeyEx(...) returned error code 5.
2025-01-27 16:55:27,066 [ERROR] LogOutputStream:75 - [STDERR_REDIRECT] 
2025-01-27 16:55:27,085 [INFO] MainUpdater:526 - Copy updater definitions from MX database
2025-01-27 16:55:27,115 [INFO] MainUpdater:559 - Copy flag file definitions from MX database
2025-01-27 16:55:27,118 [INFO] MainUpdater:575 - Copy thirdparty index definitions from MX database
2025-01-27 16:55:27,119 [INFO] MainUpdater:594 - Copy default thirdparty db definitions from MX database
2025-01-27 16:55:27,331 [INFO] MainUpdater:2873 - connection check result : 10
2025-01-27 16:55:27,331 [INFO] MainUpdater:3567 - Updater definition file requires update
2025-01-27 16:55:27,331 [INFO] MainUpdater:290 - Updater Check For Update Now.
2025-01-27 16:55:27,332 [INFO] MicroXplorer:498 - Change Database Version : DB.6.0.121
2025-01-27 16:55:27,347 [INFO] McuFinderGlobals:63 - Set McuFinder mode to 2 (CubeIDE integrated)
2025-01-27 16:55:27,347 [INFO] UserAuth:179 - activating auth plugin
2025-01-27 16:55:27,349 [INFO] UserAuth:417 - Internet connection configuration mode: 1
2025-01-27 16:55:27,362 [INFO] JxBrowserEngine:152 - Initiate JxBrowser Engine with user profile folder
2025-01-27 16:55:27,437 [INFO] ServerAccessManage:473 - Download File updaters.zip
2025-01-27 16:55:27,531 [INFO] FileExtend:240 - Unzip File : updaters.zip
2025-01-27 16:55:27,531 [INFO] FileExtend:255 - Standard Zip Deflate
2025-01-27 16:55:27,928 [INFO] ServerAccessManage:473 - Download File PacksControlFlags.xml
2025-01-27 16:55:28,084 [INFO] ServerAccessManage:473 - Download File cubemx.pidx
2025-01-27 16:55:28,467 [INFO] ServerAccessManage:473 - Download File STMicroelectronics.FP-ATR-ASTRA1.pdsc
2025-01-27 16:55:29,055 [WARN] MainUpdater:1194 - Updater busy. Cannot search thirdparties
2025-01-27 16:55:29,057 [INFO] ThirdPartyUpdaterWithRetryManager:96 - Updater plugin is busy. [1/15]
2025-01-27 16:55:30,073 [INFO] ServerAccessManage:473 - Download File STMicroelectronics.FP-ATR-SIGFOX1.pdsc
2025-01-27 16:55:30,788 [INFO] ServerAccessManage:473 - Download File STMicroelectronics.FP-SNS-STBOX1.pdsc
2025-01-27 16:55:31,527 [INFO] ServerAccessManage:473 - Download File STMicroelectronics.FP-SNS-FLIGHT1.pdsc
2025-01-27 16:55:32,058 [WARN] MainUpdater:1194 - Updater busy. Cannot search thirdparties
2025-01-27 16:55:32,058 [INFO] ThirdPartyUpdaterWithRetryManager:96 - Updater plugin is busy. [2/15]
2025-01-27 16:55:32,998 [INFO] ServerAccessManage:473 - Download File STMicroelectronics.FP-SNS-MOTENV1.pdsc
2025-01-27 16:55:34,669 [INFO] ServerAccessManage:473 - Download File STMicroelectronics.FP-SNS-MOTENVWB1.pdsc
2025-01-27 16:55:35,059 [WARN] MainUpdater:1194 - Updater busy. Cannot search thirdparties
2025-01-27 16:55:35,059 [INFO] ThirdPartyUpdaterWithRetryManager:96 - Updater plugin is busy. [3/15]
2025-01-27 16:55:35,762 [INFO] ServerAccessManage:473 - Download File STMicroelectronics.FP-SNS-SMARTAG2.pdsc
2025-01-27 16:55:36,152 [INFO] ServerAccessManage:473 - Download File STMicroelectronics.X-CUBE-AI.pdsc
2025-01-27 16:55:36,962 [INFO] ServerAccessManage:473 - Download File STMicroelectronics.X-CUBE-ALS.pdsc
2025-01-27 16:55:37,730 [INFO] WebApp:167 - Instantiating new browser for Auth
2025-01-27 16:55:38,061 [WARN] MainUpdater:1194 - Updater busy. Cannot search thirdparties
2025-01-27 16:55:38,061 [INFO] ThirdPartyUpdaterWithRetryManager:96 - Updater plugin is busy. [4/15]
2025-01-27 16:55:38,210 [INFO] ServerAccessManage:473 - Download File STMicroelectronics.X-CUBE-BLE1.pdsc
2025-01-27 16:55:38,312 [INFO] WebApp:448 - Apply proxy settings
2025-01-27 16:55:38,312 [INFO] WebApp:533 - Chromium requires no authentication
2025-01-27 16:55:38,320 [INFO] WebApp:476 - Direct internet connection detected
2025-01-27 16:55:38,340 [INFO] WebApp:869 - Register for checkConnection events
2025-01-27 16:55:38,340 [INFO] WebApp:448 - Apply proxy settings
2025-01-27 16:55:38,340 [INFO] WebApp:533 - Chromium requires no authentication
2025-01-27 16:55:38,341 [INFO] WebApp:476 - Direct internet connection detected
2025-01-27 16:55:38,505 [INFO] WebApp:220 - Starting web application
2025-01-27 16:55:38,505 [INFO] WebApp:578 - Web application path used E:\ST\STM32CubeIDE_1.16.1\STM32CubeIDE\plugins\com.st.stm32cube.common.mx_6.12.1.202409122256\db\plugins\mcufinder\reactClient1\index.html
2025-01-27 16:55:38,599 [INFO] WebApp:186 - Connection restablished
2025-01-27 16:55:39,076 [ERROR] LogOutputStream:75 - [STDERR_REDIRECT] [Fatal Error] :1:1: Premature end of file.
2025-01-27 16:55:39,076 [ERROR] LogOutputStream:75 - [STDERR_REDIRECT] 
2025-01-27 16:55:39,957 [ERROR] LogOutputStream:75 - [STDERR_REDIRECT] [Fatal Error] :1:1: Premature end of file.
2025-01-27 16:55:39,957 [ERROR] LogOutputStream:75 - [STDERR_REDIRECT] 
2025-01-27 16:55:40,954 [ERROR] LogOutputStream:75 - [STDERR_REDIRECT] [Fatal Error] :1:1: Premature end of file.
2025-01-27 16:55:40,954 [ERROR] LogOutputStream:75 - [STDERR_REDIRECT] 
2025-01-27 16:55:41,062 [WARN] MainUpdater:1194 - Updater busy. Cannot search thirdparties
2025-01-27 16:55:41,063 [INFO] ThirdPartyUpdaterWithRetryManager:96 - Updater plugin is busy. [5/15]
2025-01-27 16:55:41,970 [ERROR] LogOutputStream:75 - [STDERR_REDIRECT] [Fatal Error] :1:1: Premature end of file.
2025-01-27 16:55:41,971 [ERROR] LogOutputStream:75 - [STDERR_REDIRECT] 
2025-01-27 16:55:42,976 [ERROR] LogOutputStream:75 - [STDERR_REDIRECT] [Fatal Error] :1:1: Premature end of file.
2025-01-27 16:55:42,976 [ERROR] LogOutputStream:75 - [STDERR_REDIRECT] 
2025-01-27 16:55:43,037 [ERROR] ServerAccessManage:1089 - Problem, file not found on Server
2025-01-27 16:55:43,364 [INFO] ServerAccessManage:473 - Download File STMicroelectronics.X-CUBE-BLE2.pdsc
2025-01-27 16:55:43,981 [ERROR] LogOutputStream:75 - [STDERR_REDIRECT] [Fatal Error] :1:1: Premature end of file.
2025-01-27 16:55:43,981 [ERROR] LogOutputStream:75 - [STDERR_REDIRECT] 
2025-01-27 16:55:44,064 [WARN] MainUpdater:1194 - Updater busy. Cannot search thirdparties
2025-01-27 16:55:44,064 [INFO] ThirdPartyUpdaterWithRetryManager:96 - Updater plugin is busy. [6/15]
2025-01-27 16:55:44,980 [ERROR] LogOutputStream:75 - [STDERR_REDIRECT] [Fatal Error] :1:1: Premature end of file.
2025-01-27 16:55:44,980 [ERROR] LogOutputStream:75 - [STDERR_REDIRECT] 
2025-01-27 16:55:45,956 [ERROR] LogOutputStream:75 - [STDERR_REDIRECT] [Fatal Error] :1:1: Premature end of file.
2025-01-27 16:55:45,956 [ERROR] LogOutputStream:75 - [STDERR_REDIRECT] 
2025-01-27 16:55:46,458 [INFO] ServerAccessManage:473 - Download File STMicroelectronics.X-CUBE-BLEMGR.pdsc
2025-01-27 16:55:46,957 [ERROR] LogOutputStream:75 - [STDERR_REDIRECT] [Fatal Error] :1:1: Premature end of file.
2025-01-27 16:55:46,957 [ERROR] LogOutputStream:75 - [STDERR_REDIRECT] 
2025-01-27 16:55:47,066 [WARN] MainUpdater:1194 - Updater busy. Cannot search thirdparties
2025-01-27 16:55:47,066 [INFO] ThirdPartyUpdaterWithRetryManager:96 - Updater plugin is busy. [7/15]
2025-01-27 16:55:47,247 [ERROR] ServerAccessManage:1089 - Problem, file not found on Server
2025-01-27 16:55:47,955 [ERROR] LogOutputStream:75 - [STDERR_REDIRECT] [Fatal Error] :1:1: Premature end of file.
2025-01-27 16:55:47,956 [ERROR] LogOutputStream:75 - [STDERR_REDIRECT] 
2025-01-27 16:55:48,958 [ERROR] LogOutputStream:75 - [STDERR_REDIRECT] [Fatal Error] :1:1: Premature end of file.
2025-01-27 16:55:48,959 [ERROR] LogOutputStream:75 - [STDERR_REDIRECT] 
2025-01-27 16:55:49,837 [INFO] ServerAccessManage:473 - Download File STMicroelectronics.X-CUBE-DISPLAY.pdsc
2025-01-27 16:55:49,956 [ERROR] LogOutputStream:75 - [STDERR_REDIRECT] [Fatal Error] :1:1: Premature end of file.
2025-01-27 16:55:49,956 [ERROR] LogOutputStream:75 - [STDERR_REDIRECT] 
2025-01-27 16:55:50,066 [WARN] MainUpdater:1194 - Updater busy. Cannot search thirdparties
2025-01-27 16:55:50,066 [INFO] ThirdPartyUpdaterWithRetryManager:96 - Updater plugin is busy. [8/15]
2025-01-27 16:55:50,970 [ERROR] LogOutputStream:75 - [STDERR_REDIRECT] [Fatal Error] :1:1: Premature end of file.
2025-01-27 16:55:50,971 [ERROR] LogOutputStream:75 - [STDERR_REDIRECT] 
2025-01-27 16:55:51,912 [INFO] ServerAccessManage:473 - Download File STMicroelectronics.X-CUBE-DPOWER.pdsc
2025-01-27 16:55:51,964 [ERROR] LogOutputStream:75 - [STDERR_REDIRECT] [Fatal Error] :1:1: Premature end of file.
2025-01-27 16:55:51,964 [ERROR] LogOutputStream:75 - [STDERR_REDIRECT] 
2025-01-27 16:55:52,580 [ERROR] ServerAccessManage:1089 - Problem, file not found on Server
2025-01-27 16:55:52,898 [ERROR] ServerAccessManage:1089 - Problem, file not found on Server
2025-01-27 16:55:52,977 [ERROR] LogOutputStream:75 - [STDERR_REDIRECT] [Fatal Error] :1:1: Premature end of file.
2025-01-27 16:55:52,978 [ERROR] LogOutputStream:75 - [STDERR_REDIRECT] 
2025-01-27 16:55:53,067 [WARN] MainUpdater:1194 - Updater busy. Cannot search thirdparties
2025-01-27 16:55:53,067 [INFO] ThirdPartyUpdaterWithRetryManager:96 - Updater plugin is busy. [9/15]
2025-01-27 16:55:53,381 [ERROR] ServerAccessManage:1089 - Problem, file not found on Server
2025-01-27 16:55:53,772 [ERROR] ServerAccessManage:1089 - Problem, file not found on Server
2025-01-27 16:55:53,938 [ERROR] ServerAccessManage:1089 - Problem, file not found on Server
2025-01-27 16:55:53,981 [ERROR] LogOutputStream:75 - [STDERR_REDIRECT] [Fatal Error] :1:1: Premature end of file.
2025-01-27 16:55:53,981 [ERROR] LogOutputStream:75 - [STDERR_REDIRECT] 
2025-01-27 16:55:54,255 [ERROR] ServerAccessManage:1089 - Problem, file not found on Server
2025-01-27 16:55:54,574 [ERROR] ServerAccessManage:1089 - Problem, file not found on Server
2025-01-27 16:55:54,894 [ERROR] ServerAccessManage:1089 - Problem, file not found on Server
2025-01-27 16:55:54,958 [ERROR] LogOutputStream:75 - [STDERR_REDIRECT] [Fatal Error] :1:1: Premature end of file.
2025-01-27 16:55:54,958 [ERROR] LogOutputStream:75 - [STDERR_REDIRECT] 
2025-01-27 16:55:55,191 [ERROR] ServerAccessManage:1089 - Problem, file not found on Server
2025-01-27 16:55:55,490 [ERROR] ServerAccessManage:1089 - Problem, file not found on Server
2025-01-27 16:55:55,795 [ERROR] ServerAccessManage:1089 - Problem, file not found on Server
2025-01-27 16:55:55,971 [ERROR] LogOutputStream:75 - [STDERR_REDIRECT] [Fatal Error] :1:1: Premature end of file.
2025-01-27 16:55:55,972 [ERROR] LogOutputStream:75 - [STDERR_REDIRECT] 
2025-01-27 16:55:56,068 [WARN] MainUpdater:1194 - Updater busy. Cannot search thirdparties
2025-01-27 16:55:56,069 [INFO] ThirdPartyUpdaterWithRetryManager:96 - Updater plugin is busy. [10/15]
2025-01-27 16:55:56,205 [INFO] ServerAccessManage:473 - Download File STMicroelectronics.X-CUBE-EEPRMA1.pdsc
2025-01-27 16:55:56,947 [ERROR] ServerAccessManage:1089 - Problem, file not found on Server
2025-01-27 16:55:56,979 [ERROR] LogOutputStream:75 - [STDERR_REDIRECT] [Fatal Error] :1:1: Premature end of file.
2025-01-27 16:55:56,979 [ERROR] LogOutputStream:75 - [STDERR_REDIRECT] 
2025-01-27 16:55:57,877 [ERROR] ServerAccessManage:1089 - Problem, file not found on Server
2025-01-27 16:55:57,977 [ERROR] LogOutputStream:75 - [STDERR_REDIRECT] [Fatal Error] :1:1: Premature end of file.
2025-01-27 16:55:57,977 [ERROR] LogOutputStream:75 - [STDERR_REDIRECT] 
2025-01-27 16:55:58,978 [ERROR] LogOutputStream:75 - [STDERR_REDIRECT] [Fatal Error] :1:1: Premature end of file.
2025-01-27 16:55:58,978 [ERROR] LogOutputStream:75 - [STDERR_REDIRECT] 
2025-01-27 16:55:59,070 [WARN] MainUpdater:1194 - Updater busy. Cannot search thirdparties
2025-01-27 16:55:59,070 [INFO] ThirdPartyUpdaterWithRetryManager:96 - Updater plugin is busy. [11/15]
2025-01-27 16:55:59,206 [INFO] ServerAccessManage:473 - Download File STMicroelectronics.X-CUBE-FREERTOS.pdsc
2025-01-27 16:55:59,981 [ERROR] LogOutputStream:75 - [STDERR_REDIRECT] [Fatal Error] :1:1: Premature end of file.
2025-01-27 16:55:59,981 [ERROR] LogOutputStream:75 - [STDERR_REDIRECT] 
2025-01-27 16:56:00,957 [ERROR] LogOutputStream:75 - [STDERR_REDIRECT] [Fatal Error] :1:1: Premature end of file.
2025-01-27 16:56:00,957 [ERROR] LogOutputStream:75 - [STDERR_REDIRECT] 
2025-01-27 16:56:00,958 [INFO] ServerAccessManage:473 - Download File STMicroelectronics.X-CUBE-GNSS1.pdsc
2025-01-27 16:56:01,955 [ERROR] LogOutputStream:75 - [STDERR_REDIRECT] [Fatal Error] :1:1: Premature end of file.
2025-01-27 16:56:01,955 [ERROR] LogOutputStream:75 - [STDERR_REDIRECT] 
2025-01-27 16:56:02,071 [WARN] MainUpdater:1194 - Updater busy. Cannot search thirdparties
2025-01-27 16:56:02,071 [INFO] ThirdPartyUpdaterWithRetryManager:96 - Updater plugin is busy. [12/15]
2025-01-27 16:56:02,955 [ERROR] LogOutputStream:75 - [STDERR_REDIRECT] [Fatal Error] :1:1: Premature end of file.
2025-01-27 16:56:02,957 [ERROR] LogOutputStream:75 - [STDERR_REDIRECT] 
2025-01-27 16:56:03,955 [ERROR] LogOutputStream:75 - [STDERR_REDIRECT] [Fatal Error] :1:1: Premature end of file.
2025-01-27 16:56:03,955 [ERROR] LogOutputStream:75 - [STDERR_REDIRECT] 
2025-01-27 16:56:04,623 [ERROR] ServerAccessManage:1089 - Problem, file not found on Server
2025-01-27 16:56:04,933 [ERROR] ServerAccessManage:1089 - Problem, file not found on Server
2025-01-27 16:56:04,956 [ERROR] LogOutputStream:75 - [STDERR_REDIRECT] [Fatal Error] :1:1: Premature end of file.
2025-01-27 16:56:04,956 [ERROR] LogOutputStream:75 - [STDERR_REDIRECT] 
2025-01-27 16:56:05,072 [WARN] MainUpdater:1194 - Updater busy. Cannot search thirdparties
2025-01-27 16:56:05,072 [INFO] ThirdPartyUpdaterWithRetryManager:96 - Updater plugin is busy. [13/15]
2025-01-27 16:56:05,263 [ERROR] ServerAccessManage:1089 - Problem, file not found on Server
2025-01-27 16:56:05,590 [ERROR] ServerAccessManage:1089 - Problem, file not found on Server
2025-01-27 16:56:05,954 [ERROR] ServerAccessManage:1089 - Problem, file not found on Server
2025-01-27 16:56:05,954 [ERROR] LogOutputStream:75 - [STDERR_REDIRECT] [Fatal Error] :1:1: Premature end of file.
2025-01-27 16:56:05,955 [ERROR] LogOutputStream:75 - [STDERR_REDIRECT] 
2025-01-27 16:56:06,128 [ERROR] ServerAccessManage:1089 - Problem, file not found on Server
2025-01-27 16:56:06,436 [INFO] ServerAccessManage:473 - Download File STMicroelectronics.X-CUBE-ISPU.pdsc
2025-01-27 16:56:06,956 [ERROR] LogOutputStream:75 - [STDERR_REDIRECT] [Fatal Error] :1:1: Premature end of file.
2025-01-27 16:56:06,956 [ERROR] LogOutputStream:75 - [STDERR_REDIRECT] 
2025-01-27 16:56:07,956 [ERROR] LogOutputStream:75 - [STDERR_REDIRECT] [Fatal Error] :1:1: Premature end of file.
2025-01-27 16:56:07,957 [ERROR] LogOutputStream:75 - [STDERR_REDIRECT] 
2025-01-27 16:56:08,001 [INFO] ServerAccessManage:473 - Download File STMicroelectronics.X-CUBE-IPS.pdsc
2025-01-27 16:56:08,073 [WARN] MainUpdater:1194 - Updater busy. Cannot search thirdparties
2025-01-27 16:56:08,073 [INFO] ThirdPartyUpdaterWithRetryManager:96 - Updater plugin is busy. [14/15]
2025-01-27 16:56:08,831 [INFO] ServerAccessManage:473 - Download File STMicroelectronics.X-CUBE-MEMS1.pdsc
2025-01-27 16:56:08,963 [ERROR] LogOutputStream:75 - [STDERR_REDIRECT] [Fatal Error] :1:1: Premature end of file.
2025-01-27 16:56:08,963 [ERROR] LogOutputStream:75 - [STDERR_REDIRECT] 
2025-01-27 16:56:09,956 [ERROR] LogOutputStream:75 - [STDERR_REDIRECT] [Fatal Error] :1:1: Premature end of file.
2025-01-27 16:56:09,956 [ERROR] LogOutputStream:75 - [STDERR_REDIRECT] 
2025-01-27 16:56:10,964 [ERROR] LogOutputStream:75 - [STDERR_REDIRECT] [Fatal Error] :1:1: Premature end of file.
2025-01-27 16:56:10,964 [ERROR] LogOutputStream:75 - [STDERR_REDIRECT] 
2025-01-27 16:56:11,074 [WARN] MainUpdater:1194 - Updater busy. Cannot search thirdparties
2025-01-27 16:56:11,074 [INFO] ThirdPartyUpdaterWithRetryManager:96 - Updater plugin is busy. [15/15]
2025-01-27 16:56:11,074 [ERROR] IntegrityCheckThread:130 - Cannot retrieve database content from updater: error -1
2025-01-27 16:56:11,074 [INFO] ThirdParty:978 - Integrity check success = false
2025-01-27 16:56:11,074 [INFO] IntegrityCheckThread:100 - exiting critical section [integrity check]
2025-01-27 16:56:11,074 [INFO] IntegrityCheckThread:103 - End integrity checks thread
2025-01-27 16:56:11,954 [ERROR] LogOutputStream:75 - [STDERR_REDIRECT] [Fatal Error] :1:1: Premature end of file.
2025-01-27 16:56:11,955 [ERROR] LogOutputStream:75 - [STDERR_REDIRECT] 
2025-01-27 16:56:12,955 [ERROR] LogOutputStream:75 - [STDERR_REDIRECT] [Fatal Error] :1:1: Premature end of file.
2025-01-27 16:56:12,955 [ERROR] LogOutputStream:75 - [STDERR_REDIRECT] 
2025-01-27 16:56:13,955 [ERROR] LogOutputStream:75 - [STDERR_REDIRECT] [Fatal Error] :1:1: Premature end of file.
2025-01-27 16:56:13,955 [ERROR] LogOutputStream:75 - [STDERR_REDIRECT] 
2025-01-27 16:56:14,954 [ERROR] LogOutputStream:75 - [STDERR_REDIRECT] [Fatal Error] :1:1: Premature end of file.
2025-01-27 16:56:14,954 [ERROR] LogOutputStream:75 - [STDERR_REDIRECT] 
2025-01-27 16:56:15,955 [ERROR] LogOutputStream:75 - [STDERR_REDIRECT] [Fatal Error] :1:1: Premature end of file.
2025-01-27 16:56:15,955 [ERROR] LogOutputStream:75 - [STDERR_REDIRECT] 
2025-01-27 16:56:16,956 [ERROR] LogOutputStream:75 - [STDERR_REDIRECT] [Fatal Error] :1:1: Premature end of file.
2025-01-27 16:56:16,956 [ERROR] LogOutputStream:75 - [STDERR_REDIRECT] 
2025-01-27 16:56:17,422 [INFO] ServerAccessManage:473 - Download File STMicroelectronics.X-CUBE-NFC4.pdsc
2025-01-27 16:56:17,956 [ERROR] LogOutputStream:75 - [STDERR_REDIRECT] [Fatal Error] :1:1: Premature end of file.
2025-01-27 16:56:17,956 [ERROR] LogOutputStream:75 - [STDERR_REDIRECT] 
2025-01-27 16:56:18,955 [ERROR] LogOutputStream:75 - [STDERR_REDIRECT] [Fatal Error] :1:1: Premature end of file.
2025-01-27 16:56:18,955 [ERROR] LogOutputStream:75 - [STDERR_REDIRECT] 
2025-01-27 16:56:19,956 [ERROR] LogOutputStream:75 - [STDERR_REDIRECT] [Fatal Error] :1:1: Premature end of file.
2025-01-27 16:56:19,956 [ERROR] LogOutputStream:75 - [STDERR_REDIRECT] 
2025-01-27 16:56:20,955 [ERROR] LogOutputStream:75 - [STDERR_REDIRECT] [Fatal Error] :1:1: Premature end of file.
2025-01-27 16:56:20,956 [ERROR] LogOutputStream:75 - [STDERR_REDIRECT] 
2025-01-27 16:56:21,933 [INFO] ServerAccessManage:473 - Download File STMicroelectronics.X-CUBE-NFC6.pdsc
2025-01-27 16:56:21,959 [ERROR] LogOutputStream:75 - [STDERR_REDIRECT] [Fatal Error] :1:1: Premature end of file.
2025-01-27 16:56:21,959 [ERROR] LogOutputStream:75 - [STDERR_REDIRECT] 
2025-01-27 16:56:22,932 [INFO] ServerAccessManage:473 - Download File STMicroelectronics.X-CUBE-NFC7.pdsc
2025-01-27 16:56:22,956 [ERROR] LogOutputStream:75 - [STDERR_REDIRECT] [Fatal Error] :1:1: Premature end of file.
2025-01-27 16:56:22,956 [ERROR] LogOutputStream:75 - [STDERR_REDIRECT] 
2025-01-27 16:56:23,955 [ERROR] LogOutputStream:75 - [STDERR_REDIRECT] [Fatal Error] :1:1: Premature end of file.
2025-01-27 16:56:23,955 [ERROR] LogOutputStream:75 - [STDERR_REDIRECT] 
2025-01-27 16:56:24,085 [INFO] ServerAccessManage:473 - Download File STMicroelectronics.X-CUBE-NFC9.pdsc
2025-01-27 16:56:24,737 [INFO] ServerAccessManage:473 - Download File STMicroelectronics.X-CUBE-NFC10.pdsc
2025-01-27 16:56:24,955 [ERROR] LogOutputStream:75 - [STDERR_REDIRECT] [Fatal Error] :1:1: Premature end of file.
2025-01-27 16:56:24,955 [ERROR] LogOutputStream:75 - [STDERR_REDIRECT] 
2025-01-27 16:56:25,439 [INFO] ServerAccessManage:473 - Download File STMicroelectronics.X-CUBE-SFXS2LP1.pdsc
2025-01-27 16:56:25,954 [ERROR] LogOutputStream:75 - [STDERR_REDIRECT] [Fatal Error] :1:1: Premature end of file.
2025-01-27 16:56:25,954 [ERROR] LogOutputStream:75 - [STDERR_REDIRECT] 
2025-01-27 16:56:26,978 [ERROR] LogOutputStream:75 - [STDERR_REDIRECT] [Fatal Error] :1:1: Premature end of file.
2025-01-27 16:56:26,979 [ERROR] LogOutputStream:75 - [STDERR_REDIRECT] 
2025-01-27 16:56:27,070 [INFO] ServerAccessManage:473 - Download File STMicroelectronics.X-CUBE-SAFEA1.pdsc
2025-01-27 16:56:27,795 [INFO] ServerAccessManage:473 - Download File STMicroelectronics.X-CUBE-SUBG2.pdsc
2025-01-27 16:56:27,957 [ERROR] LogOutputStream:75 - [STDERR_REDIRECT] [Fatal Error] :1:1: Premature end of file.
2025-01-27 16:56:27,957 [ERROR] LogOutputStream:75 - [STDERR_REDIRECT] 
2025-01-27 16:56:28,954 [ERROR] LogOutputStream:75 - [STDERR_REDIRECT] [Fatal Error] :1:1: Premature end of file.
2025-01-27 16:56:28,955 [ERROR] LogOutputStream:75 - [STDERR_REDIRECT] 
2025-01-27 16:56:29,965 [ERROR] LogOutputStream:75 - [STDERR_REDIRECT] [Fatal Error] :1:1: Premature end of file.
2025-01-27 16:56:29,965 [ERROR] LogOutputStream:75 - [STDERR_REDIRECT] 
2025-01-27 16:56:30,955 [ERROR] LogOutputStream:75 - [STDERR_REDIRECT] [Fatal Error] :1:1: Premature end of file.
2025-01-27 16:56:30,955 [ERROR] LogOutputStream:75 - [STDERR_REDIRECT] 
2025-01-27 16:56:31,795 [INFO] ServerAccessManage:473 - Download File STMicroelectronics.X-CUBE-SMBUS.pdsc
2025-01-27 16:56:31,956 [ERROR] LogOutputStream:75 - [STDERR_REDIRECT] [Fatal Error] :1:1: Premature end of file.
2025-01-27 16:56:31,956 [ERROR] LogOutputStream:75 - [STDERR_REDIRECT] 
2025-01-27 16:56:32,435 [ERROR] ServerAccessManage:1089 - Problem, file not found on Server
2025-01-27 16:56:32,758 [INFO] ServerAccessManage:473 - Download File STMicroelectronics.X-CUBE-TCPP.pdsc
2025-01-27 16:56:32,974 [ERROR] LogOutputStream:75 - [STDERR_REDIRECT] [Fatal Error] :1:1: Premature end of file.
2025-01-27 16:56:32,974 [ERROR] LogOutputStream:75 - [STDERR_REDIRECT] 
2025-01-27 16:56:33,852 [INFO] ServerAccessManage:473 - Download File STMicroelectronics.X-CUBE-TOF1.pdsc
2025-01-27 16:56:33,957 [ERROR] LogOutputStream:75 - [STDERR_REDIRECT] [Fatal Error] :1:1: Premature end of file.
2025-01-27 16:56:33,957 [ERROR] LogOutputStream:75 - [STDERR_REDIRECT] 
2025-01-27 16:56:34,959 [ERROR] LogOutputStream:75 - [STDERR_REDIRECT] [Fatal Error] :1:1: Premature end of file.
2025-01-27 16:56:34,959 [ERROR] LogOutputStream:75 - [STDERR_REDIRECT] 
2025-01-27 16:56:35,957 [ERROR] LogOutputStream:75 - [STDERR_REDIRECT] [Fatal Error] :1:1: Premature end of file.
2025-01-27 16:56:35,957 [ERROR] LogOutputStream:75 - [STDERR_REDIRECT] 
2025-01-27 16:56:36,958 [ERROR] LogOutputStream:75 - [STDERR_REDIRECT] [Fatal Error] :1:1: Premature end of file.
2025-01-27 16:56:36,958 [ERROR] LogOutputStream:75 - [STDERR_REDIRECT] 
2025-01-27 16:56:36,978 [ERROR] ServerAccessManage:1089 - Problem, file not found on Server
2025-01-27 16:56:37,671 [INFO] ServerAccessManage:473 - Download File STMicroelectronics.X-CUBE-TOUCHGFX.pdsc
2025-01-27 16:56:37,962 [ERROR] LogOutputStream:75 - [STDERR_REDIRECT] [Fatal Error] :1:1: Premature end of file.
2025-01-27 16:56:37,963 [ERROR] LogOutputStream:75 - [STDERR_REDIRECT] 
2025-01-27 16:56:38,960 [ERROR] LogOutputStream:75 - [STDERR_REDIRECT] [Fatal Error] :1:1: Premature end of file.
2025-01-27 16:56:38,960 [ERROR] LogOutputStream:75 - [STDERR_REDIRECT] 
2025-01-27 16:56:39,957 [ERROR] LogOutputStream:75 - [STDERR_REDIRECT] [Fatal Error] :1:1: Premature end of file.
2025-01-27 16:56:39,958 [ERROR] LogOutputStream:75 - [STDERR_REDIRECT] 
2025-01-27 16:56:40,957 [ERROR] LogOutputStream:75 - [STDERR_REDIRECT] [Fatal Error] :1:1: Premature end of file.
2025-01-27 16:56:40,958 [ERROR] LogOutputStream:75 - [STDERR_REDIRECT] 
2025-01-27 16:56:41,955 [ERROR] LogOutputStream:75 - [STDERR_REDIRECT] [Fatal Error] :1:1: Premature end of file.
2025-01-27 16:56:41,955 [ERROR] LogOutputStream:75 - [STDERR_REDIRECT] 
2025-01-27 16:56:42,956 [ERROR] LogOutputStream:75 - [STDERR_REDIRECT] [Fatal Error] :1:1: Premature end of file.
2025-01-27 16:56:42,956 [ERROR] LogOutputStream:75 - [STDERR_REDIRECT] 
2025-01-27 16:56:43,954 [ERROR] LogOutputStream:75 - [STDERR_REDIRECT] [Fatal Error] :1:1: Premature end of file.
2025-01-27 16:56:43,956 [ERROR] LogOutputStream:75 - [STDERR_REDIRECT] 
2025-01-27 16:56:44,977 [ERROR] LogOutputStream:75 - [STDERR_REDIRECT] [Fatal Error] :1:1: Premature end of file.
2025-01-27 16:56:44,977 [ERROR] LogOutputStream:75 - [STDERR_REDIRECT] 
2025-01-27 16:56:45,884 [INFO] ServerAccessManage:473 - Download File STMicroelectronics.X-CUBE-ALGOBUILD.pdsc
2025-01-27 16:56:45,957 [ERROR] LogOutputStream:75 - [STDERR_REDIRECT] [Fatal Error] :1:1: Premature end of file.
2025-01-27 16:56:45,957 [ERROR] LogOutputStream:75 - [STDERR_REDIRECT] 
2025-01-27 16:56:46,956 [ERROR] LogOutputStream:75 - [STDERR_REDIRECT] [Fatal Error] :1:1: Premature end of file.
2025-01-27 16:56:46,956 [ERROR] LogOutputStream:75 - [STDERR_REDIRECT] 
2025-01-27 16:56:47,959 [ERROR] LogOutputStream:75 - [STDERR_REDIRECT] [Fatal Error] :1:1: Premature end of file.
2025-01-27 16:56:47,961 [ERROR] LogOutputStream:75 - [STDERR_REDIRECT] 
2025-01-27 16:56:48,144 [INFO] ServerAccessManage:473 - Download File STMicroelectronics.X-CUBE-AZRTOS-H7.pdsc
2025-01-27 16:56:48,965 [ERROR] LogOutputStream:75 - [STDERR_REDIRECT] [Fatal Error] :1:1: Premature end of file.
2025-01-27 16:56:48,966 [ERROR] LogOutputStream:75 - [STDERR_REDIRECT] 
2025-01-27 16:56:49,985 [ERROR] LogOutputStream:75 - [STDERR_REDIRECT] [Fatal Error] :1:1: Premature end of file.
2025-01-27 16:56:49,985 [ERROR] LogOutputStream:75 - [STDERR_REDIRECT] 
2025-01-27 16:56:50,966 [ERROR] LogOutputStream:75 - [STDERR_REDIRECT] [Fatal Error] :1:1: Premature end of file.
2025-01-27 16:56:50,966 [ERROR] LogOutputStream:75 - [STDERR_REDIRECT] 
2025-01-27 16:56:51,249 [INFO] ServerAccessManage:473 - Download File STMicroelectronics.X-CUBE-AZRTOS-H7RS.pdsc
2025-01-27 16:56:51,890 [INFO] ServerAccessManage:473 - Download File STMicroelectronics.X-CUBE-AZRTOS-F4.pdsc
2025-01-27 16:56:51,957 [ERROR] LogOutputStream:75 - [STDERR_REDIRECT] [Fatal Error] :1:1: Premature end of file.
2025-01-27 16:56:51,957 [ERROR] LogOutputStream:75 - [STDERR_REDIRECT] 
2025-01-27 16:56:52,917 [INFO] ServerAccessManage:473 - Download File STMicroelectronics.X-CUBE-AZRTOS-F7.pdsc
2025-01-27 16:56:52,955 [ERROR] LogOutputStream:75 - [STDERR_REDIRECT] [Fatal Error] :1:1: Premature end of file.
2025-01-27 16:56:52,956 [ERROR] LogOutputStream:75 - [STDERR_REDIRECT] 
2025-01-27 16:56:53,964 [ERROR] LogOutputStream:75 - [STDERR_REDIRECT] [Fatal Error] :1:1: Premature end of file.
2025-01-27 16:56:53,964 [ERROR] LogOutputStream:75 - [STDERR_REDIRECT] 
2025-01-27 16:56:54,061 [INFO] ServerAccessManage:473 - Download File STMicroelectronics.X-CUBE-AZRTOS-L4.pdsc
2025-01-27 16:56:54,963 [ERROR] LogOutputStream:75 - [STDERR_REDIRECT] [Fatal Error] :1:1: Premature end of file.
2025-01-27 16:56:54,964 [ERROR] LogOutputStream:75 - [STDERR_REDIRECT] 
2025-01-27 16:56:55,191 [INFO] ServerAccessManage:473 - Download File STMicroelectronics.X-CUBE-AZRTOS-L5.pdsc
2025-01-27 16:56:55,964 [ERROR] LogOutputStream:75 - [STDERR_REDIRECT] [Fatal Error] :1:1: Premature end of file.
2025-01-27 16:56:55,964 [ERROR] LogOutputStream:75 - [STDERR_REDIRECT] 
2025-01-27 16:56:56,585 [INFO] ServerAccessManage:473 - Download File STMicroelectronics.X-CUBE-AZRTOS-G0.pdsc
2025-01-27 16:56:56,955 [ERROR] LogOutputStream:75 - [STDERR_REDIRECT] [Fatal Error] :1:1: Premature end of file.
2025-01-27 16:56:56,955 [ERROR] LogOutputStream:75 - [STDERR_REDIRECT] 
2025-01-27 16:56:57,454 [INFO] ServerAccessManage:473 - Download File STMicroelectronics.X-CUBE-AZRTOS-G4.pdsc
2025-01-27 16:56:57,955 [ERROR] LogOutputStream:75 - [STDERR_REDIRECT] [Fatal Error] :1:1: Premature end of file.
2025-01-27 16:56:57,955 [ERROR] LogOutputStream:75 - [STDERR_REDIRECT] 
2025-01-27 16:56:58,421 [INFO] ServerAccessManage:473 - Download File STMicroelectronics.X-CUBE-AZRTOS-WB.pdsc
2025-01-27 16:56:58,965 [ERROR] LogOutputStream:75 - [STDERR_REDIRECT] [Fatal Error] :1:1: Premature end of file.
2025-01-27 16:56:58,965 [ERROR] LogOutputStream:75 - [STDERR_REDIRECT] 
2025-01-27 16:56:59,517 [INFO] ServerAccessManage:473 - Download File STMicroelectronics.X-CUBE-AZRTOS-WL.pdsc
2025-01-27 16:56:59,956 [ERROR] LogOutputStream:75 - [STDERR_REDIRECT] [Fatal Error] :1:1: Premature end of file.
2025-01-27 16:56:59,956 [ERROR] LogOutputStream:75 - [STDERR_REDIRECT] 
2025-01-27 16:57:00,354 [INFO] ServerAccessManage:473 - Download File STMicroelectronics.X-CUBE-WB05N.pdsc
2025-01-27 16:57:00,906 [ERROR] ServerAccessManage:1172 - Problem during Server Connection :  IO error PKIX path building failed: sun.security.provider.certpath.SunCertPathBuilderException: unable to find valid certification path to requested target
2025-01-27 16:57:00,906 [ERROR] ServerAccessManage:651 - Problem during Server Connection :  : wolfSSL.I-CUBE-wolfSSL.pdsc.
2025-01-27 16:57:00,955 [ERROR] LogOutputStream:75 - [STDERR_REDIRECT] [Fatal Error] :1:1: Premature end of file.
2025-01-27 16:57:00,956 [ERROR] LogOutputStream:75 - [STDERR_REDIRECT] 
2025-01-27 16:57:00,965 [ERROR] ServerAccessManage:1172 - Problem during Server Connection :  IO error PKIX path building failed: sun.security.provider.certpath.SunCertPathBuilderException: unable to find valid certification path to requested target
2025-01-27 16:57:00,965 [ERROR] ServerAccessManage:651 - Problem during Server Connection :  : wolfSSL.I-CUBE-wolfMQTT.pdsc.
2025-01-27 16:57:01,050 [ERROR] ServerAccessManage:1172 - Problem during Server Connection :  IO error PKIX path building failed: sun.security.provider.certpath.SunCertPathBuilderException: unable to find valid certification path to requested target
2025-01-27 16:57:01,051 [ERROR] ServerAccessManage:651 - Problem during Server Connection :  : wolfSSL.I-CUBE-wolfTPM.pdsc.
2025-01-27 16:57:01,111 [ERROR] ServerAccessManage:1172 - Problem during Server Connection :  IO error PKIX path building failed: sun.security.provider.certpath.SunCertPathBuilderException: unable to find valid certification path to requested target
2025-01-27 16:57:01,111 [ERROR] ServerAccessManage:651 - Problem during Server Connection :  : wolfSSL.I-CUBE-wolfSSH.pdsc.
2025-01-27 16:57:01,765 [INFO] ServerAccessManage:473 - Download File RealThread.X-CUBE-RT-Thread_Nano.pdsc
2025-01-27 16:57:01,956 [ERROR] LogOutputStream:75 - [STDERR_REDIRECT] [Fatal Error] :1:1: Premature end of file.
2025-01-27 16:57:01,956 [ERROR] LogOutputStream:75 - [STDERR_REDIRECT] 
2025-01-27 16:57:02,955 [ERROR] LogOutputStream:75 - [STDERR_REDIRECT] [Fatal Error] :1:1: Premature end of file.
2025-01-27 16:57:02,955 [ERROR] LogOutputStream:75 - [STDERR_REDIRECT] 
2025-01-27 16:57:03,510 [INFO] ServerAccessManage:473 - Download File SEGGER.I-CUBE-embOS.pdsc
2025-01-27 16:57:03,957 [ERROR] LogOutputStream:75 - [STDERR_REDIRECT] [Fatal Error] :1:1: Premature end of file.
2025-01-27 16:57:03,957 [ERROR] LogOutputStream:75 - [STDERR_REDIRECT] 
2025-01-27 16:57:04,270 [INFO] ServerAccessManage:473 - Download File portGmbH.I-Cube-SoM-uGOAL.pdsc
2025-01-27 16:57:04,639 [ERROR] ServerAccessManage:1089 - Problem, file not found on Server
2025-01-27 16:57:04,679 [ERROR] ServerAccessManage:1089 - Problem, file not found on Server
2025-01-27 16:57:04,718 [ERROR] ServerAccessManage:1089 - Problem, file not found on Server
2025-01-27 16:57:04,955 [ERROR] LogOutputStream:75 - [STDERR_REDIRECT] [Fatal Error] :1:1: Premature end of file.
2025-01-27 16:57:04,956 [ERROR] LogOutputStream:75 - [STDERR_REDIRECT] 
2025-01-27 16:57:05,073 [INFO] ServerAccessManage:473 - Download File emotas.I-CUBE-CANOPEN.pdsc
2025-01-27 16:57:05,956 [ERROR] LogOutputStream:75 - [STDERR_REDIRECT] [Fatal Error] :1:1: Premature end of file.
2025-01-27 16:57:05,956 [ERROR] LogOutputStream:75 - [STDERR_REDIRECT] 
2025-01-27 16:57:06,163 [INFO] ServerAccessManage:473 - Download File WES.I-CUBE-Cesium.pdsc
2025-01-27 16:57:06,755 [ERROR] ServerAccessManage:1089 - Problem, file not found on Server
2025-01-27 16:57:06,963 [ERROR] LogOutputStream:75 - [STDERR_REDIRECT] [Fatal Error] :1:1: Premature end of file.
2025-01-27 16:57:06,963 [ERROR] LogOutputStream:75 - [STDERR_REDIRECT] 
2025-01-27 16:57:07,021 [ERROR] ServerAccessManage:1089 - Problem, file not found on Server
2025-01-27 16:57:07,851 [INFO] ServerAccessManage:473 - Download File ITTIA_DB.I-CUBE-ITTIADB.pdsc
2025-01-27 16:57:07,961 [ERROR] LogOutputStream:75 - [STDERR_REDIRECT] [Fatal Error] :1:1: Premature end of file.
2025-01-27 16:57:07,961 [ERROR] LogOutputStream:75 - [STDERR_REDIRECT] 
2025-01-27 16:57:08,955 [ERROR] LogOutputStream:75 - [STDERR_REDIRECT] [Fatal Error] :1:1: Premature end of file.
2025-01-27 16:57:08,956 [ERROR] LogOutputStream:75 - [STDERR_REDIRECT] 
2025-01-27 16:57:09,963 [ERROR] LogOutputStream:75 - [STDERR_REDIRECT] [Fatal Error] :1:1: Premature end of file.
2025-01-27 16:57:09,963 [ERROR] LogOutputStream:75 - [STDERR_REDIRECT] 
2025-01-27 16:57:10,969 [ERROR] LogOutputStream:75 - [STDERR_REDIRECT] [Fatal Error] :1:1: Premature end of file.
2025-01-27 16:57:10,969 [ERROR] LogOutputStream:75 - [STDERR_REDIRECT] 
2025-01-27 16:57:11,777 [INFO] ServerAccessManage:473 - Download File Infineon.AIROC-Wi-Fi-Bluetooth-STM32.pdsc
2025-01-27 16:57:11,956 [ERROR] LogOutputStream:75 - [STDERR_REDIRECT] [Fatal Error] :1:1: Premature end of file.
2025-01-27 16:57:11,956 [ERROR] LogOutputStream:75 - [STDERR_REDIRECT] 
2025-01-27 16:57:12,956 [ERROR] LogOutputStream:75 - [STDERR_REDIRECT] [Fatal Error] :1:1: Premature end of file.
2025-01-27 16:57:12,956 [ERROR] LogOutputStream:75 - [STDERR_REDIRECT] 
2025-01-27 16:57:13,964 [ERROR] LogOutputStream:75 - [STDERR_REDIRECT] [Fatal Error] :1:1: Premature end of file.
2025-01-27 16:57:13,964 [ERROR] LogOutputStream:75 - [STDERR_REDIRECT] 
2025-01-27 16:57:14,955 [ERROR] LogOutputStream:75 - [STDERR_REDIRECT] [Fatal Error] :1:1: Premature end of file.
2025-01-27 16:57:14,955 [ERROR] LogOutputStream:75 - [STDERR_REDIRECT] 
2025-01-27 16:57:15,955 [ERROR] LogOutputStream:75 - [STDERR_REDIRECT] [Fatal Error] :1:1: Premature end of file.
2025-01-27 16:57:15,955 [ERROR] LogOutputStream:75 - [STDERR_REDIRECT] 
2025-01-27 16:57:16,360 [INFO] ServerAccessManage:473 - Download File Cesanta.I-CUBE-Mongoose.pdsc
2025-01-27 16:57:16,966 [ERROR] LogOutputStream:75 - [STDERR_REDIRECT] [Fatal Error] :1:1: Premature end of file.
2025-01-27 16:57:16,966 [ERROR] LogOutputStream:75 - [STDERR_REDIRECT] 
2025-01-27 16:57:17,785 [INFO] ServerAccessManage:473 - Download File EmbeddedOffice.I-CUBE-FS-RTOS.pdsc
2025-01-27 16:57:17,954 [ERROR] LogOutputStream:75 - [STDERR_REDIRECT] [Fatal Error] :1:1: Premature end of file.
2025-01-27 16:57:17,954 [ERROR] LogOutputStream:75 - [STDERR_REDIRECT] 
2025-01-27 16:57:18,550 [INFO] ServerAccessManage:473 - Download File quantropi.X-CUBE-qispace-sdk-base.pdsc
2025-01-27 16:57:18,768 [WARN] PackLoader:240 - Cannot read IP mode file for STMicroelectronics.FP-ATR-ASTRA1.2.0.1
2025-01-27 16:57:18,774 [WARN] PackLoader:240 - Cannot read IP mode file for STMicroelectronics.FP-ATR-SIGFOX1.3.2.0
2025-01-27 16:57:18,779 [WARN] PackLoader:240 - Cannot read IP mode file for STMicroelectronics.FP-SNS-STBOX1.2.0.0
2025-01-27 16:57:18,789 [WARN] PackLoader:240 - Cannot read IP mode file for STMicroelectronics.FP-SNS-FLIGHT1.5.0.2
2025-01-27 16:57:18,793 [WARN] PackLoader:240 - Cannot read IP mode file for STMicroelectronics.FP-SNS-MOTENV1.5.0.0
2025-01-27 16:57:18,798 [WARN] PackLoader:240 - Cannot read IP mode file for STMicroelectronics.FP-SNS-MOTENVWB1.1.4.0
2025-01-27 16:57:18,799 [WARN] CheckServerUpdateThread:151 - Open CheckUpdateFile Fail
2025-01-27 16:57:18,803 [WARN] PackLoader:240 - Cannot read IP mode file for STMicroelectronics.FP-SNS-SMARTAG2.1.2.0
2025-01-27 16:57:18,807 [WARN] PackLoader:240 - Cannot read IP mode file for STMicroelectronics.X-CUBE-AI.10.0.0
2025-01-27 16:57:18,811 [WARN] PackLoader:240 - Cannot read IP mode file for STMicroelectronics.X-CUBE-ALS.1.0.2
2025-01-27 16:57:18,819 [WARN] PackLoader:240 - Cannot read IP mode file for STMicroelectronics.X-CUBE-BLE1.7.0.0
2025-01-27 16:57:18,823 [WARN] PackLoader:240 - Cannot read IP mode file for STMicroelectronics.X-CUBE-BLE2.3.3.0
2025-01-27 16:57:18,830 [WARN] PackLoader:240 - Cannot read IP mode file for STMicroelectronics.X-CUBE-BLEMGR.4.0.0
2025-01-27 16:57:18,843 [WARN] PackLoader:240 - Cannot read IP mode file for STMicroelectronics.X-CUBE-DISPLAY.3.0.0
2025-01-27 16:57:18,851 [WARN] PackLoader:240 - Cannot read IP mode file for STMicroelectronics.X-CUBE-DPower.1.2.0
2025-01-27 16:57:18,858 [WARN] PackLoader:240 - Cannot read IP mode file for STMicroelectronics.X-CUBE-EEPRMA1.5.1.0
2025-01-27 16:57:18,863 [WARN] PackLoader:240 - Cannot read IP mode file for STMicroelectronics.X-CUBE-FREERTOS.1.3.0
2025-01-27 16:57:18,867 [WARN] PackLoader:240 - Cannot read IP mode file for STMicroelectronics.X-CUBE-GNSS1.7.0.1
2025-01-27 16:57:18,871 [WARN] PackLoader:240 - Cannot read IP mode file for STMicroelectronics.X-CUBE-ISPU.2.1.0
2025-01-27 16:57:18,875 [WARN] PopulateThirdPartyThread:106 - Error when creating pack: C:/Users/galat/.stm32cubemx/thirdparties/pdsc/STMicroelectronics.X-CUBE-IPS.pdsc
2025-01-27 16:57:18,912 [WARN] PackLoader:240 - Cannot read IP mode file for STMicroelectronics.X-CUBE-MEMS1.11.1.0
2025-01-27 16:57:18,922 [INFO] CheckServerUpdateThread:120 - End of CheckServer Thread
2025-01-27 16:57:18,963 [ERROR] LogOutputStream:75 - [STDERR_REDIRECT] [Fatal Error] :1:1: Premature end of file.
2025-01-27 16:57:18,963 [ERROR] LogOutputStream:75 - [STDERR_REDIRECT] 
2025-01-27 16:57:19,014 [WARN] PackLoader:240 - Cannot read IP mode file for STMicroelectronics.X-CUBE-NFC4.3.0.0
2025-01-27 16:57:19,021 [WARN] PackLoader:240 - Cannot read IP mode file for STMicroelectronics.X-CUBE-NFC6.3.1.0
2025-01-27 16:57:19,025 [WARN] PackLoader:240 - Cannot read IP mode file for STMicroelectronics.X-CUBE-NFC7.1.0.1
2025-01-27 16:57:19,031 [WARN] PackLoader:240 - Cannot read IP mode file for STMicroelectronics.X-CUBE-NFC9.1.0.0
2025-01-27 16:57:19,037 [WARN] PackLoader:240 - Cannot read IP mode file for STMicroelectronics.X-CUBE-NFC10.1.0.0
2025-01-27 16:57:19,043 [WARN] PackLoader:240 - Cannot read IP mode file for STMicroelectronics.X-CUBE-SFXS2LP1.4.0.0
2025-01-27 16:57:19,049 [WARN] PackLoader:240 - Cannot read IP mode file for STMicroelectronics.X-CUBE-SAFEA1.1.2.2
2025-01-27 16:57:19,057 [WARN] PackLoader:240 - Cannot read IP mode file for STMicroelectronics.X-CUBE-SUBG2.5.0.0
2025-01-27 16:57:19,064 [WARN] PackLoader:240 - Cannot read IP mode file for STMicroelectronics.X-CUBE-SMBUS.2.1.0
2025-01-27 16:57:19,066 [WARN] PopulateThirdPartyThread:106 - Error when creating pack: C:/Users/galat/.stm32cubemx/thirdparties/pdsc/STMicroelectronics.X-CUBE-TCPP.pdsc
2025-01-27 16:57:19,073 [WARN] PackLoader:240 - Cannot read IP mode file for STMicroelectronics.X-CUBE-TOF1.3.4.2
2025-01-27 16:57:19,085 [WARN] PackLoader:240 - Cannot read IP mode file for STMicroelectronics.X-CUBE-TOUCHGFX.4.24.2
2025-01-27 16:57:19,091 [WARN] PackLoader:240 - Cannot read IP mode file for STMicroelectronics.X-CUBE-ALGOBUILD.1.4.0
2025-01-27 16:57:19,105 [WARN] PackLoader:240 - Cannot read IP mode file for STMicroelectronics.X-CUBE-AZRTOS-H7.3.3.0
2025-01-27 16:57:19,119 [WARN] PackLoader:240 - Cannot read IP mode file for STMicroelectronics.X-CUBE-AZRTOS-H7RS.1.0.0
2025-01-27 16:57:19,133 [WARN] PackLoader:240 - Cannot read IP mode file for STMicroelectronics.X-CUBE-AZRTOS-F4.1.1.0
2025-01-27 16:57:19,151 [WARN] PackLoader:240 - Cannot read IP mode file for STMicroelectronics.X-CUBE-AZRTOS-F7.1.1.0
2025-01-27 16:57:19,165 [WARN] ConditionMgr:438 - getConditionDescription Invalid condition id : LAN8742 Phy interface Condition cause : null
2025-01-27 16:57:19,165 [WARN] PackLoader:240 - Cannot read IP mode file for STMicroelectronics.X-CUBE-AZRTOS-L4.2.0.0
2025-01-27 16:57:19,167 [WARN] ConditionMgr:1039 - genDependencies : Invalid condition id : LAN8742 Phy interface Condition cause : null
2025-01-27 16:57:19,167 [WARN] ConditionMgr:1039 - genDependencies : Invalid condition id : LAN8742 Phy interface Condition cause : null
2025-01-27 16:57:19,168 [WARN] ConditionMgr:1039 - genDependencies : Invalid condition id : LAN8742 Phy interface Condition cause : null
2025-01-27 16:57:19,177 [WARN] PackLoader:240 - Cannot read IP mode file for STMicroelectronics.X-CUBE-AZRTOS-L5.2.0.0
2025-01-27 16:57:19,189 [WARN] PackLoader:240 - Cannot read IP mode file for STMicroelectronics.X-CUBE-AZRTOS-G0.1.1.0
2025-01-27 16:57:19,200 [WARN] PackLoader:240 - Cannot read IP mode file for STMicroelectronics.X-CUBE-AZRTOS-G4.2.0.0
2025-01-27 16:57:19,215 [WARN] ConditionMgr:438 - getConditionDescription Invalid condition id : UX DEVICE CLASS RTOS Condition cause : null
2025-01-27 16:57:19,215 [WARN] ConditionMgr:438 - getConditionDescription Invalid condition id : UX DEVICE CLASS RTOS Condition cause : null
2025-01-27 16:57:19,217 [WARN] PackLoader:240 - Cannot read IP mode file for STMicroelectronics.X-CUBE-AZRTOS-WB.2.0.0
2025-01-27 16:57:19,218 [WARN] ConditionMgr:1039 - genDependencies : Invalid condition id : UX DEVICE CLASS RTOS Condition cause : null
2025-01-27 16:57:19,218 [WARN] ConditionMgr:1039 - genDependencies : Invalid condition id : UX DEVICE CLASS RTOS Condition cause : null
2025-01-27 16:57:19,218 [WARN] ConditionMgr:1039 - genDependencies : Invalid condition id : UX DEVICE CLASS RTOS Condition cause : null
2025-01-27 16:57:19,218 [WARN] ConditionMgr:1039 - genDependencies : Invalid condition id : UX DEVICE CLASS RTOS Condition cause : null
2025-01-27 16:57:19,218 [WARN] ConditionMgr:1039 - genDependencies : Invalid condition id : UX DEVICE CLASS RTOS Condition cause : null
2025-01-27 16:57:19,225 [INFO] LogOutputStream:77 - [STDOUT_REDIRECT] 1 : Invalid condition id : UX_CORESTACK_Condition cause : null
2025-01-27 16:57:19,225 [INFO] LogOutputStream:77 - [STDOUT_REDIRECT] 1 : Invalid condition id : UX_CORESTACK_Condition cause : null
2025-01-27 16:57:19,226 [INFO] LogOutputStream:77 - [STDOUT_REDIRECT] 1 : Invalid condition id : UX_CORESTACK_Condition cause : null
2025-01-27 16:57:19,227 [INFO] LogOutputStream:77 - [STDOUT_REDIRECT] 1 : Invalid condition id : UX_CORESTACK_Condition cause : null
2025-01-27 16:57:19,228 [INFO] LogOutputStream:77 - [STDOUT_REDIRECT] 1 : Invalid condition id : UX_CORESTACK_Condition cause : null
2025-01-27 16:57:19,229 [WARN] PackLoader:240 - Cannot read IP mode file for STMicroelectronics.X-CUBE-AZRTOS-WL.2.0.0
2025-01-27 16:57:19,235 [WARN] PackLoader:240 - Cannot read IP mode file for STMicroelectronics.X-CUBE-WB05N.1.1.0
2025-01-27 16:57:19,240 [WARN] PackLoader:240 - Cannot read IP mode file for RealThread.X-CUBE-RT-Thread_Nano.4.1.1
2025-01-27 16:57:19,259 [WARN] PackLoader:240 - Cannot read IP mode file for SEGGER.I-CUBE-embOS.1.3.1
2025-01-27 16:57:19,293 [WARN] PackLoader:240 - Cannot read IP mode file for portGmbH.I-Cube-SoM-uGOAL.1.1.0
2025-01-27 16:57:19,299 [WARN] PackLoader:240 - Cannot read IP mode file for emotas.I-CUBE-CANOPEN.1.3.0
2025-01-27 16:57:19,303 [WARN] PackLoader:240 - Cannot read IP mode file for WES.I-CUBE-Cesium.1.3.0
2025-01-27 16:57:19,307 [WARN] PackLoader:240 - Cannot read IP mode file for ITTIA_DB.I-CUBE-ITTIADB.8.9.0
2025-01-27 16:57:19,319 [WARN] PackLoader:240 - Cannot read IP mode file for Infineon.AIROC-Wi-Fi-Bluetooth-STM32.1.7.0
2025-01-27 16:57:19,325 [WARN] PackLoader:240 - Cannot read IP mode file for Cesanta.I-CUBE-Mongoose.7.13.0
2025-01-27 16:57:19,329 [WARN] PackLoader:240 - Cannot read IP mode file for EmbeddedOffice.I-CUBE-FS-RTOS.1.0.1
2025-01-27 16:57:19,330 [ERROR] ConditionMgr:805 - Attr not supported : Dmpu
2025-01-27 16:57:19,330 [ERROR] ConditionMgr:805 - Attr not supported : Dmpu
2025-01-27 16:57:19,330 [ERROR] ConditionMgr:805 - Attr not supported : Dmpu
2025-01-27 16:57:19,330 [ERROR] ConditionMgr:805 - Attr not supported : Dmpu
2025-01-27 16:57:19,330 [ERROR] ConditionMgr:805 - Attr not supported : Dmpu
2025-01-27 16:57:19,330 [ERROR] ConditionMgr:805 - Attr not supported : Dmpu
2025-01-27 16:57:19,330 [ERROR] ConditionMgr:805 - Attr not supported : Dmpu
2025-01-27 16:57:19,330 [ERROR] ConditionMgr:805 - Attr not supported : Dmpu
2025-01-27 16:57:19,330 [ERROR] ConditionMgr:805 - Attr not supported : Dmpu
2025-01-27 16:57:19,330 [ERROR] ConditionMgr:805 - Attr not supported : Dmpu
2025-01-27 16:57:19,330 [ERROR] ConditionMgr:805 - Attr not supported : Dmpu
2025-01-27 16:57:19,330 [ERROR] ConditionMgr:805 - Attr not supported : Dmpu
2025-01-27 16:57:19,330 [ERROR] ConditionMgr:805 - Attr not supported : Dmpu
2025-01-27 16:57:19,330 [ERROR] ConditionMgr:805 - Attr not supported : Dmpu
2025-01-27 16:57:19,330 [ERROR] ConditionMgr:805 - Attr not supported : Dmpu
2025-01-27 16:57:19,330 [ERROR] ConditionMgr:805 - Attr not supported : Dmpu
2025-01-27 16:57:19,330 [ERROR] ConditionMgr:805 - Attr not supported : Dmpu
2025-01-27 16:57:19,330 [ERROR] ConditionMgr:805 - Attr not supported : Dmpu
2025-01-27 16:57:19,330 [ERROR] ConditionMgr:805 - Attr not supported : Dmpu
2025-01-27 16:57:19,330 [ERROR] ConditionMgr:805 - Attr not supported : Dmpu
2025-01-27 16:57:19,330 [ERROR] ConditionMgr:805 - Attr not supported : Dmpu
2025-01-27 16:57:19,330 [ERROR] ConditionMgr:805 - Attr not supported : Dmpu
2025-01-27 16:57:19,331 [ERROR] ConditionMgr:805 - Attr not supported : Dmpu
2025-01-27 16:57:19,331 [ERROR] ConditionMgr:805 - Attr not supported : Dmpu
2025-01-27 16:57:19,331 [ERROR] ConditionMgr:805 - Attr not supported : Dmpu
2025-01-27 16:57:19,331 [ERROR] ConditionMgr:805 - Attr not supported : Dmpu
2025-01-27 16:57:19,331 [ERROR] ConditionMgr:805 - Attr not supported : Dmpu
2025-01-27 16:57:19,331 [ERROR] ConditionMgr:805 - Attr not supported : Dmpu
2025-01-27 16:57:19,331 [ERROR] ConditionMgr:805 - Attr not supported : Dmpu
2025-01-27 16:57:19,331 [ERROR] ConditionMgr:805 - Attr not supported : Dmpu
2025-01-27 16:57:19,331 [ERROR] ConditionMgr:805 - Attr not supported : Dmpu
2025-01-27 16:57:19,331 [ERROR] ConditionMgr:805 - Attr not supported : Dmpu
2025-01-27 16:57:19,331 [ERROR] ConditionMgr:805 - Attr not supported : Dmpu
2025-01-27 16:57:19,331 [ERROR] ConditionMgr:805 - Attr not supported : Dmpu
2025-01-27 16:57:19,331 [ERROR] ConditionMgr:805 - Attr not supported : Dmpu
2025-01-27 16:57:19,331 [ERROR] ConditionMgr:805 - Attr not supported : Dmpu
2025-01-27 16:57:19,331 [ERROR] ConditionMgr:805 - Attr not supported : Dmpu
2025-01-27 16:57:19,331 [ERROR] ConditionMgr:805 - Attr not supported : Dmpu
2025-01-27 16:57:19,331 [ERROR] ConditionMgr:805 - Attr not supported : Dmpu
2025-01-27 16:57:19,331 [ERROR] ConditionMgr:805 - Attr not supported : Dmpu
2025-01-27 16:57:19,331 [ERROR] ConditionMgr:805 - Attr not supported : Dmpu
2025-01-27 16:57:19,331 [ERROR] ConditionMgr:805 - Attr not supported : Dmpu
2025-01-27 16:57:19,331 [ERROR] ConditionMgr:805 - Attr not supported : Dmpu
2025-01-27 16:57:19,331 [ERROR] ConditionMgr:805 - Attr not supported : Dmpu
2025-01-27 16:57:19,331 [ERROR] ConditionMgr:805 - Attr not supported : Dmpu
2025-01-27 16:57:19,331 [ERROR] ConditionMgr:805 - Attr not supported : Dmpu
2025-01-27 16:57:19,331 [ERROR] ConditionMgr:805 - Attr not supported : Dmpu
2025-01-27 16:57:19,331 [ERROR] ConditionMgr:805 - Attr not supported : Dmpu
2025-01-27 16:57:19,331 [ERROR] ConditionMgr:805 - Attr not supported : Dmpu
2025-01-27 16:57:19,331 [ERROR] ConditionMgr:805 - Attr not supported : Dmpu
2025-01-27 16:57:19,331 [ERROR] ConditionMgr:805 - Attr not supported : Dmpu
2025-01-27 16:57:19,331 [ERROR] ConditionMgr:805 - Attr not supported : Dmpu
2025-01-27 16:57:19,331 [ERROR] ConditionMgr:805 - Attr not supported : Dmpu
2025-01-27 16:57:19,331 [ERROR] ConditionMgr:805 - Attr not supported : Dmpu
2025-01-27 16:57:19,331 [ERROR] ConditionMgr:805 - Attr not supported : Dmpu
2025-01-27 16:57:19,331 [ERROR] ConditionMgr:805 - Attr not supported : Dmpu
2025-01-27 16:57:19,331 [ERROR] ConditionMgr:805 - Attr not supported : Dmpu
2025-01-27 16:57:19,331 [ERROR] ConditionMgr:805 - Attr not supported : Dmpu
2025-01-27 16:57:19,331 [ERROR] ConditionMgr:805 - Attr not supported : Dmpu
2025-01-27 16:57:19,331 [ERROR] ConditionMgr:805 - Attr not supported : Dmpu
2025-01-27 16:57:19,331 [ERROR] ConditionMgr:805 - Attr not supported : Dmpu
2025-01-27 16:57:19,331 [ERROR] ConditionMgr:805 - Attr not supported : Dmpu
2025-01-27 16:57:19,331 [ERROR] ConditionMgr:805 - Attr not supported : Dmpu
2025-01-27 16:57:19,333 [ERROR] ConditionMgr:805 - Attr not supported : Dmpu
2025-01-27 16:57:19,336 [WARN] ConditionMgr:438 - getConditionDescription Invalid condition id : Cortex-A Device cause : null
2025-01-27 16:57:19,359 [WARN] ConditionMgr:1039 - genDependencies : Invalid condition id : Cortex-A Device cause : null
2025-01-27 16:57:19,359 [WARN] ConditionMgr:1039 - genDependencies : Invalid condition id : Cortex-A Device cause : null
2025-01-27 16:57:19,359 [WARN] ConditionMgr:1039 - genDependencies : Invalid condition id : Cortex-A Device cause : null
2025-01-27 16:57:19,359 [INFO] PopulateThirdPartyThread:66 - Ending populate Thread
2025-01-27 16:57:19,361 [INFO] ThirdParty:1030 - CMSIS Pack Vendor :STMicroelectronics X-CUBE-AZRTOS-H7 3.3.0
2025-01-27 16:57:19,361 [INFO] ThirdParty:1030 - CMSIS Pack Vendor :STMicroelectronics X-CUBE-NFC9 1.0.0
2025-01-27 16:57:19,361 [INFO] ThirdParty:1030 - CMSIS Pack Vendor :STMicroelectronics FP-SNS-MOTENVWB1 1.4.0
2025-01-27 16:57:19,361 [INFO] ThirdParty:1030 - CMSIS Pack Vendor :STMicroelectronics X-CUBE-AZRTOS-F4 1.1.0
2025-01-27 16:57:19,361 [INFO] ThirdParty:1030 - CMSIS Pack Vendor :STMicroelectronics FP-ATR-ASTRA1 2.0.1
2025-01-27 16:57:19,361 [INFO] ThirdParty:1030 - CMSIS Pack Vendor :STMicroelectronics X-CUBE-SMBUS 2.1.0
2025-01-27 16:57:19,361 [INFO] ThirdParty:1030 - CMSIS Pack Vendor :STMicroelectronics X-CUBE-WB05N 1.1.0
2025-01-27 16:57:19,361 [INFO] ThirdParty:1030 - CMSIS Pack Vendor :STMicroelectronics X-CUBE-ISPU 2.1.0
2025-01-27 16:57:19,361 [INFO] ThirdParty:1030 - CMSIS Pack Vendor :STMicroelectronics X-CUBE-AZRTOS-WB 2.0.0
2025-01-27 16:57:19,361 [INFO] ThirdParty:1030 - CMSIS Pack Vendor :STMicroelectronics X-CUBE-GNSS1 7.0.1
2025-01-27 16:57:19,361 [INFO] ThirdParty:1030 - CMSIS Pack Vendor :STMicroelectronics X-CUBE-AZRTOS-F7 1.1.0
2025-01-27 16:57:19,361 [INFO] ThirdParty:1030 - CMSIS Pack Vendor :STMicroelectronics X-CUBE-AZRTOS-L5 2.0.0
2025-01-27 16:57:19,361 [INFO] ThirdParty:1030 - CMSIS Pack Vendor :STMicroelectronics X-CUBE-NFC6 3.1.0
2025-01-27 16:57:19,361 [INFO] ThirdParty:1030 - CMSIS Pack Vendor :STMicroelectronics FP-SNS-STBOX1 2.0.0
2025-01-27 16:57:19,361 [INFO] ThirdParty:1030 - CMSIS Pack Vendor :STMicroelectronics X-CUBE-AZRTOS-G0 1.1.0
2025-01-27 16:57:19,361 [INFO] ThirdParty:1030 - CMSIS Pack Vendor :STMicroelectronics X-CUBE-DPower 1.2.0
2025-01-27 16:57:19,361 [INFO] ThirdParty:1030 - CMSIS Pack Vendor :STMicroelectronics X-CUBE-NFC4 3.0.0
2025-01-27 16:57:19,361 [INFO] ThirdParty:1030 - CMSIS Pack Vendor :STMicroelectronics X-CUBE-SAFEA1 1.2.2
2025-01-27 16:57:19,361 [INFO] ThirdParty:1030 - CMSIS Pack Vendor :STMicroelectronics X-CUBE-SUBG2 5.0.0
2025-01-27 16:57:19,361 [INFO] ThirdParty:1030 - CMSIS Pack Vendor :EmbeddedOffice I-CUBE-FS-RTOS 1.0.1
2025-01-27 16:57:19,361 [INFO] ThirdParty:1030 - CMSIS Pack Vendor :STMicroelectronics FP-SNS-FLIGHT1 5.0.2
2025-01-27 16:57:19,361 [INFO] ThirdParty:1030 - CMSIS Pack Vendor :Cesanta I-CUBE-Mongoose 7.13.0
2025-01-27 16:57:19,361 [INFO] ThirdParty:1030 - CMSIS Pack Vendor :Infineon AIROC-Wi-Fi-Bluetooth-STM32 1.7.0
2025-01-27 16:57:19,361 [INFO] ThirdParty:1030 - CMSIS Pack Vendor :STMicroelectronics X-CUBE-AZRTOS-G4 2.0.0
2025-01-27 16:57:19,361 [INFO] ThirdParty:1030 - CMSIS Pack Vendor :STMicroelectronics X-CUBE-DISPLAY 3.0.0
2025-01-27 16:57:19,361 [INFO] ThirdParty:1030 - CMSIS Pack Vendor :RealThread X-CUBE-RT-Thread_Nano 4.1.1
2025-01-27 16:57:19,361 [INFO] ThirdParty:1030 - CMSIS Pack Vendor :STMicroelectronics FP-ATR-SIGFOX1 3.2.0
2025-01-27 16:57:19,361 [INFO] ThirdParty:1030 - CMSIS Pack Vendor :STMicroelectronics X-CUBE-BLE1 7.0.0
2025-01-27 16:57:19,361 [INFO] ThirdParty:1030 - CMSIS Pack Vendor :STMicroelectronics X-CUBE-NFC10 1.0.0
2025-01-27 16:57:19,361 [INFO] ThirdParty:1030 - CMSIS Pack Vendor :quantropi X-CUBE-qispace-sdk-base 1.9.3
2025-01-27 16:57:19,361 [INFO] ThirdParty:1030 - CMSIS Pack Vendor :STMicroelectronics X-CUBE-BLEMGR 4.0.0
2025-01-27 16:57:19,361 [INFO] ThirdParty:1030 - CMSIS Pack Vendor :STMicroelectronics X-CUBE-EEPRMA1 5.1.0
2025-01-27 16:57:19,361 [INFO] ThirdParty:1030 - CMSIS Pack Vendor :STMicroelectronics X-CUBE-ALS 1.0.2
2025-01-27 16:57:19,361 [INFO] ThirdParty:1030 - CMSIS Pack Vendor :STMicroelectronics X-CUBE-FREERTOS 1.3.0
2025-01-27 16:57:19,361 [INFO] ThirdParty:1030 - CMSIS Pack Vendor :emotas I-CUBE-CANOPEN 1.3.0
2025-01-27 16:57:19,361 [INFO] ThirdParty:1030 - CMSIS Pack Vendor :STMicroelectronics X-CUBE-NFC7 1.0.1
2025-01-27 16:57:19,361 [INFO] ThirdParty:1030 - CMSIS Pack Vendor :ITTIA_DB I-CUBE-ITTIADB 8.9.0
2025-01-27 16:57:19,361 [INFO] ThirdParty:1030 - CMSIS Pack Vendor :STMicroelectronics X-CUBE-TOUCHGFX 4.24.2
2025-01-27 16:57:19,361 [INFO] ThirdParty:1030 - CMSIS Pack Vendor :portGmbH I-Cube-SoM-uGOAL 1.1.0
2025-01-27 16:57:19,361 [INFO] ThirdParty:1030 - CMSIS Pack Vendor :STMicroelectronics X-CUBE-AI 10.0.0
2025-01-27 16:57:19,361 [INFO] ThirdParty:1030 - CMSIS Pack Vendor :STMicroelectronics FP-SNS-SMARTAG2 1.2.0
2025-01-27 16:57:19,361 [INFO] ThirdParty:1030 - CMSIS Pack Vendor :STMicroelectronics X-CUBE-MEMS1 11.1.0
2025-01-27 16:57:19,363 [INFO] ThirdParty:1030 - CMSIS Pack Vendor :STMicroelectronics X-CUBE-AZRTOS-WL 2.0.0
2025-01-27 16:57:19,363 [INFO] ThirdParty:1030 - CMSIS Pack Vendor :SEGGER I-CUBE-embOS 1.3.1
2025-01-27 16:57:19,363 [INFO] ThirdParty:1030 - CMSIS Pack Vendor :STMicroelectronics X-CUBE-ALGOBUILD 1.4.0
2025-01-27 16:57:19,363 [INFO] ThirdParty:1030 - CMSIS Pack Vendor :STMicroelectronics FP-SNS-MOTENV1 5.0.0
2025-01-27 16:57:19,363 [INFO] ThirdParty:1030 - CMSIS Pack Vendor :STMicroelectronics X-CUBE-AZRTOS-H7RS 1.0.0
2025-01-27 16:57:19,363 [INFO] ThirdParty:1030 - CMSIS Pack Vendor :STMicroelectronics X-CUBE-AZRTOS-L4 2.0.0
2025-01-27 16:57:19,363 [INFO] ThirdParty:1030 - CMSIS Pack Vendor :WES I-CUBE-Cesium 1.3.0
2025-01-27 16:57:19,363 [INFO] ThirdParty:1030 - CMSIS Pack Vendor :STMicroelectronics X-CUBE-SFXS2LP1 4.0.0
2025-01-27 16:57:19,363 [INFO] ThirdParty:1030 - CMSIS Pack Vendor :STMicroelectronics X-CUBE-BLE2 3.3.0
2025-01-27 16:57:19,363 [INFO] ThirdParty:1030 - CMSIS Pack Vendor :STMicroelectronics X-CUBE-TOF1 3.4.2
2025-01-27 16:57:19,363 [INFO] LoadServerUpdatesThread:375 - End of LoadServerUpdate Thread
2025-01-27 16:57:19,955 [ERROR] LogOutputStream:75 - [STDERR_REDIRECT] [Fatal Error] :1:1: Premature end of file.
2025-01-27 16:57:19,957 [ERROR] LogOutputStream:75 - [STDERR_REDIRECT] 
2025-01-27 16:57:20,959 [ERROR] LogOutputStream:75 - [STDERR_REDIRECT] [Fatal Error] :1:1: Premature end of file.
2025-01-27 16:57:20,959 [ERROR] LogOutputStream:75 - [STDERR_REDIRECT] 
2025-01-27 16:57:21,976 [ERROR] LogOutputStream:75 - [STDERR_REDIRECT] [Fatal Error] :1:1: Premature end of file.
2025-01-27 16:57:21,976 [ERROR] LogOutputStream:75 - [STDERR_REDIRECT] 
2025-01-27 16:57:22,972 [ERROR] LogOutputStream:75 - [STDERR_REDIRECT] [Fatal Error] :1:1: Premature end of file.
2025-01-27 16:57:22,972 [ERROR] LogOutputStream:75 - [STDERR_REDIRECT] 
2025-01-27 16:57:23,956 [ERROR] LogOutputStream:75 - [STDERR_REDIRECT] [Fatal Error] :1:1: Premature end of file.
2025-01-27 16:57:23,956 [ERROR] LogOutputStream:75 - [STDERR_REDIRECT] 
2025-01-27 16:57:24,955 [ERROR] LogOutputStream:75 - [STDERR_REDIRECT] [Fatal Error] :1:1: Premature end of file.
2025-01-27 16:57:24,955 [ERROR] LogOutputStream:75 - [STDERR_REDIRECT] 
2025-01-27 16:57:25,956 [ERROR] LogOutputStream:75 - [STDERR_REDIRECT] [Fatal Error] :1:1: Premature end of file.
2025-01-27 16:57:25,956 [ERROR] LogOutputStream:75 - [STDERR_REDIRECT] 
2025-01-27 16:57:26,957 [ERROR] LogOutputStream:75 - [STDERR_REDIRECT] [Fatal Error] :1:1: Premature end of file.
2025-01-27 16:57:26,957 [ERROR] LogOutputStream:75 - [STDERR_REDIRECT] 
2025-01-27 16:57:27,954 [ERROR] LogOutputStream:75 - [STDERR_REDIRECT] [Fatal Error] :1:1: Premature end of file.
2025-01-27 16:57:27,954 [ERROR] LogOutputStream:75 - [STDERR_REDIRECT] 
2025-01-27 16:57:28,955 [ERROR] LogOutputStream:75 - [STDERR_REDIRECT] [Fatal Error] :1:1: Premature end of file.
2025-01-27 16:57:28,955 [ERROR] LogOutputStream:75 - [STDERR_REDIRECT] 
2025-01-27 16:57:29,960 [ERROR] LogOutputStream:75 - [STDERR_REDIRECT] [Fatal Error] :1:1: Premature end of file.
2025-01-27 16:57:29,960 [ERROR] LogOutputStream:75 - [STDERR_REDIRECT] 
2025-01-27 16:57:30,955 [ERROR] LogOutputStream:75 - [STDERR_REDIRECT] [Fatal Error] :1:1: Premature end of file.
2025-01-27 16:57:30,955 [ERROR] LogOutputStream:75 - [STDERR_REDIRECT] 
2025-01-27 16:57:31,984 [ERROR] LogOutputStream:75 - [STDERR_REDIRECT] [Fatal Error] :1:1: Premature end of file.
2025-01-27 16:57:31,984 [ERROR] LogOutputStream:75 - [STDERR_REDIRECT] 
2025-01-27 16:57:32,976 [ERROR] LogOutputStream:75 - [STDERR_REDIRECT] [Fatal Error] :1:1: Premature end of file.
2025-01-27 16:57:32,976 [ERROR] LogOutputStream:75 - [STDERR_REDIRECT] 
2025-01-27 16:57:33,990 [ERROR] LogOutputStream:75 - [STDERR_REDIRECT] [Fatal Error] :1:1: Premature end of file.
2025-01-27 16:57:33,991 [ERROR] LogOutputStream:75 - [STDERR_REDIRECT] 
2025-01-27 16:57:34,955 [ERROR] LogOutputStream:75 - [STDERR_REDIRECT] [Fatal Error] :1:1: Premature end of file.
2025-01-27 16:57:34,955 [ERROR] LogOutputStream:75 - [STDERR_REDIRECT] 
2025-01-27 16:57:35,955 [ERROR] LogOutputStream:75 - [STDERR_REDIRECT] [Fatal Error] :1:1: Premature end of file.
2025-01-27 16:57:35,956 [ERROR] LogOutputStream:75 - [STDERR_REDIRECT] 
2025-01-27 16:57:36,955 [ERROR] LogOutputStream:75 - [STDERR_REDIRECT] [Fatal Error] :1:1: Premature end of file.
2025-01-27 16:57:36,955 [ERROR] LogOutputStream:75 - [STDERR_REDIRECT] 
2025-01-27 16:57:37,954 [ERROR] LogOutputStream:75 - [STDERR_REDIRECT] [Fatal Error] :1:1: Premature end of file.
2025-01-27 16:57:37,954 [ERROR] LogOutputStream:75 - [STDERR_REDIRECT] 
2025-01-27 16:57:38,961 [ERROR] LogOutputStream:75 - [STDERR_REDIRECT] [Fatal Error] :1:1: Premature end of file.
2025-01-27 16:57:38,961 [ERROR] LogOutputStream:75 - [STDERR_REDIRECT] 
2025-01-27 16:57:39,955 [ERROR] LogOutputStream:75 - [STDERR_REDIRECT] [Fatal Error] :1:1: Premature end of file.
2025-01-27 16:57:39,956 [ERROR] LogOutputStream:75 - [STDERR_REDIRECT] 
2025-01-27 16:57:40,956 [ERROR] LogOutputStream:75 - [STDERR_REDIRECT] [Fatal Error] :1:1: Premature end of file.
2025-01-27 16:57:40,956 [ERROR] LogOutputStream:75 - [STDERR_REDIRECT] 
2025-01-27 16:57:41,964 [ERROR] LogOutputStream:75 - [STDERR_REDIRECT] [Fatal Error] :1:1: Premature end of file.
2025-01-27 16:57:41,964 [ERROR] LogOutputStream:75 - [STDERR_REDIRECT] 
2025-01-27 16:57:42,954 [ERROR] LogOutputStream:75 - [STDERR_REDIRECT] [Fatal Error] :1:1: Premature end of file.
2025-01-27 16:57:42,954 [ERROR] LogOutputStream:75 - [STDERR_REDIRECT] 
2025-01-27 16:57:43,956 [ERROR] LogOutputStream:75 - [STDERR_REDIRECT] [Fatal Error] :1:1: Premature end of file.
2025-01-27 16:57:43,956 [ERROR] LogOutputStream:75 - [STDERR_REDIRECT] 
2025-01-27 16:57:44,954 [ERROR] LogOutputStream:75 - [STDERR_REDIRECT] [Fatal Error] :1:1: Premature end of file.
2025-01-27 16:57:44,954 [ERROR] LogOutputStream:75 - [STDERR_REDIRECT] 
2025-01-27 16:57:45,985 [ERROR] LogOutputStream:75 - [STDERR_REDIRECT] [Fatal Error] :1:1: Premature end of file.
2025-01-27 16:57:45,985 [ERROR] LogOutputStream:75 - [STDERR_REDIRECT] 
2025-01-27 16:57:46,954 [ERROR] LogOutputStream:75 - [STDERR_REDIRECT] [Fatal Error] :1:1: Premature end of file.
2025-01-27 16:57:46,955 [ERROR] LogOutputStream:75 - [STDERR_REDIRECT] 
2025-01-27 16:57:47,956 [ERROR] LogOutputStream:75 - [STDERR_REDIRECT] [Fatal Error] :1:1: Premature end of file.
2025-01-27 16:57:47,956 [ERROR] LogOutputStream:75 - [STDERR_REDIRECT] 
2025-01-27 16:57:48,963 [ERROR] LogOutputStream:75 - [STDERR_REDIRECT] [Fatal Error] :1:1: Premature end of file.
2025-01-27 16:57:48,965 [ERROR] LogOutputStream:75 - [STDERR_REDIRECT] 
2025-01-27 16:57:49,956 [ERROR] LogOutputStream:75 - [STDERR_REDIRECT] [Fatal Error] :1:1: Premature end of file.
2025-01-27 16:57:49,956 [ERROR] LogOutputStream:75 - [STDERR_REDIRECT] 
2025-01-27 16:57:50,955 [ERROR] LogOutputStream:75 - [STDERR_REDIRECT] [Fatal Error] :1:1: Premature end of file.
2025-01-27 16:57:50,955 [ERROR] LogOutputStream:75 - [STDERR_REDIRECT] 
2025-01-27 16:57:51,959 [ERROR] LogOutputStream:75 - [STDERR_REDIRECT] [Fatal Error] :1:1: Premature end of file.
2025-01-27 16:57:51,959 [ERROR] LogOutputStream:75 - [STDERR_REDIRECT] 
2025-01-27 16:57:52,956 [ERROR] LogOutputStream:75 - [STDERR_REDIRECT] [Fatal Error] :1:1: Premature end of file.
2025-01-27 16:57:52,956 [ERROR] LogOutputStream:75 - [STDERR_REDIRECT] 
2025-01-27 16:57:53,954 [ERROR] LogOutputStream:75 - [STDERR_REDIRECT] [Fatal Error] :1:1: Premature end of file.
2025-01-27 16:57:53,955 [ERROR] LogOutputStream:75 - [STDERR_REDIRECT] 
2025-01-27 16:57:54,955 [ERROR] LogOutputStream:75 - [STDERR_REDIRECT] [Fatal Error] :1:1: Premature end of file.
2025-01-27 16:57:54,955 [ERROR] LogOutputStream:75 - [STDERR_REDIRECT] 
2025-01-27 16:57:55,978 [ERROR] LogOutputStream:75 - [STDERR_REDIRECT] [Fatal Error] :1:1: Premature end of file.
2025-01-27 16:57:55,978 [ERROR] LogOutputStream:75 - [STDERR_REDIRECT] 
2025-01-27 16:57:56,955 [ERROR] LogOutputStream:75 - [STDERR_REDIRECT] [Fatal Error] :1:1: Premature end of file.
2025-01-27 16:57:56,955 [ERROR] LogOutputStream:75 - [STDERR_REDIRECT] 
2025-01-27 16:57:57,955 [ERROR] LogOutputStream:75 - [STDERR_REDIRECT] [Fatal Error] :1:1: Premature end of file.
2025-01-27 16:57:57,955 [ERROR] LogOutputStream:75 - [STDERR_REDIRECT] 
2025-01-27 16:57:58,957 [ERROR] LogOutputStream:75 - [STDERR_REDIRECT] [Fatal Error] :1:1: Premature end of file.
2025-01-27 16:57:58,957 [ERROR] LogOutputStream:75 - [STDERR_REDIRECT] 
2025-01-27 16:57:59,955 [ERROR] LogOutputStream:75 - [STDERR_REDIRECT] [Fatal Error] :1:1: Premature end of file.
2025-01-27 16:57:59,955 [ERROR] LogOutputStream:75 - [STDERR_REDIRECT] 
2025-01-27 16:58:00,959 [ERROR] LogOutputStream:75 - [STDERR_REDIRECT] [Fatal Error] :1:1: Premature end of file.
2025-01-27 16:58:00,960 [ERROR] LogOutputStream:75 - [STDERR_REDIRECT] 
2025-01-27 16:58:01,956 [ERROR] LogOutputStream:75 - [STDERR_REDIRECT] [Fatal Error] :1:1: Premature end of file.
2025-01-27 16:58:01,956 [ERROR] LogOutputStream:75 - [STDERR_REDIRECT] 
2025-01-27 16:58:02,963 [ERROR] LogOutputStream:75 - [STDERR_REDIRECT] [Fatal Error] :1:1: Premature end of file.
2025-01-27 16:58:02,964 [ERROR] LogOutputStream:75 - [STDERR_REDIRECT] 
2025-01-27 16:58:03,955 [ERROR] LogOutputStream:75 - [STDERR_REDIRECT] [Fatal Error] :1:1: Premature end of file.
2025-01-27 16:58:03,955 [ERROR] LogOutputStream:75 - [STDERR_REDIRECT] 
2025-01-27 16:58:04,958 [ERROR] LogOutputStream:75 - [STDERR_REDIRECT] [Fatal Error] :1:1: Premature end of file.
2025-01-27 16:58:04,958 [ERROR] LogOutputStream:75 - [STDERR_REDIRECT] 
2025-01-27 16:58:05,957 [ERROR] LogOutputStream:75 - [STDERR_REDIRECT] [Fatal Error] :1:1: Premature end of file.
2025-01-27 16:58:05,957 [ERROR] LogOutputStream:75 - [STDERR_REDIRECT] 
2025-01-27 16:58:06,960 [ERROR] LogOutputStream:75 - [STDERR_REDIRECT] [Fatal Error] :1:1: Premature end of file.
2025-01-27 16:58:06,960 [ERROR] LogOutputStream:75 - [STDERR_REDIRECT] 
2025-01-27 16:58:07,962 [ERROR] LogOutputStream:75 - [STDERR_REDIRECT] [Fatal Error] :1:1: Premature end of file.
2025-01-27 16:58:07,962 [ERROR] LogOutputStream:75 - [STDERR_REDIRECT] 
2025-01-27 16:58:08,960 [ERROR] LogOutputStream:75 - [STDERR_REDIRECT] [Fatal Error] :1:1: Premature end of file.
2025-01-27 16:58:08,961 [ERROR] LogOutputStream:75 - [STDERR_REDIRECT] 
2025-01-27 16:58:09,959 [ERROR] LogOutputStream:75 - [STDERR_REDIRECT] [Fatal Error] :1:1: Premature end of file.
2025-01-27 16:58:09,959 [ERROR] LogOutputStream:75 - [STDERR_REDIRECT] 
2025-01-27 16:58:10,955 [ERROR] LogOutputStream:75 - [STDERR_REDIRECT] [Fatal Error] :1:1: Premature end of file.
2025-01-27 16:58:10,956 [ERROR] LogOutputStream:75 - [STDERR_REDIRECT] 
2025-01-27 16:58:11,975 [ERROR] LogOutputStream:75 - [STDERR_REDIRECT] [Fatal Error] :1:1: Premature end of file.
2025-01-27 16:58:11,975 [ERROR] LogOutputStream:75 - [STDERR_REDIRECT] 
2025-01-27 16:58:12,958 [ERROR] LogOutputStream:75 - [STDERR_REDIRECT] [Fatal Error] :1:1: Premature end of file.
2025-01-27 16:58:12,958 [ERROR] LogOutputStream:75 - [STDERR_REDIRECT] 
2025-01-27 16:58:13,959 [ERROR] LogOutputStream:75 - [STDERR_REDIRECT] [Fatal Error] :1:1: Premature end of file.
2025-01-27 16:58:13,959 [ERROR] LogOutputStream:75 - [STDERR_REDIRECT] 
2025-01-27 16:58:14,954 [ERROR] LogOutputStream:75 - [STDERR_REDIRECT] [Fatal Error] :1:1: Premature end of file.
2025-01-27 16:58:14,954 [ERROR] LogOutputStream:75 - [STDERR_REDIRECT] 
2025-01-27 16:58:15,956 [ERROR] LogOutputStream:75 - [STDERR_REDIRECT] [Fatal Error] :1:1: Premature end of file.
2025-01-27 16:58:15,956 [ERROR] LogOutputStream:75 - [STDERR_REDIRECT] 
2025-01-27 16:58:16,956 [ERROR] LogOutputStream:75 - [STDERR_REDIRECT] [Fatal Error] :1:1: Premature end of file.
2025-01-27 16:58:16,956 [ERROR] LogOutputStream:75 - [STDERR_REDIRECT] 
2025-01-27 16:58:17,955 [ERROR] LogOutputStream:75 - [STDERR_REDIRECT] [Fatal Error] :1:1: Premature end of file.
2025-01-27 16:58:17,955 [ERROR] LogOutputStream:75 - [STDERR_REDIRECT] 
2025-01-27 16:58:18,956 [ERROR] LogOutputStream:75 - [STDERR_REDIRECT] [Fatal Error] :1:1: Premature end of file.
2025-01-27 16:58:18,957 [ERROR] LogOutputStream:75 - [STDERR_REDIRECT] 
2025-01-27 16:58:19,957 [ERROR] LogOutputStream:75 - [STDERR_REDIRECT] [Fatal Error] :1:1: Premature end of file.
2025-01-27 16:58:19,957 [ERROR] LogOutputStream:75 - [STDERR_REDIRECT] 
2025-01-27 16:58:20,963 [ERROR] LogOutputStream:75 - [STDERR_REDIRECT] [Fatal Error] :1:1: Premature end of file.
2025-01-27 16:58:20,964 [ERROR] LogOutputStream:75 - [STDERR_REDIRECT] 
2025-01-27 16:58:22,002 [ERROR] LogOutputStream:75 - [STDERR_REDIRECT] [Fatal Error] :1:1: Premature end of file.
2025-01-27 16:58:22,003 [ERROR] LogOutputStream:75 - [STDERR_REDIRECT] 
2025-01-27 16:58:22,964 [ERROR] LogOutputStream:75 - [STDERR_REDIRECT] [Fatal Error] :1:1: Premature end of file.
2025-01-27 16:58:22,964 [ERROR] LogOutputStream:75 - [STDERR_REDIRECT] 
2025-01-27 16:58:23,957 [ERROR] LogOutputStream:75 - [STDERR_REDIRECT] [Fatal Error] :1:1: Premature end of file.
2025-01-27 16:58:23,958 [ERROR] LogOutputStream:75 - [STDERR_REDIRECT] 
2025-01-27 16:58:24,964 [ERROR] LogOutputStream:75 - [STDERR_REDIRECT] [Fatal Error] :1:1: Premature end of file.
2025-01-27 16:58:24,964 [ERROR] LogOutputStream:75 - [STDERR_REDIRECT] 
2025-01-27 16:58:25,958 [ERROR] LogOutputStream:75 - [STDERR_REDIRECT] [Fatal Error] :1:1: Premature end of file.
2025-01-27 16:58:25,958 [ERROR] LogOutputStream:75 - [STDERR_REDIRECT] 
2025-01-27 16:58:26,955 [ERROR] LogOutputStream:75 - [STDERR_REDIRECT] [Fatal Error] :1:1: Premature end of file.
2025-01-27 16:58:26,956 [ERROR] LogOutputStream:75 - [STDERR_REDIRECT] 
2025-01-27 16:58:27,954 [ERROR] LogOutputStream:75 - [STDERR_REDIRECT] [Fatal Error] :1:1: Premature end of file.
2025-01-27 16:58:27,954 [ERROR] LogOutputStream:75 - [STDERR_REDIRECT] 
2025-01-27 16:58:28,955 [ERROR] LogOutputStream:75 - [STDERR_REDIRECT] [Fatal Error] :1:1: Premature end of file.
2025-01-27 16:58:28,955 [ERROR] LogOutputStream:75 - [STDERR_REDIRECT] 
2025-01-27 16:58:29,957 [ERROR] LogOutputStream:75 - [STDERR_REDIRECT] [Fatal Error] :1:1: Premature end of file.
2025-01-27 16:58:29,957 [ERROR] LogOutputStream:75 - [STDERR_REDIRECT] 
2025-01-27 16:58:30,973 [ERROR] LogOutputStream:75 - [STDERR_REDIRECT] [Fatal Error] :1:1: Premature end of file.
2025-01-27 16:58:30,973 [ERROR] LogOutputStream:75 - [STDERR_REDIRECT] 
2025-01-27 16:58:31,954 [ERROR] LogOutputStream:75 - [STDERR_REDIRECT] [Fatal Error] :1:1: Premature end of file.
2025-01-27 16:58:31,956 [ERROR] LogOutputStream:75 - [STDERR_REDIRECT] 
2025-01-27 16:58:32,955 [ERROR] LogOutputStream:75 - [STDERR_REDIRECT] [Fatal Error] :1:1: Premature end of file.
2025-01-27 16:58:32,955 [ERROR] LogOutputStream:75 - [STDERR_REDIRECT] 
2025-01-27 16:58:33,956 [ERROR] LogOutputStream:75 - [STDERR_REDIRECT] [Fatal Error] :1:1: Premature end of file.
2025-01-27 16:58:33,956 [ERROR] LogOutputStream:75 - [STDERR_REDIRECT] 
2025-01-27 16:58:34,963 [ERROR] LogOutputStream:75 - [STDERR_REDIRECT] [Fatal Error] :1:1: Premature end of file.
2025-01-27 16:58:34,963 [ERROR] LogOutputStream:75 - [STDERR_REDIRECT] 
2025-01-27 16:58:35,980 [ERROR] LogOutputStream:75 - [STDERR_REDIRECT] [Fatal Error] :1:1: Premature end of file.
2025-01-27 16:58:35,980 [ERROR] LogOutputStream:75 - [STDERR_REDIRECT] 
2025-01-27 16:58:36,959 [ERROR] LogOutputStream:75 - [STDERR_REDIRECT] [Fatal Error] :1:1: Premature end of file.
2025-01-27 16:58:36,959 [ERROR] LogOutputStream:75 - [STDERR_REDIRECT] 
2025-01-27 16:58:37,975 [ERROR] LogOutputStream:75 - [STDERR_REDIRECT] [Fatal Error] :1:1: Premature end of file.
2025-01-27 16:58:37,975 [ERROR] LogOutputStream:75 - [STDERR_REDIRECT] 
2025-01-27 16:58:38,955 [ERROR] LogOutputStream:75 - [STDERR_REDIRECT] [Fatal Error] :1:1: Premature end of file.
2025-01-27 16:58:38,955 [ERROR] LogOutputStream:75 - [STDERR_REDIRECT] 
2025-01-27 16:58:39,956 [ERROR] LogOutputStream:75 - [STDERR_REDIRECT] [Fatal Error] :1:1: Premature end of file.
2025-01-27 16:58:39,956 [ERROR] LogOutputStream:75 - [STDERR_REDIRECT] 
2025-01-27 16:58:40,957 [ERROR] LogOutputStream:75 - [STDERR_REDIRECT] [Fatal Error] :1:1: Premature end of file.
2025-01-27 16:58:40,958 [ERROR] LogOutputStream:75 - [STDERR_REDIRECT] 
2025-01-27 16:58:41,956 [ERROR] LogOutputStream:75 - [STDERR_REDIRECT] [Fatal Error] :1:1: Premature end of file.
2025-01-27 16:58:41,956 [ERROR] LogOutputStream:75 - [STDERR_REDIRECT] 
2025-01-27 16:58:42,956 [ERROR] LogOutputStream:75 - [STDERR_REDIRECT] [Fatal Error] :1:1: Premature end of file.
2025-01-27 16:58:42,956 [ERROR] LogOutputStream:75 - [STDERR_REDIRECT] 
2025-01-27 16:58:43,955 [ERROR] LogOutputStream:75 - [STDERR_REDIRECT] [Fatal Error] :1:1: Premature end of file.
2025-01-27 16:58:43,955 [ERROR] LogOutputStream:75 - [STDERR_REDIRECT] 
2025-01-27 16:58:44,987 [ERROR] LogOutputStream:75 - [STDERR_REDIRECT] [Fatal Error] :1:1: Premature end of file.
2025-01-27 16:58:44,987 [ERROR] LogOutputStream:75 - [STDERR_REDIRECT] 
2025-01-27 16:58:45,955 [ERROR] LogOutputStream:75 - [STDERR_REDIRECT] [Fatal Error] :1:1: Premature end of file.
2025-01-27 16:58:45,955 [ERROR] LogOutputStream:75 - [STDERR_REDIRECT] 
2025-01-27 16:58:46,658 [ERROR] LogOutputStream:75 - [STDERR_REDIRECT] 
2025-01-27 16:58:46,659 [ERROR] LogOutputStream:75 - [STDERR_REDIRECT] 
