2025-04-07 15:01:32,746 [INFO] Activator:176 - 


2025-04-07 15:01:32,755 [INFO] Activator:177 - !SESSION log4j initialized
2025-04-07 15:01:40,652 [INFO] LogOutputStream:77 - [STDOUT_REDIRECT] 
2025-04-07 15:01:43,284 [INFO] ApplicationProperties:184 - Using Application install path: C:\ST\STM32CubeIDE_1.18.0\STM32CubeIDE\plugins\com.st.stm32cube.common.mx_6.14.0.202502271554
2025-04-07 15:01:43,312 [INFO] DbMcusXml:78 - Set database path to: C:\ST\STM32CubeIDE_1.18.0\STM32CubeIDE\plugins\com.st.stm32cube.common.mx_6.14.0.202502271554\\db\/mcu/
2025-04-07 15:01:43,313 [INFO] ApiDb:274 - Set plugin database path to: C:\ST\STM32CubeIDE_1.18.0\STM32CubeIDE\plugins\com.st.stm32cube.common.mx_6.14.0.202502271554\\db\/plugins/boardmanager/
2025-04-07 15:01:43,313 [WARN] ApiDb:259 - Overriding images path with different value:  => C:\ST\STM32CubeIDE_1.18.0\STM32CubeIDE\plugins\com.st.stm32cube.common.mx_6.14.0.202502271554\\db\/plugins/mcufinder/images/
2025-04-07 15:01:43,326 [INFO] ApiDb:250 - Set database path to: C:\Users\Marco\.stmcufinder\plugins\mcufinder//mcu/
2025-04-07 15:01:43,328 [INFO] DbMcusAds:125 - Set database path to: C:\Users\Marco\.stmcufinder\plugins\mcufinder//mcu/
2025-04-07 15:01:43,331 [INFO] CrossReferenceDbSqlite:203 - Set database path to: C:\Users\Marco\.stmcufinder\plugins\mcufinder//mcu/cs/
2025-04-07 15:01:43,496 [INFO] RulesReader:64 - Compatibility file has been processed (301 Rules)
2025-04-07 15:01:43,644 [INFO] DbMcusXml:78 - Set database path to: C:\ST\STM32CubeIDE_1.18.0\STM32CubeIDE\plugins\com.st.stm32cube.common.mx_6.14.0.202502271554\\db\/mcu/
2025-04-07 15:01:43,644 [INFO] ApiDb:274 - Set plugin database path to: C:\ST\STM32CubeIDE_1.18.0\STM32CubeIDE\plugins\com.st.stm32cube.common.mx_6.14.0.202502271554\\db\/plugins/boardmanager/
2025-04-07 15:01:43,644 [INFO] ApiDb:261 - Set plugin images path to: C:\ST\STM32CubeIDE_1.18.0\STM32CubeIDE\plugins\com.st.stm32cube.common.mx_6.14.0.202502271554\\db\/plugins/mcufinder/images/
2025-04-07 15:01:43,645 [WARN] DbFile:41 - Overriding database path with different value: C:\Users\Marco\.stmcufinder\plugins\mcufinder/ => C:\Users\Marco\.stmcufinder\plugins\mcufinder
2025-04-07 15:01:43,645 [INFO] ApiDb:250 - Set database path to: C:\Users\Marco\.stmcufinder\plugins\mcufinder//mcu/
2025-04-07 15:01:43,645 [WARN] DbFile:41 - Overriding database path with different value: C:\Users\Marco\.stmcufinder\plugins\mcufinder/ => C:\Users\Marco\.stmcufinder\plugins\mcufinder
2025-04-07 15:01:43,645 [INFO] DbMcusAds:125 - Set database path to: C:\Users\Marco\.stmcufinder\plugins\mcufinder//mcu/
2025-04-07 15:01:43,645 [WARN] DbFile:41 - Overriding database path with different value: C:\Users\Marco\.stmcufinder\plugins\mcufinder/ => C:\Users\Marco\.stmcufinder\plugins\mcufinder
2025-04-07 15:01:43,645 [WARN] DbFile:41 - Overriding database path with different value: C:\Users\Marco\.stmcufinder\plugins\mcufinder/ => C:\Users\Marco\.stmcufinder\plugins\mcufinder
2025-04-07 15:01:43,646 [INFO] CrossReferenceDbSqlite:203 - Set database path to: C:\Users\Marco\.stmcufinder\plugins\mcufinder//mcu/cs/
2025-04-07 15:01:43,762 [INFO] MainPanel:272 - HeapMemory: 268435456
2025-04-07 15:01:43,913 [INFO] DbMcusXml:78 - Set database path to: C:\ST\STM32CubeIDE_1.18.0\STM32CubeIDE\plugins\com.st.stm32cube.common.mx_6.14.0.202502271554\\db\/mcu/
2025-04-07 15:01:43,913 [INFO] ApiDb:274 - Set plugin database path to: C:\ST\STM32CubeIDE_1.18.0\STM32CubeIDE\plugins\com.st.stm32cube.common.mx_6.14.0.202502271554\\db\/plugins/boardmanager/
2025-04-07 15:01:43,913 [INFO] ApiDb:261 - Set plugin images path to: C:\ST\STM32CubeIDE_1.18.0\STM32CubeIDE\plugins\com.st.stm32cube.common.mx_6.14.0.202502271554\\db\/plugins/mcufinder/images/
2025-04-07 15:01:43,914 [WARN] DbFile:41 - Overriding database path with different value: C:\Users\Marco\.stmcufinder\plugins\mcufinder/ => C:\Users\Marco\.stmcufinder\plugins\mcufinder
2025-04-07 15:01:43,914 [INFO] ApiDb:250 - Set database path to: C:\Users\Marco\.stmcufinder\plugins\mcufinder//mcu/
2025-04-07 15:01:43,914 [WARN] DbFile:41 - Overriding database path with different value: C:\Users\Marco\.stmcufinder\plugins\mcufinder/ => C:\Users\Marco\.stmcufinder\plugins\mcufinder
2025-04-07 15:01:43,914 [INFO] DbMcusAds:125 - Set database path to: C:\Users\Marco\.stmcufinder\plugins\mcufinder//mcu/
2025-04-07 15:01:43,914 [WARN] DbFile:41 - Overriding database path with different value: C:\Users\Marco\.stmcufinder\plugins\mcufinder/ => C:\Users\Marco\.stmcufinder\plugins\mcufinder
2025-04-07 15:01:43,914 [WARN] DbFile:41 - Overriding database path with different value: C:\Users\Marco\.stmcufinder\plugins\mcufinder/ => C:\Users\Marco\.stmcufinder\plugins\mcufinder
2025-04-07 15:01:43,915 [INFO] CrossReferenceDbSqlite:203 - Set database path to: C:\Users\Marco\.stmcufinder\plugins\mcufinder//mcu/cs/
2025-04-07 15:01:43,942 [INFO] ApplicationProperties:184 - Using Application install path: C:\ST\STM32CubeIDE_1.18.0\STM32CubeIDE\plugins\com.st.stm32cube.common.mx_6.14.0.202502271554
2025-04-07 15:01:43,944 [INFO] PluginManage:196 - Search for loadable plugins [exclusion list=, ]
2025-04-07 15:01:43,946 [INFO] PluginManage:310 - Check plugin analytics
2025-04-07 15:01:44,212 [INFO] AnalyticsPlugin:253 - Accepted Software Licenses: STM32CubeMX.6.14.0
2025-04-07 15:01:44,212 [INFO] AnalyticsPlugin:255 - Accepted CMSIS Pack Licenses: 
2025-04-07 15:01:44,212 [INFO] AnalyticsPlugin:257 - Accepted Firmware Licenses: FW.F4.1.28.0
2025-04-07 15:01:44,216 [INFO] PluginManage:359 - Loaded plugin analytics (category:tool,tabindex:-1)
2025-04-07 15:01:44,216 [INFO] PluginManage:310 - Check plugin cadmodel
2025-04-07 15:01:44,228 [INFO] CADModel:105 - Init CAD model plugin
2025-04-07 15:01:44,228 [INFO] PluginManage:359 - Loaded plugin cadmodel (category:power,tabindex:5)
2025-04-07 15:01:44,228 [INFO] PluginManage:310 - Check plugin clock
2025-04-07 15:01:44,241 [INFO] PluginManage:359 - Loaded plugin clock (category:base,tabindex:2)
2025-04-07 15:01:44,242 [INFO] PluginManage:310 - Check plugin ddr
2025-04-07 15:01:44,245 [INFO] PluginManage:359 - Loaded plugin ddr (category:tool,tabindex:6)
2025-04-07 15:01:44,246 [INFO] PluginManage:310 - Check plugin filemanager
2025-04-07 15:01:44,440 [INFO] PluginManage:359 - Loaded plugin filemanager (category:base,tabindex:10)
2025-04-07 15:01:44,440 [INFO] PluginManage:310 - Check plugin ipmanager
2025-04-07 15:01:44,450 [INFO] PluginManage:359 - Loaded plugin ipmanager (category:base,tabindex:5)
2025-04-07 15:01:44,450 [INFO] PluginManage:310 - Check plugin lpbam
2025-04-07 15:01:44,461 [INFO] PluginManage:359 - Loaded plugin lpbam (category:base,tabindex:0)
2025-04-07 15:01:44,461 [INFO] PluginManage:310 - Check plugin memorymap
2025-04-07 15:01:44,478 [INFO] PluginManage:359 - Loaded plugin memorymap (category:base,tabindex:4)
2025-04-07 15:01:44,478 [INFO] PluginManage:310 - Check plugin pinoutandconfiguration
2025-04-07 15:01:44,490 [INFO] PluginManage:359 - Loaded plugin pinoutandconfiguration (category:base,tabindex:1)
2025-04-07 15:01:44,490 [INFO] PluginManage:310 - Check plugin pinoutconfig
2025-04-07 15:01:44,603 [WARN] SupportedApi:132 - Cannot load RTOS API schema: s4s-elt-must-match.1: The content of 'definitions' must match (annotation?, (simpleType | complexType)?, (unique | key | keyref)*)). A problem was found starting at: attribute.
2025-04-07 15:01:44,780 [INFO] PluginManage:359 - Loaded plugin pinoutconfig (category:base,tabindex:0)
2025-04-07 15:01:44,780 [INFO] PluginManage:310 - Check plugin power
2025-04-07 15:01:44,793 [INFO] PluginManage:359 - Loaded plugin power (category:power,tabindex:4)
2025-04-07 15:01:44,793 [INFO] PluginManage:310 - Check plugin projectmanager
2025-04-07 15:01:44,811 [INFO] PluginManage:359 - Loaded plugin projectmanager (category:projectmanager,tabindex:4)
2025-04-07 15:01:44,811 [INFO] PluginManage:310 - Check plugin rif
2025-04-07 15:01:44,819 [INFO] PluginManage:359 - Loaded plugin rif (category:base,tabindex:3)
2025-04-07 15:01:44,820 [INFO] PluginManage:310 - Check plugin thirdparty
2025-04-07 15:01:45,043 [INFO] PluginManage:359 - Loaded plugin thirdparty (category:base,tabindex:-1)
2025-04-07 15:01:45,043 [WARN] IntegrityCheckThread:84 - waiting for thirdparty lock release [integrity check]
2025-04-07 15:01:45,043 [INFO] PluginManage:310 - Check plugin tools
2025-04-07 15:01:45,043 [INFO] IntegrityCheckThread:86 - entering critical section [integrity check]
2025-04-07 15:01:45,044 [INFO] ThirdPartyUpdaterWithRetryManager:70 - Updater plugin not ready yet. [1/15]
2025-04-07 15:01:45,046 [INFO] PluginManage:359 - Loaded plugin tools (category:base,tabindex:7)
2025-04-07 15:01:45,047 [INFO] PluginManage:310 - Check plugin tutovideos
2025-04-07 15:01:45,278 [INFO] PluginManage:359 - Loaded plugin tutovideos (category:base,tabindex:-1)
2025-04-07 15:01:45,278 [INFO] PluginManage:310 - Check plugin updater
2025-04-07 15:01:45,308 [INFO] PluginManage:359 - Loaded plugin updater (category:base,tabindex:12)
2025-04-07 15:01:45,308 [INFO] PluginManage:310 - Check plugin userauth
2025-04-07 15:01:45,313 [INFO] UserAuth:118 - Init User Auth plugin
2025-04-07 15:01:45,314 [INFO] PluginManage:359 - Loaded plugin userauth (category:base,tabindex:14)
2025-04-07 15:01:45,314 [INFO] PluginManage:283 - PluginManage : Loaded plugins [18]
2025-04-07 15:01:45,585 [INFO] PinOutPanel:1589 - setPackage(No Configuration,No Configuration)
2025-04-07 15:01:45,701 [INFO] CADModel:165 - CPN selected for project level
2025-04-07 15:01:45,701 [INFO] CADModel:114 - Register for checkConnection events
2025-04-07 15:01:45,727 [INFO] IPUIPlugin:80 - create IPUIPlugin
2025-04-07 15:01:45,728 [INFO] PluginManager:220 - loadIPPluginJar : add adc
2025-04-07 15:01:45,731 [INFO] IPUIPlugin:80 - create IPUIPlugin
2025-04-07 15:01:45,731 [INFO] PluginManager:220 - loadIPPluginJar : add aes
2025-04-07 15:01:45,734 [INFO] IPUIPlugin:80 - create IPUIPlugin
2025-04-07 15:01:45,734 [INFO] PluginManager:220 - loadIPPluginJar : add can
2025-04-07 15:01:45,738 [INFO] IPUIPlugin:80 - create IPUIPlugin
2025-04-07 15:01:45,738 [INFO] PluginManager:220 - loadIPPluginJar : add comp
2025-04-07 15:01:45,740 [INFO] IPUIPlugin:80 - create IPUIPlugin
2025-04-07 15:01:45,741 [INFO] PluginManager:220 - loadIPPluginJar : add cryp
2025-04-07 15:01:45,745 [INFO] IPUIPlugin:80 - create IPUIPlugin
2025-04-07 15:01:45,745 [INFO] PluginManager:220 - loadIPPluginJar : add ddr_ctrl_phy
2025-04-07 15:01:45,748 [INFO] IPUIPlugin:80 - create IPUIPlugin
2025-04-07 15:01:45,748 [INFO] PluginManager:220 - loadIPPluginJar : add dfsdm
2025-04-07 15:01:45,754 [INFO] IPUIPlugin:80 - create IPUIPlugin
2025-04-07 15:01:45,754 [INFO] PluginManager:220 - loadIPPluginJar : add dma
2025-04-07 15:01:45,758 [INFO] IPUIPlugin:80 - create IPUIPlugin
2025-04-07 15:01:45,758 [INFO] PluginManager:220 - loadIPPluginJar : add dma3
2025-04-07 15:01:45,761 [INFO] IPUIPlugin:80 - create IPUIPlugin
2025-04-07 15:01:45,761 [INFO] PluginManager:220 - loadIPPluginJar : add extmemmanager
2025-04-07 15:01:45,763 [INFO] IPUIPlugin:80 - create IPUIPlugin
2025-04-07 15:01:45,764 [INFO] PluginManager:220 - loadIPPluginJar : add fatfs
2025-04-07 15:01:45,768 [INFO] IPUIPlugin:80 - create IPUIPlugin
2025-04-07 15:01:45,770 [INFO] PluginManager:220 - loadIPPluginJar : add fmc
2025-04-07 15:01:45,778 [INFO] IPUIPlugin:80 - create IPUIPlugin
2025-04-07 15:01:45,778 [INFO] PluginManager:220 - loadIPPluginJar : add freertos
2025-04-07 15:01:45,780 [INFO] IPUIPlugin:80 - create IPUIPlugin
2025-04-07 15:01:45,780 [INFO] PluginManager:220 - loadIPPluginJar : add genericplugin
2025-04-07 15:01:45,784 [INFO] IPUIPlugin:80 - create IPUIPlugin
2025-04-07 15:01:45,784 [INFO] PluginManager:220 - loadIPPluginJar : add gfxmmu
2025-04-07 15:01:45,789 [INFO] IPUIPlugin:80 - create IPUIPlugin
2025-04-07 15:01:45,790 [INFO] PluginManager:220 - loadIPPluginJar : add gic
2025-04-07 15:01:45,795 [INFO] IPUIPlugin:80 - create IPUIPlugin
2025-04-07 15:01:45,795 [INFO] PluginManager:220 - loadIPPluginJar : add gpio
2025-04-07 15:01:45,801 [INFO] IPUIPlugin:80 - create IPUIPlugin
2025-04-07 15:01:45,801 [INFO] PluginManager:220 - loadIPPluginJar : add gtzc
2025-04-07 15:01:45,804 [INFO] IPUIPlugin:80 - create IPUIPlugin
2025-04-07 15:01:45,804 [INFO] PluginManager:220 - loadIPPluginJar : add hash
2025-04-07 15:01:45,808 [INFO] IPUIPlugin:80 - create IPUIPlugin
2025-04-07 15:01:45,808 [INFO] PluginManager:220 - loadIPPluginJar : add i2c
2025-04-07 15:01:45,811 [INFO] IPUIPlugin:80 - create IPUIPlugin
2025-04-07 15:01:45,812 [INFO] PluginManager:220 - loadIPPluginJar : add i2s
2025-04-07 15:01:45,815 [INFO] IPUIPlugin:80 - create IPUIPlugin
2025-04-07 15:01:45,816 [INFO] PluginManager:220 - loadIPPluginJar : add i3c
2025-04-07 15:01:45,820 [INFO] IPUIPlugin:80 - create IPUIPlugin
2025-04-07 15:01:45,820 [INFO] PluginManager:220 - loadIPPluginJar : add ipddr
2025-04-07 15:01:45,831 [INFO] IPUIPlugin:80 - create IPUIPlugin
2025-04-07 15:01:45,832 [INFO] PluginManager:220 - loadIPPluginJar : add linkedlist
2025-04-07 15:01:45,836 [INFO] IPUIPlugin:80 - create IPUIPlugin
2025-04-07 15:01:45,837 [INFO] PluginManager:220 - loadIPPluginJar : add lorawan
2025-04-07 15:01:45,839 [INFO] IPUIPlugin:80 - create IPUIPlugin
2025-04-07 15:01:45,839 [INFO] PluginManager:220 - loadIPPluginJar : add ltdc
2025-04-07 15:01:45,847 [INFO] IPUIPlugin:80 - create IPUIPlugin
2025-04-07 15:01:45,847 [INFO] PluginManager:220 - loadIPPluginJar : add mdma
2025-04-07 15:01:45,851 [INFO] IPUIPlugin:80 - create IPUIPlugin
2025-04-07 15:01:45,852 [INFO] PluginManager:220 - loadIPPluginJar : add nvic
2025-04-07 15:01:45,856 [INFO] IPUIPlugin:80 - create IPUIPlugin
2025-04-07 15:01:45,857 [INFO] PluginManager:220 - loadIPPluginJar : add opamp
2025-04-07 15:01:45,861 [INFO] IPUIPlugin:80 - create IPUIPlugin
2025-04-07 15:01:45,861 [INFO] PluginManager:220 - loadIPPluginJar : add openamp
2025-04-07 15:01:45,865 [INFO] IPUIPlugin:80 - create IPUIPlugin
2025-04-07 15:01:45,865 [INFO] PluginManager:220 - loadIPPluginJar : add pdm2pcm
2025-04-07 15:01:45,873 [INFO] IPUIPlugin:80 - create IPUIPlugin
2025-04-07 15:01:45,876 [INFO] PluginManager:220 - loadIPPluginJar : add plateformsettings
2025-04-07 15:01:45,879 [INFO] IPUIPlugin:80 - create IPUIPlugin
2025-04-07 15:01:45,879 [INFO] PluginManager:220 - loadIPPluginJar : add quadspi
2025-04-07 15:01:45,881 [INFO] IPUIPlugin:80 - create IPUIPlugin
2025-04-07 15:01:45,882 [INFO] PluginManager:220 - loadIPPluginJar : add radio
2025-04-07 15:01:45,887 [INFO] IPUIPlugin:80 - create IPUIPlugin
2025-04-07 15:01:45,887 [INFO] PluginManager:220 - loadIPPluginJar : add resmgrutility
2025-04-07 15:01:45,892 [INFO] IPUIPlugin:80 - create IPUIPlugin
2025-04-07 15:01:45,892 [INFO] PluginManager:220 - loadIPPluginJar : add sai
2025-04-07 15:01:45,896 [INFO] IPUIPlugin:80 - create IPUIPlugin
2025-04-07 15:01:45,896 [INFO] PluginManager:220 - loadIPPluginJar : add spi
2025-04-07 15:01:45,904 [INFO] IPUIPlugin:80 - create IPUIPlugin
2025-04-07 15:01:45,905 [INFO] PluginManager:220 - loadIPPluginJar : add stm32_wpan
2025-04-07 15:01:45,908 [INFO] IPUIPlugin:80 - create IPUIPlugin
2025-04-07 15:01:45,908 [INFO] PluginManager:220 - loadIPPluginJar : add tim
2025-04-07 15:01:45,913 [INFO] IPUIPlugin:80 - create IPUIPlugin
2025-04-07 15:01:45,913 [INFO] PluginManager:220 - loadIPPluginJar : add touchsensing
2025-04-07 15:01:45,916 [INFO] IPUIPlugin:80 - create IPUIPlugin
2025-04-07 15:01:45,916 [INFO] PluginManager:220 - loadIPPluginJar : add tracer_emb
2025-04-07 15:01:45,919 [INFO] IPUIPlugin:80 - create IPUIPlugin
2025-04-07 15:01:45,919 [INFO] PluginManager:220 - loadIPPluginJar : add ts
2025-04-07 15:01:45,921 [INFO] IPUIPlugin:80 - create IPUIPlugin
2025-04-07 15:01:45,921 [INFO] PluginManager:220 - loadIPPluginJar : add tsc
2025-04-07 15:01:45,923 [INFO] IPUIPlugin:80 - create IPUIPlugin
2025-04-07 15:01:45,923 [INFO] PluginManager:220 - loadIPPluginJar : add ucpd
2025-04-07 15:01:45,927 [INFO] IPUIPlugin:80 - create IPUIPlugin
2025-04-07 15:01:45,928 [INFO] PluginManager:220 - loadIPPluginJar : add usart
2025-04-07 15:01:45,932 [INFO] IPUIPlugin:80 - create IPUIPlugin
2025-04-07 15:01:45,932 [INFO] PluginManager:220 - loadIPPluginJar : add usbx
2025-04-07 15:01:46,118 [FATAL] Updater:351 - Updater called before beeing initialized
2025-04-07 15:01:46,162 [INFO] RulesReader:64 - Compatibility file has been processed (301 Rules)
2025-04-07 15:01:46,220 [INFO] RulesReader:64 - Compatibility file has been processed (301 Rules)
2025-04-07 15:01:46,260 [INFO] CADModel:165 - CPN selected for project level
2025-04-07 15:01:46,260 [INFO] CADModel:114 - Register for checkConnection events
2025-04-07 15:01:46,260 [FATAL] Updater:351 - Updater called before beeing initialized
2025-04-07 15:01:46,260 [ERROR] CADModel:125 - Updater not yet initialized, retry later 
2025-04-07 15:01:46,455 [FATAL] Updater:351 - Updater called before beeing initialized
2025-04-07 15:01:46,457 [INFO] CADModel:165 - CPN selected for project level
2025-04-07 15:01:46,457 [INFO] CADModel:114 - Register for checkConnection events
2025-04-07 15:01:46,458 [FATAL] Updater:351 - Updater called before beeing initialized
2025-04-07 15:01:46,458 [ERROR] CADModel:125 - Updater not yet initialized, retry later 
2025-04-07 15:01:46,461 [FATAL] Updater:351 - Updater called before beeing initialized
2025-04-07 15:01:46,645 [FATAL] Updater:351 - Updater called before beeing initialized
2025-04-07 15:01:46,651 [INFO] DbMcusAds:53 - JSON generation date=Thu Mar 06 16:54:21 EET 2025 (1741272861825)
2025-04-07 15:01:46,651 [FATAL] Updater:351 - Updater called before beeing initialized
2025-04-07 15:01:46,703 [WARN] DetailPanel:346 - Failed to get advertising image, set to default
2025-04-07 15:01:47,028 [FATAL] Updater:351 - Updater called before beeing initialized
2025-04-07 15:01:47,030 [FATAL] Updater:351 - Updater called before beeing initialized
2025-04-07 15:01:47,030 [FATAL] Updater:351 - Updater called before beeing initialized
2025-04-07 15:01:47,032 [WARN] DetailPanel:346 - Failed to get advertising image, set to default
2025-04-07 15:01:47,033 [FATAL] Updater:351 - Updater called before beeing initialized
2025-04-07 15:01:47,130 [ERROR] Updater:1198 - MainUpdater not yet initialized. External WinMGr cannot be set.
2025-04-07 15:01:47,133 [INFO] Updater:1134 - Updater Version found : 6.14.0
2025-04-07 15:01:47,159 [INFO] ApplicationProperties:184 - Using Application install path: C:\ST\STM32CubeIDE_1.18.0\STM32CubeIDE\plugins\com.st.stm32cube.common.mx_6.14.0.202502271554
2025-04-07 15:01:48,045 [INFO] ThirdPartyUpdaterWithRetryManager:70 - Updater plugin not ready yet. [2/15]
2025-04-07 15:01:48,734 [ERROR] LogOutputStream:75 - [STDERR_REDIRECT] Apr 07, 2025 3:01:48 PM java.util.prefs.WindowsPreferences <init>
2025-04-07 15:01:48,736 [ERROR] LogOutputStream:75 - [STDERR_REDIRECT] WARNING: Could not open/create prefs root node Software\JavaSoft\Prefs at root 0xffffffff80000002. Windows RegCreateKeyEx(...) returned error code 5.
2025-04-07 15:01:48,736 [ERROR] LogOutputStream:75 - [STDERR_REDIRECT] 
2025-04-07 15:01:49,312 [INFO] MainUpdater:2872 - connection check result : 10
2025-04-07 15:01:49,312 [INFO] MainUpdater:3566 - Updater definition file requires update
2025-04-07 15:01:49,313 [INFO] MainUpdater:289 - Updater Check For Update Now.
2025-04-07 15:01:49,313 [INFO] MicroXplorer:498 - Change Database Version : DB.6.0.140
2025-04-07 15:01:49,321 [INFO] McuFinderGlobals:63 - Set McuFinder mode to 2 (CubeIDE integrated)
2025-04-07 15:01:49,322 [INFO] UserAuth:486 - Internet connection configuration mode: 1
2025-04-07 15:01:49,347 [INFO] JxBrowserEngine:152 - Initiate JxBrowser Engine with user profile folder
2025-04-07 15:01:49,551 [INFO] ServerAccessManage:473 - Download File updaters.zip
2025-04-07 15:01:49,690 [INFO] FileExtend:242 - Unzip File : updaters.zip
2025-04-07 15:01:49,690 [INFO] FileExtend:257 - Standard Zip Deflate
2025-04-07 15:01:50,373 [INFO] ServerAccessManage:473 - Download File PacksControlFlags.xml
2025-04-07 15:01:50,772 [INFO] ServerAccessManage:473 - Download File cubemx.pidx
2025-04-07 15:01:51,046 [WARN] MainUpdater:1193 - Updater busy. Cannot search thirdparties
2025-04-07 15:01:51,047 [INFO] ThirdPartyUpdaterWithRetryManager:96 - Updater plugin is busy. [1/15]
2025-04-07 15:01:51,055 [INFO] LoadServerUpdatesThread:375 - End of LoadServerUpdate Thread
2025-04-07 15:01:51,246 [INFO] CheckServerUpdateThread:120 - End of CheckServer Thread
2025-04-07 15:01:51,766 [INFO] WebApp:169 - Instantiating new browser for Auth
2025-04-07 15:01:52,733 [INFO] WebApp:463 - Apply proxy settings
2025-04-07 15:01:52,733 [INFO] WebApp:548 - Chromium requires no authentication
2025-04-07 15:01:52,747 [INFO] WebApp:491 - Direct internet connection detected
2025-04-07 15:01:52,784 [INFO] WebApp:894 - Register for checkConnection events
2025-04-07 15:01:52,785 [INFO] WebApp:463 - Apply proxy settings
2025-04-07 15:01:52,785 [INFO] WebApp:548 - Chromium requires no authentication
2025-04-07 15:01:52,785 [INFO] WebApp:491 - Direct internet connection detected
2025-04-07 15:01:53,019 [INFO] WebApp:225 - Starting web application
2025-04-07 15:01:53,019 [INFO] WebApp:593 - Web application path used C:\ST\STM32CubeIDE_1.18.0\STM32CubeIDE\plugins\com.st.stm32cube.common.mx_6.14.0.202502271554\db\plugins\mcufinder\reactClient1\index.html
2025-04-07 15:01:53,247 [INFO] UserAuth:486 - Internet connection configuration mode: 1
2025-04-07 15:01:53,675 [ERROR] LogOutputStream:75 - [STDERR_REDIRECT] [Fatal Error] :1:1: Premature end of file.
2025-04-07 15:01:53,676 [ERROR] LogOutputStream:75 - [STDERR_REDIRECT] 
2025-04-07 15:01:54,318 [ERROR] LogOutputStream:75 - [STDERR_REDIRECT] [Fatal Error] :1:1: Premature end of file.
2025-04-07 15:01:54,319 [ERROR] LogOutputStream:75 - [STDERR_REDIRECT] 
2025-04-07 15:01:54,356 [WARN] PackLoader:240 - Cannot read IP mode file for STMicroelectronics.FP-SNS-MOTENVWB1.1.4.0
2025-04-07 15:01:54,366 [WARN] PackLoader:240 - Cannot read IP mode file for STMicroelectronics.FP-ATR-ASTRA1.2.0.2
2025-04-07 15:01:54,376 [WARN] PackLoader:240 - Cannot read IP mode file for STMicroelectronics.X-CUBE-SMBUS.2.1.0
2025-04-07 15:01:54,387 [WARN] PackLoader:240 - Cannot read IP mode file for STMicroelectronics.X-CUBE-WB05N.1.1.0
2025-04-07 15:01:54,425 [WARN] PackLoader:240 - Cannot read IP mode file for STMicroelectronics.X-CUBE-AZRTOS-F7.1.1.0
2025-04-07 15:01:54,471 [WARN] PackLoader:240 - Cannot read IP mode file for Infineon.AIROC-Wi-Fi-Bluetooth-STM32.1.7.0
2025-04-07 15:01:54,493 [WARN] PackLoader:240 - Cannot read IP mode file for STMicroelectronics.X-CUBE-DISPLAY.3.0.0
2025-04-07 15:01:54,512 [WARN] PackLoader:240 - Cannot read IP mode file for STMicroelectronics.X-CUBE-NFC10.1.0.0
2025-04-07 15:01:54,532 [WARN] PackLoader:240 - Cannot read IP mode file for STMicroelectronics.X-CUBE-BLEMGR.4.0.0
2025-04-07 15:01:54,544 [WARN] PackLoader:240 - Cannot read IP mode file for emotas.I-CUBE-CANOPEN.1.3.0
2025-04-07 15:01:54,551 [WARN] ConditionMgr:438 - getConditionDescription Invalid condition id : Cortex-A Device cause : null
2025-04-07 15:01:54,566 [WARN] ConditionMgr:1044 - genDependencies : Invalid condition id : Cortex-A Device cause : null
2025-04-07 15:01:54,566 [WARN] ConditionMgr:1044 - genDependencies : Invalid condition id : Cortex-A Device cause : null
2025-04-07 15:01:54,567 [WARN] ConditionMgr:1044 - genDependencies : Invalid condition id : Cortex-A Device cause : null
2025-04-07 15:01:54,573 [WARN] PackLoader:240 - Cannot read IP mode file for STMicroelectronics.X-CUBE-AI.10.0.0
2025-04-07 15:01:54,580 [WARN] PackLoader:240 - Cannot read IP mode file for STMicroelectronics.FP-SNS-SMARTAG2.1.2.0
2025-04-07 15:01:54,587 [WARN] PackLoader:240 - Cannot read IP mode file for STMicroelectronics.FP-SNS-FLIGHT1.5.1.0
2025-04-07 15:01:54,650 [WARN] PackLoader:240 - Cannot read IP mode file for STMicroelectronics.X-CUBE-MEMS1.11.1.0
2025-04-07 15:01:54,854 [INFO] LogOutputStream:77 - [STDOUT_REDIRECT] 1 : Invalid condition id : UX_CORESTACK_Condition cause : null
2025-04-07 15:01:54,855 [INFO] LogOutputStream:77 - [STDOUT_REDIRECT] 1 : Invalid condition id : UX_CORESTACK_Condition cause : null
2025-04-07 15:01:54,856 [INFO] LogOutputStream:77 - [STDOUT_REDIRECT] 1 : Invalid condition id : UX_CORESTACK_Condition cause : null
2025-04-07 15:01:54,858 [INFO] LogOutputStream:77 - [STDOUT_REDIRECT] 1 : Invalid condition id : UX_CORESTACK_Condition cause : null
2025-04-07 15:01:54,858 [INFO] WebApp:191 - Connection restablished
2025-04-07 15:01:54,858 [INFO] LogOutputStream:77 - [STDOUT_REDIRECT] 1 : Invalid condition id : UX_CORESTACK_Condition cause : null
2025-04-07 15:01:54,863 [WARN] PackLoader:240 - Cannot read IP mode file for STMicroelectronics.X-CUBE-AZRTOS-WL.2.0.0
2025-04-07 15:01:54,871 [WARN] PackLoader:240 - Cannot read IP mode file for STMicroelectronics.FP-SNS-MOTENV1.5.0.0
2025-04-07 15:01:54,880 [WARN] PackLoader:240 - Cannot read IP mode file for WES.I-CUBE-Cesium.1.3.0
2025-04-07 15:01:54,885 [WARN] PackLoader:240 - Cannot read IP mode file for STMicroelectronics.X-CUBE-BLE2.3.3.0
2025-04-07 15:01:54,892 [WARN] PackLoader:240 - Cannot read IP mode file for STMicroelectronics.X-CUBE-NFC9.1.0.0
2025-04-07 15:01:54,898 [WARN] PackLoader:240 - Cannot read IP mode file for STMicroelectronics.X-CUBE-BLE1.7.1.0
2025-04-07 15:01:54,904 [WARN] PackLoader:240 - Cannot read IP mode file for wolfSSL.I-CUBE-wolfMQTT.1.19.2
2025-04-07 15:01:54,923 [WARN] PackLoader:240 - Cannot read IP mode file for STMicroelectronics.X-CUBE-AZRTOS-G0.1.1.0
2025-04-07 15:01:54,933 [WARN] PackLoader:240 - Cannot read IP mode file for STMicroelectronics.X-CUBE-SAFEA1.1.2.2
2025-04-07 15:01:54,940 [WARN] PackLoader:240 - Cannot read IP mode file for STMicroelectronics.X-CUBE-NFC4.3.0.0
2025-04-07 15:01:54,952 [WARN] PackLoader:240 - Cannot read IP mode file for EmbeddedOffice.I-CUBE-FS-RTOS.1.0.1
2025-04-07 15:01:54,958 [WARN] PackLoader:240 - Cannot read IP mode file for wolfSSL.I-CUBE-wolfTPM.3.8.0
2025-04-07 15:01:54,967 [WARN] PackLoader:240 - Cannot read IP mode file for STMicroelectronics.X-CUBE-TCPP.4.2.0
2025-04-07 15:01:54,975 [WARN] PackLoader:240 - Cannot read IP mode file for RealThread.X-CUBE-RT-Thread_Nano.4.1.1
2025-04-07 15:01:54,980 [WARN] PackLoader:240 - Cannot read IP mode file for STMicroelectronics.FP-ATR-SIGFOX1.3.2.0
2025-04-07 15:01:54,988 [WARN] PackLoader:240 - Cannot read IP mode file for STMicroelectronics.X-CUBE-EEPRMA1.5.1.0
2025-04-07 15:01:54,995 [WARN] PackLoader:240 - Cannot read IP mode file for wolfSSL.I-CUBE-wolfSSL.5.7.6
2025-04-07 15:01:55,002 [WARN] PackLoader:240 - Cannot read IP mode file for ITTIA_DB.I-CUBE-ITTIADB.8.9.0
2025-04-07 15:01:55,032 [WARN] PackLoader:240 - Cannot read IP mode file for SEGGER.I-CUBE-embOS.1.3.1
2025-04-07 15:01:55,066 [WARN] PackLoader:240 - Cannot read IP mode file for STMicroelectronics.X-CUBE-ALGOBUILD.1.4.0
2025-04-07 15:01:55,081 [WARN] PackLoader:240 - Cannot read IP mode file for STMicroelectronics.X-CUBE-AZRTOS-F4.1.1.0
2025-04-07 15:01:55,089 [WARN] PackLoader:240 - Cannot read IP mode file for STMicroelectronics.X-CUBE-ISPU.2.1.0
2025-04-07 15:01:55,105 [WARN] PackLoader:240 - Cannot read IP mode file for STMicroelectronics.X-CUBE-AZRTOS-L5.2.0.0
2025-04-07 15:01:55,118 [WARN] PackLoader:240 - Cannot read IP mode file for STMicroelectronics.X-CUBE-NFC6.3.1.0
2025-04-07 15:01:55,127 [WARN] PackLoader:240 - Cannot read IP mode file for STMicroelectronics.X-CUBE-DPower.1.2.0
2025-04-07 15:01:55,134 [WARN] PackLoader:240 - Cannot read IP mode file for STMicroelectronics.X-CUBE-FREERTOS.1.3.0
2025-04-07 15:01:55,140 [WARN] PackLoader:240 - Cannot read IP mode file for STMicroelectronics.X-CUBE-NFC7.1.0.1
2025-04-07 15:01:55,147 [WARN] PackLoader:240 - Cannot read IP mode file for STMicroelectronics.X-CUBE-DPower.1.3.0
2025-04-07 15:01:55,168 [WARN] ConditionMgr:438 - getConditionDescription Invalid condition id : LAN8742 Phy interface Condition cause : null
2025-04-07 15:01:55,169 [WARN] PackLoader:240 - Cannot read IP mode file for STMicroelectronics.X-CUBE-AZRTOS-L4.2.0.0
2025-04-07 15:01:55,170 [WARN] ConditionMgr:1044 - genDependencies : Invalid condition id : LAN8742 Phy interface Condition cause : null
2025-04-07 15:01:55,171 [WARN] ConditionMgr:1044 - genDependencies : Invalid condition id : LAN8742 Phy interface Condition cause : null
2025-04-07 15:01:55,171 [WARN] ConditionMgr:1044 - genDependencies : Invalid condition id : LAN8742 Phy interface Condition cause : null
2025-04-07 15:01:55,181 [WARN] PackLoader:240 - Cannot read IP mode file for STMicroelectronics.X-CUBE-SFXS2LP1.4.0.0
2025-04-07 15:01:55,201 [WARN] PackLoader:240 - Cannot read IP mode file for STMicroelectronics.X-CUBE-AZRTOS-H7.3.3.0
2025-04-07 15:01:55,215 [WARN] ConditionMgr:438 - getConditionDescription Invalid condition id : UX DEVICE CLASS RTOS Condition cause : null
2025-04-07 15:01:55,215 [WARN] ConditionMgr:438 - getConditionDescription Invalid condition id : UX DEVICE CLASS RTOS Condition cause : null
2025-04-07 15:01:55,217 [WARN] PackLoader:240 - Cannot read IP mode file for STMicroelectronics.X-CUBE-AZRTOS-WB.2.0.0
2025-04-07 15:01:55,217 [WARN] ConditionMgr:1044 - genDependencies : Invalid condition id : UX DEVICE CLASS RTOS Condition cause : null
2025-04-07 15:01:55,217 [WARN] ConditionMgr:1044 - genDependencies : Invalid condition id : UX DEVICE CLASS RTOS Condition cause : null
2025-04-07 15:01:55,218 [WARN] ConditionMgr:1044 - genDependencies : Invalid condition id : UX DEVICE CLASS RTOS Condition cause : null
2025-04-07 15:01:55,218 [WARN] ConditionMgr:1044 - genDependencies : Invalid condition id : UX DEVICE CLASS RTOS Condition cause : null
2025-04-07 15:01:55,218 [WARN] ConditionMgr:1044 - genDependencies : Invalid condition id : UX DEVICE CLASS RTOS Condition cause : null
2025-04-07 15:01:55,224 [WARN] PackLoader:240 - Cannot read IP mode file for STMicroelectronics.X-CUBE-GNSS1.7.0.1
2025-04-07 15:01:55,233 [WARN] PackLoader:240 - Cannot read IP mode file for STMicroelectronics.X-CUBE-TOUCHGFX.4.25.0
2025-04-07 15:01:55,239 [WARN] PackLoader:240 - Cannot read IP mode file for STMicroelectronics.FP-SNS-STBOX1.2.0.0
2025-04-07 15:01:55,253 [WARN] PackLoader:240 - Cannot read IP mode file for STMicroelectronics.X-CUBE-SUBG2.5.0.0
2025-04-07 15:01:55,279 [WARN] PackLoader:240 - Cannot read IP mode file for STMicroelectronics.X-CUBE-AZRTOS-H7RS.1.1.0
2025-04-07 15:01:55,287 [WARN] PackLoader:240 - Cannot read IP mode file for Cesanta.I-CUBE-Mongoose.7.13.0
2025-04-07 15:01:55,304 [WARN] PackLoader:240 - Cannot read IP mode file for STMicroelectronics.X-CUBE-AZRTOS-G4.2.0.0
2025-04-07 15:01:55,312 [WARN] PackLoader:240 - Cannot read IP mode file for wolfSSL.I-CUBE-wolfSSH.1.4.20
2025-04-07 15:01:55,326 [WARN] PackLoader:240 - Cannot read IP mode file for STMicroelectronics.X-CUBE-IPS.3.1.0
2025-04-07 15:01:55,326 [ERROR] LogOutputStream:75 - [STDERR_REDIRECT] [Fatal Error] :1:1: Premature end of file.
2025-04-07 15:01:55,326 [ERROR] LogOutputStream:75 - [STDERR_REDIRECT] 
2025-04-07 15:01:55,338 [WARN] PackLoader:240 - Cannot read IP mode file for STMicroelectronics.X-CUBE-ALS.1.0.2
2025-04-07 15:01:55,346 [WARN] PackLoader:240 - Cannot read IP mode file for portGmbH.I-Cube-SoM-uGOAL.1.1.0
2025-04-07 15:01:55,364 [WARN] PackLoader:240 - Cannot read IP mode file for STMicroelectronics.X-CUBE-AZRTOS-H7RS.1.0.0
2025-04-07 15:01:55,381 [WARN] PackLoader:240 - Cannot read IP mode file for STMicroelectronics.X-CUBE-TOF1.3.4.2
2025-04-07 15:01:55,401 [INFO] ThirdParty:978 - Integrity check success = true
2025-04-07 15:01:55,401 [INFO] IntegrityCheckThread:100 - exiting critical section [integrity check]
2025-04-07 15:01:55,401 [INFO] IntegrityCheckThread:103 - End integrity checks thread
2025-04-07 15:01:56,321 [ERROR] LogOutputStream:75 - [STDERR_REDIRECT] [Fatal Error] :1:1: Premature end of file.
2025-04-07 15:01:56,321 [ERROR] LogOutputStream:75 - [STDERR_REDIRECT] 
2025-04-07 15:01:57,322 [ERROR] LogOutputStream:75 - [STDERR_REDIRECT] [Fatal Error] :1:1: Premature end of file.
2025-04-07 15:01:57,322 [ERROR] LogOutputStream:75 - [STDERR_REDIRECT] 
2025-04-07 15:01:58,317 [ERROR] LogOutputStream:75 - [STDERR_REDIRECT] [Fatal Error] :1:1: Premature end of file.
2025-04-07 15:01:58,317 [ERROR] LogOutputStream:75 - [STDERR_REDIRECT] 
2025-04-07 15:01:59,332 [ERROR] LogOutputStream:75 - [STDERR_REDIRECT] [Fatal Error] :1:1: Premature end of file.
2025-04-07 15:01:59,332 [ERROR] LogOutputStream:75 - [STDERR_REDIRECT] 
2025-04-07 15:02:00,321 [ERROR] LogOutputStream:75 - [STDERR_REDIRECT] [Fatal Error] :1:1: Premature end of file.
2025-04-07 15:02:00,322 [ERROR] LogOutputStream:75 - [STDERR_REDIRECT] 
2025-04-07 15:02:01,322 [ERROR] LogOutputStream:75 - [STDERR_REDIRECT] [Fatal Error] :1:1: Premature end of file.
2025-04-07 15:02:01,323 [ERROR] LogOutputStream:75 - [STDERR_REDIRECT] 
2025-04-07 15:02:02,322 [ERROR] LogOutputStream:75 - [STDERR_REDIRECT] [Fatal Error] :1:1: Premature end of file.
2025-04-07 15:02:02,322 [ERROR] LogOutputStream:75 - [STDERR_REDIRECT] 
2025-04-07 15:02:03,318 [ERROR] LogOutputStream:75 - [STDERR_REDIRECT] [Fatal Error] :1:1: Premature end of file.
2025-04-07 15:02:03,320 [ERROR] LogOutputStream:75 - [STDERR_REDIRECT] 
2025-04-07 15:02:04,318 [ERROR] LogOutputStream:75 - [STDERR_REDIRECT] [Fatal Error] :1:1: Premature end of file.
2025-04-07 15:02:04,319 [ERROR] LogOutputStream:75 - [STDERR_REDIRECT] 
2025-04-07 15:02:05,323 [ERROR] LogOutputStream:75 - [STDERR_REDIRECT] [Fatal Error] :1:1: Premature end of file.
2025-04-07 15:02:05,324 [ERROR] LogOutputStream:75 - [STDERR_REDIRECT] 
2025-04-07 15:02:06,320 [ERROR] LogOutputStream:75 - [STDERR_REDIRECT] [Fatal Error] :1:1: Premature end of file.
2025-04-07 15:02:06,320 [ERROR] LogOutputStream:75 - [STDERR_REDIRECT] 
2025-04-07 15:02:07,321 [ERROR] LogOutputStream:75 - [STDERR_REDIRECT] [Fatal Error] :1:1: Premature end of file.
2025-04-07 15:02:07,321 [ERROR] LogOutputStream:75 - [STDERR_REDIRECT] 
2025-04-07 15:02:08,321 [ERROR] LogOutputStream:75 - [STDERR_REDIRECT] [Fatal Error] :1:1: Premature end of file.
2025-04-07 15:02:08,321 [ERROR] LogOutputStream:75 - [STDERR_REDIRECT] 
2025-04-07 15:02:09,322 [ERROR] LogOutputStream:75 - [STDERR_REDIRECT] [Fatal Error] :1:1: Premature end of file.
2025-04-07 15:02:09,322 [ERROR] LogOutputStream:75 - [STDERR_REDIRECT] 
2025-04-07 15:02:10,320 [ERROR] LogOutputStream:75 - [STDERR_REDIRECT] [Fatal Error] :1:1: Premature end of file.
2025-04-07 15:02:10,322 [ERROR] LogOutputStream:75 - [STDERR_REDIRECT] 
2025-04-07 15:02:11,321 [ERROR] LogOutputStream:75 - [STDERR_REDIRECT] [Fatal Error] :1:1: Premature end of file.
2025-04-07 15:02:11,322 [ERROR] LogOutputStream:75 - [STDERR_REDIRECT] 
2025-04-07 15:02:12,321 [ERROR] LogOutputStream:75 - [STDERR_REDIRECT] [Fatal Error] :1:1: Premature end of file.
2025-04-07 15:02:12,321 [ERROR] LogOutputStream:75 - [STDERR_REDIRECT] 
2025-04-07 15:02:13,319 [ERROR] LogOutputStream:75 - [STDERR_REDIRECT] [Fatal Error] :1:1: Premature end of file.
2025-04-07 15:02:13,319 [ERROR] LogOutputStream:75 - [STDERR_REDIRECT] 
2025-04-07 15:02:14,320 [ERROR] LogOutputStream:75 - [STDERR_REDIRECT] [Fatal Error] :1:1: Premature end of file.
2025-04-07 15:02:14,320 [ERROR] LogOutputStream:75 - [STDERR_REDIRECT] 
2025-04-07 15:02:15,327 [ERROR] LogOutputStream:75 - [STDERR_REDIRECT] [Fatal Error] :1:1: Premature end of file.
2025-04-07 15:02:15,327 [ERROR] LogOutputStream:75 - [STDERR_REDIRECT] 
2025-04-07 15:02:16,346 [ERROR] LogOutputStream:75 - [STDERR_REDIRECT] [Fatal Error] :1:1: Premature end of file.
2025-04-07 15:02:16,346 [ERROR] LogOutputStream:75 - [STDERR_REDIRECT] 
2025-04-07 15:02:17,324 [ERROR] LogOutputStream:75 - [STDERR_REDIRECT] [Fatal Error] :1:1: Premature end of file.
2025-04-07 15:02:17,324 [ERROR] LogOutputStream:75 - [STDERR_REDIRECT] 
2025-04-07 15:02:18,325 [ERROR] LogOutputStream:75 - [STDERR_REDIRECT] [Fatal Error] :1:1: Premature end of file.
2025-04-07 15:02:18,325 [ERROR] LogOutputStream:75 - [STDERR_REDIRECT] 
2025-04-07 15:02:19,325 [ERROR] LogOutputStream:75 - [STDERR_REDIRECT] [Fatal Error] :1:1: Premature end of file.
2025-04-07 15:02:19,325 [ERROR] LogOutputStream:75 - [STDERR_REDIRECT] 
2025-04-07 15:02:20,321 [ERROR] LogOutputStream:75 - [STDERR_REDIRECT] [Fatal Error] :1:1: Premature end of file.
2025-04-07 15:02:20,321 [ERROR] LogOutputStream:75 - [STDERR_REDIRECT] 
2025-04-07 15:02:21,325 [ERROR] LogOutputStream:75 - [STDERR_REDIRECT] [Fatal Error] :1:1: Premature end of file.
2025-04-07 15:02:21,326 [ERROR] LogOutputStream:75 - [STDERR_REDIRECT] 
2025-04-07 15:02:22,321 [ERROR] LogOutputStream:75 - [STDERR_REDIRECT] [Fatal Error] :1:1: Premature end of file.
2025-04-07 15:02:22,322 [ERROR] LogOutputStream:75 - [STDERR_REDIRECT] 
2025-04-07 15:02:23,323 [ERROR] LogOutputStream:75 - [STDERR_REDIRECT] [Fatal Error] :1:1: Premature end of file.
2025-04-07 15:02:23,324 [ERROR] LogOutputStream:75 - [STDERR_REDIRECT] 
2025-04-07 15:02:24,320 [ERROR] LogOutputStream:75 - [STDERR_REDIRECT] [Fatal Error] :1:1: Premature end of file.
2025-04-07 15:02:24,320 [ERROR] LogOutputStream:75 - [STDERR_REDIRECT] 
2025-04-07 15:02:25,322 [ERROR] LogOutputStream:75 - [STDERR_REDIRECT] [Fatal Error] :1:1: Premature end of file.
2025-04-07 15:02:25,322 [ERROR] LogOutputStream:75 - [STDERR_REDIRECT] 
2025-04-07 15:02:26,326 [ERROR] LogOutputStream:75 - [STDERR_REDIRECT] [Fatal Error] :1:1: Premature end of file.
2025-04-07 15:02:26,326 [ERROR] LogOutputStream:75 - [STDERR_REDIRECT] 
2025-04-07 15:02:27,322 [ERROR] LogOutputStream:75 - [STDERR_REDIRECT] [Fatal Error] :1:1: Premature end of file.
2025-04-07 15:02:27,322 [ERROR] LogOutputStream:75 - [STDERR_REDIRECT] 
2025-04-07 15:02:28,323 [ERROR] LogOutputStream:75 - [STDERR_REDIRECT] [Fatal Error] :1:1: Premature end of file.
2025-04-07 15:02:28,324 [ERROR] LogOutputStream:75 - [STDERR_REDIRECT] 
2025-04-07 15:02:29,330 [ERROR] LogOutputStream:75 - [STDERR_REDIRECT] [Fatal Error] :1:1: Premature end of file.
2025-04-07 15:02:29,331 [ERROR] LogOutputStream:75 - [STDERR_REDIRECT] 
2025-04-07 15:02:30,319 [ERROR] LogOutputStream:75 - [STDERR_REDIRECT] [Fatal Error] :1:1: Premature end of file.
2025-04-07 15:02:30,319 [ERROR] LogOutputStream:75 - [STDERR_REDIRECT] 
2025-04-07 15:02:31,321 [ERROR] LogOutputStream:75 - [STDERR_REDIRECT] [Fatal Error] :1:1: Premature end of file.
2025-04-07 15:02:31,322 [ERROR] LogOutputStream:75 - [STDERR_REDIRECT] 
2025-04-07 15:02:32,323 [ERROR] LogOutputStream:75 - [STDERR_REDIRECT] [Fatal Error] :1:1: Premature end of file.
2025-04-07 15:02:32,323 [ERROR] LogOutputStream:75 - [STDERR_REDIRECT] 
2025-04-07 15:02:33,325 [ERROR] LogOutputStream:75 - [STDERR_REDIRECT] [Fatal Error] :1:1: Premature end of file.
2025-04-07 15:02:33,325 [ERROR] LogOutputStream:75 - [STDERR_REDIRECT] 
2025-04-07 15:02:34,321 [ERROR] LogOutputStream:75 - [STDERR_REDIRECT] [Fatal Error] :1:1: Premature end of file.
2025-04-07 15:02:34,321 [ERROR] LogOutputStream:75 - [STDERR_REDIRECT] 
2025-04-07 15:02:35,329 [ERROR] LogOutputStream:75 - [STDERR_REDIRECT] [Fatal Error] :1:1: Premature end of file.
2025-04-07 15:02:35,329 [ERROR] LogOutputStream:75 - [STDERR_REDIRECT] 
2025-04-07 15:02:36,325 [ERROR] LogOutputStream:75 - [STDERR_REDIRECT] [Fatal Error] :1:1: Premature end of file.
2025-04-07 15:02:36,325 [ERROR] LogOutputStream:75 - [STDERR_REDIRECT] 
2025-04-07 15:02:37,320 [ERROR] LogOutputStream:75 - [STDERR_REDIRECT] [Fatal Error] :1:1: Premature end of file.
2025-04-07 15:02:37,320 [ERROR] LogOutputStream:75 - [STDERR_REDIRECT] 
2025-04-07 15:02:38,320 [ERROR] LogOutputStream:75 - [STDERR_REDIRECT] [Fatal Error] :1:1: Premature end of file.
2025-04-07 15:02:38,321 [ERROR] LogOutputStream:75 - [STDERR_REDIRECT] 
2025-04-07 15:02:39,324 [ERROR] LogOutputStream:75 - [STDERR_REDIRECT] [Fatal Error] :1:1: Premature end of file.
2025-04-07 15:02:39,324 [ERROR] LogOutputStream:75 - [STDERR_REDIRECT] 
2025-04-07 15:02:40,320 [ERROR] LogOutputStream:75 - [STDERR_REDIRECT] [Fatal Error] :1:1: Premature end of file.
2025-04-07 15:02:40,321 [ERROR] LogOutputStream:75 - [STDERR_REDIRECT] 
2025-04-07 15:02:41,323 [ERROR] LogOutputStream:75 - [STDERR_REDIRECT] [Fatal Error] :1:1: Premature end of file.
2025-04-07 15:02:41,323 [ERROR] LogOutputStream:75 - [STDERR_REDIRECT] 
2025-04-07 15:02:42,322 [ERROR] LogOutputStream:75 - [STDERR_REDIRECT] [Fatal Error] :1:1: Premature end of file.
2025-04-07 15:02:42,322 [ERROR] LogOutputStream:75 - [STDERR_REDIRECT] 
2025-04-07 15:02:43,321 [ERROR] LogOutputStream:75 - [STDERR_REDIRECT] [Fatal Error] :1:1: Premature end of file.
2025-04-07 15:02:43,321 [ERROR] LogOutputStream:75 - [STDERR_REDIRECT] 
2025-04-07 15:02:44,321 [ERROR] LogOutputStream:75 - [STDERR_REDIRECT] [Fatal Error] :1:1: Premature end of file.
2025-04-07 15:02:44,322 [ERROR] LogOutputStream:75 - [STDERR_REDIRECT] 
2025-04-07 15:02:45,322 [ERROR] LogOutputStream:75 - [STDERR_REDIRECT] [Fatal Error] :1:1: Premature end of file.
2025-04-07 15:02:45,322 [ERROR] LogOutputStream:75 - [STDERR_REDIRECT] 
2025-04-07 15:02:46,320 [ERROR] LogOutputStream:75 - [STDERR_REDIRECT] [Fatal Error] :1:1: Premature end of file.
2025-04-07 15:02:46,320 [ERROR] LogOutputStream:75 - [STDERR_REDIRECT] 
2025-04-07 15:02:47,320 [ERROR] LogOutputStream:75 - [STDERR_REDIRECT] [Fatal Error] :1:1: Premature end of file.
2025-04-07 15:02:47,321 [ERROR] LogOutputStream:75 - [STDERR_REDIRECT] 
2025-04-07 15:02:48,320 [ERROR] LogOutputStream:75 - [STDERR_REDIRECT] [Fatal Error] :1:1: Premature end of file.
2025-04-07 15:02:48,320 [ERROR] LogOutputStream:75 - [STDERR_REDIRECT] 
2025-04-07 15:02:49,325 [ERROR] LogOutputStream:75 - [STDERR_REDIRECT] [Fatal Error] :1:1: Premature end of file.
2025-04-07 15:02:49,325 [ERROR] LogOutputStream:75 - [STDERR_REDIRECT] 
2025-04-07 15:02:50,392 [ERROR] LogOutputStream:75 - [STDERR_REDIRECT] [Fatal Error] :1:1: Premature end of file.
2025-04-07 15:02:50,393 [ERROR] LogOutputStream:75 - [STDERR_REDIRECT] 
2025-04-07 15:02:51,321 [ERROR] LogOutputStream:75 - [STDERR_REDIRECT] [Fatal Error] :1:1: Premature end of file.
2025-04-07 15:02:51,322 [ERROR] LogOutputStream:75 - [STDERR_REDIRECT] 
2025-04-07 15:02:52,323 [ERROR] LogOutputStream:75 - [STDERR_REDIRECT] [Fatal Error] :1:1: Premature end of file.
2025-04-07 15:02:52,323 [ERROR] LogOutputStream:75 - [STDERR_REDIRECT] 
2025-04-07 15:02:53,319 [ERROR] LogOutputStream:75 - [STDERR_REDIRECT] [Fatal Error] :1:1: Premature end of file.
2025-04-07 15:02:53,319 [ERROR] LogOutputStream:75 - [STDERR_REDIRECT] 
2025-04-07 15:02:54,323 [ERROR] LogOutputStream:75 - [STDERR_REDIRECT] [Fatal Error] :1:1: Premature end of file.
2025-04-07 15:02:54,323 [ERROR] LogOutputStream:75 - [STDERR_REDIRECT] 
2025-04-07 15:02:55,320 [ERROR] LogOutputStream:75 - [STDERR_REDIRECT] [Fatal Error] :1:1: Premature end of file.
2025-04-07 15:02:55,320 [ERROR] LogOutputStream:75 - [STDERR_REDIRECT] 
2025-04-07 15:02:56,330 [ERROR] LogOutputStream:75 - [STDERR_REDIRECT] [Fatal Error] :1:1: Premature end of file.
2025-04-07 15:02:56,330 [ERROR] LogOutputStream:75 - [STDERR_REDIRECT] 
2025-04-07 15:02:57,320 [ERROR] LogOutputStream:75 - [STDERR_REDIRECT] [Fatal Error] :1:1: Premature end of file.
2025-04-07 15:02:57,320 [ERROR] LogOutputStream:75 - [STDERR_REDIRECT] 
2025-04-07 15:02:58,321 [ERROR] LogOutputStream:75 - [STDERR_REDIRECT] [Fatal Error] :1:1: Premature end of file.
2025-04-07 15:02:58,322 [ERROR] LogOutputStream:75 - [STDERR_REDIRECT] 
2025-04-07 15:02:59,319 [ERROR] LogOutputStream:75 - [STDERR_REDIRECT] [Fatal Error] :1:1: Premature end of file.
2025-04-07 15:02:59,320 [ERROR] LogOutputStream:75 - [STDERR_REDIRECT] 
2025-04-07 15:03:00,331 [ERROR] LogOutputStream:75 - [STDERR_REDIRECT] [Fatal Error] :1:1: Premature end of file.
2025-04-07 15:03:00,331 [ERROR] LogOutputStream:75 - [STDERR_REDIRECT] 
2025-04-07 15:03:01,326 [ERROR] LogOutputStream:75 - [STDERR_REDIRECT] [Fatal Error] :1:1: Premature end of file.
2025-04-07 15:03:01,326 [ERROR] LogOutputStream:75 - [STDERR_REDIRECT] 
2025-04-07 15:03:02,322 [ERROR] LogOutputStream:75 - [STDERR_REDIRECT] [Fatal Error] :1:1: Premature end of file.
2025-04-07 15:03:02,323 [ERROR] LogOutputStream:75 - [STDERR_REDIRECT] 
2025-04-07 15:03:03,323 [ERROR] LogOutputStream:75 - [STDERR_REDIRECT] [Fatal Error] :1:1: Premature end of file.
2025-04-07 15:03:03,324 [ERROR] LogOutputStream:75 - [STDERR_REDIRECT] 
2025-04-07 15:03:04,320 [ERROR] LogOutputStream:75 - [STDERR_REDIRECT] [Fatal Error] :1:1: Premature end of file.
2025-04-07 15:03:04,320 [ERROR] LogOutputStream:75 - [STDERR_REDIRECT] 
2025-04-07 15:03:05,321 [ERROR] LogOutputStream:75 - [STDERR_REDIRECT] [Fatal Error] :1:1: Premature end of file.
2025-04-07 15:03:05,322 [ERROR] LogOutputStream:75 - [STDERR_REDIRECT] 
2025-04-07 15:03:06,323 [ERROR] LogOutputStream:75 - [STDERR_REDIRECT] [Fatal Error] :1:1: Premature end of file.
2025-04-07 15:03:06,323 [ERROR] LogOutputStream:75 - [STDERR_REDIRECT] 
2025-04-07 15:03:07,320 [ERROR] LogOutputStream:75 - [STDERR_REDIRECT] [Fatal Error] :1:1: Premature end of file.
2025-04-07 15:03:07,320 [ERROR] LogOutputStream:75 - [STDERR_REDIRECT] 
2025-04-07 15:03:08,321 [ERROR] LogOutputStream:75 - [STDERR_REDIRECT] [Fatal Error] :1:1: Premature end of file.
2025-04-07 15:03:08,322 [ERROR] LogOutputStream:75 - [STDERR_REDIRECT] 
2025-04-07 15:03:09,320 [ERROR] LogOutputStream:75 - [STDERR_REDIRECT] [Fatal Error] :1:1: Premature end of file.
2025-04-07 15:03:09,321 [ERROR] LogOutputStream:75 - [STDERR_REDIRECT] 
2025-04-07 15:03:10,322 [ERROR] LogOutputStream:75 - [STDERR_REDIRECT] [Fatal Error] :1:1: Premature end of file.
2025-04-07 15:03:10,322 [ERROR] LogOutputStream:75 - [STDERR_REDIRECT] 
2025-04-07 15:03:11,326 [ERROR] LogOutputStream:75 - [STDERR_REDIRECT] [Fatal Error] :1:1: Premature end of file.
2025-04-07 15:03:11,327 [ERROR] LogOutputStream:75 - [STDERR_REDIRECT] 
2025-04-07 15:03:12,322 [ERROR] LogOutputStream:75 - [STDERR_REDIRECT] [Fatal Error] :1:1: Premature end of file.
2025-04-07 15:03:12,322 [ERROR] LogOutputStream:75 - [STDERR_REDIRECT] 
2025-04-07 15:03:13,323 [ERROR] LogOutputStream:75 - [STDERR_REDIRECT] [Fatal Error] :1:1: Premature end of file.
2025-04-07 15:03:13,323 [ERROR] LogOutputStream:75 - [STDERR_REDIRECT] 
2025-04-07 15:03:14,334 [ERROR] LogOutputStream:75 - [STDERR_REDIRECT] [Fatal Error] :1:1: Premature end of file.
2025-04-07 15:03:14,334 [ERROR] LogOutputStream:75 - [STDERR_REDIRECT] 
2025-04-07 15:03:15,322 [ERROR] LogOutputStream:75 - [STDERR_REDIRECT] [Fatal Error] :1:1: Premature end of file.
2025-04-07 15:03:15,323 [ERROR] LogOutputStream:75 - [STDERR_REDIRECT] 
2025-04-07 15:03:16,320 [ERROR] LogOutputStream:75 - [STDERR_REDIRECT] [Fatal Error] :1:1: Premature end of file.
2025-04-07 15:03:16,320 [ERROR] LogOutputStream:75 - [STDERR_REDIRECT] 
2025-04-07 15:03:17,321 [ERROR] LogOutputStream:75 - [STDERR_REDIRECT] [Fatal Error] :1:1: Premature end of file.
2025-04-07 15:03:17,321 [ERROR] LogOutputStream:75 - [STDERR_REDIRECT] 
2025-04-07 15:03:18,321 [ERROR] LogOutputStream:75 - [STDERR_REDIRECT] [Fatal Error] :1:1: Premature end of file.
2025-04-07 15:03:18,321 [ERROR] LogOutputStream:75 - [STDERR_REDIRECT] 
2025-04-07 15:03:19,324 [ERROR] LogOutputStream:75 - [STDERR_REDIRECT] [Fatal Error] :1:1: Premature end of file.
2025-04-07 15:03:19,324 [ERROR] LogOutputStream:75 - [STDERR_REDIRECT] 
2025-04-07 15:03:20,323 [ERROR] LogOutputStream:75 - [STDERR_REDIRECT] [Fatal Error] :1:1: Premature end of file.
2025-04-07 15:03:20,342 [ERROR] LogOutputStream:75 - [STDERR_REDIRECT] 
2025-04-07 15:03:21,321 [ERROR] LogOutputStream:75 - [STDERR_REDIRECT] [Fatal Error] :1:1: Premature end of file.
2025-04-07 15:03:21,321 [ERROR] LogOutputStream:75 - [STDERR_REDIRECT] 
2025-04-07 15:03:22,322 [ERROR] LogOutputStream:75 - [STDERR_REDIRECT] [Fatal Error] :1:1: Premature end of file.
2025-04-07 15:03:22,322 [ERROR] LogOutputStream:75 - [STDERR_REDIRECT] 
2025-04-07 15:03:23,329 [ERROR] LogOutputStream:75 - [STDERR_REDIRECT] [Fatal Error] :1:1: Premature end of file.
2025-04-07 15:03:23,329 [ERROR] LogOutputStream:75 - [STDERR_REDIRECT] 
2025-04-07 15:03:24,323 [ERROR] LogOutputStream:75 - [STDERR_REDIRECT] [Fatal Error] :1:1: Premature end of file.
2025-04-07 15:03:24,323 [ERROR] LogOutputStream:75 - [STDERR_REDIRECT] 
2025-04-07 15:03:25,317 [ERROR] LogOutputStream:75 - [STDERR_REDIRECT] [Fatal Error] :1:1: Premature end of file.
2025-04-07 15:03:25,317 [ERROR] LogOutputStream:75 - [STDERR_REDIRECT] 
2025-04-07 15:03:26,325 [ERROR] LogOutputStream:75 - [STDERR_REDIRECT] [Fatal Error] :1:1: Premature end of file.
2025-04-07 15:03:26,326 [ERROR] LogOutputStream:75 - [STDERR_REDIRECT] 
2025-04-07 15:03:27,328 [ERROR] LogOutputStream:75 - [STDERR_REDIRECT] [Fatal Error] :1:1: Premature end of file.
2025-04-07 15:03:27,328 [ERROR] LogOutputStream:75 - [STDERR_REDIRECT] 
2025-04-07 15:03:28,334 [ERROR] LogOutputStream:75 - [STDERR_REDIRECT] [Fatal Error] :1:1: Premature end of file.
2025-04-07 15:03:28,334 [ERROR] LogOutputStream:75 - [STDERR_REDIRECT] 
2025-04-07 15:03:29,326 [ERROR] LogOutputStream:75 - [STDERR_REDIRECT] [Fatal Error] :1:1: Premature end of file.
2025-04-07 15:03:29,326 [ERROR] LogOutputStream:75 - [STDERR_REDIRECT] 
2025-04-07 15:03:30,323 [ERROR] LogOutputStream:75 - [STDERR_REDIRECT] [Fatal Error] :1:1: Premature end of file.
2025-04-07 15:03:30,323 [ERROR] LogOutputStream:75 - [STDERR_REDIRECT] 
2025-04-07 15:03:31,324 [ERROR] LogOutputStream:75 - [STDERR_REDIRECT] [Fatal Error] :1:1: Premature end of file.
2025-04-07 15:03:31,324 [ERROR] LogOutputStream:75 - [STDERR_REDIRECT] 
2025-04-07 15:03:32,321 [ERROR] LogOutputStream:75 - [STDERR_REDIRECT] [Fatal Error] :1:1: Premature end of file.
2025-04-07 15:03:32,322 [ERROR] LogOutputStream:75 - [STDERR_REDIRECT] 
2025-04-07 15:03:33,321 [ERROR] LogOutputStream:75 - [STDERR_REDIRECT] [Fatal Error] :1:1: Premature end of file.
2025-04-07 15:03:33,322 [ERROR] LogOutputStream:75 - [STDERR_REDIRECT] 
2025-04-07 15:03:34,323 [ERROR] LogOutputStream:75 - [STDERR_REDIRECT] [Fatal Error] :1:1: Premature end of file.
2025-04-07 15:03:34,323 [ERROR] LogOutputStream:75 - [STDERR_REDIRECT] 
2025-04-07 15:03:35,323 [ERROR] LogOutputStream:75 - [STDERR_REDIRECT] [Fatal Error] :1:1: Premature end of file.
2025-04-07 15:03:35,323 [ERROR] LogOutputStream:75 - [STDERR_REDIRECT] 
2025-04-07 15:03:36,318 [ERROR] LogOutputStream:75 - [STDERR_REDIRECT] [Fatal Error] :1:1: Premature end of file.
2025-04-07 15:03:36,319 [ERROR] LogOutputStream:75 - [STDERR_REDIRECT] 
2025-04-07 15:03:37,326 [ERROR] LogOutputStream:75 - [STDERR_REDIRECT] [Fatal Error] :1:1: Premature end of file.
2025-04-07 15:03:37,327 [ERROR] LogOutputStream:75 - [STDERR_REDIRECT] 
2025-04-07 15:03:38,320 [ERROR] LogOutputStream:75 - [STDERR_REDIRECT] [Fatal Error] :1:1: Premature end of file.
2025-04-07 15:03:38,321 [ERROR] LogOutputStream:75 - [STDERR_REDIRECT] 
2025-04-07 15:03:39,321 [ERROR] LogOutputStream:75 - [STDERR_REDIRECT] [Fatal Error] :1:1: Premature end of file.
2025-04-07 15:03:39,322 [ERROR] LogOutputStream:75 - [STDERR_REDIRECT] 
2025-04-07 15:03:40,321 [ERROR] LogOutputStream:75 - [STDERR_REDIRECT] [Fatal Error] :1:1: Premature end of file.
2025-04-07 15:03:40,321 [ERROR] LogOutputStream:75 - [STDERR_REDIRECT] 
2025-04-07 15:03:41,324 [ERROR] LogOutputStream:75 - [STDERR_REDIRECT] [Fatal Error] :1:1: Premature end of file.
2025-04-07 15:03:41,324 [ERROR] LogOutputStream:75 - [STDERR_REDIRECT] 
2025-04-07 15:03:42,322 [ERROR] LogOutputStream:75 - [STDERR_REDIRECT] [Fatal Error] :1:1: Premature end of file.
2025-04-07 15:03:42,322 [ERROR] LogOutputStream:75 - [STDERR_REDIRECT] 
2025-04-07 15:03:43,319 [ERROR] LogOutputStream:75 - [STDERR_REDIRECT] [Fatal Error] :1:1: Premature end of file.
2025-04-07 15:03:43,319 [ERROR] LogOutputStream:75 - [STDERR_REDIRECT] 
2025-04-07 15:03:44,321 [ERROR] LogOutputStream:75 - [STDERR_REDIRECT] [Fatal Error] :1:1: Premature end of file.
2025-04-07 15:03:44,321 [ERROR] LogOutputStream:75 - [STDERR_REDIRECT] 
2025-04-07 15:03:45,324 [ERROR] LogOutputStream:75 - [STDERR_REDIRECT] [Fatal Error] :1:1: Premature end of file.
2025-04-07 15:03:45,324 [ERROR] LogOutputStream:75 - [STDERR_REDIRECT] 
2025-04-07 15:03:46,325 [ERROR] LogOutputStream:75 - [STDERR_REDIRECT] [Fatal Error] :1:1: Premature end of file.
2025-04-07 15:03:46,325 [ERROR] LogOutputStream:75 - [STDERR_REDIRECT] 
2025-04-07 15:03:47,320 [ERROR] LogOutputStream:75 - [STDERR_REDIRECT] [Fatal Error] :1:1: Premature end of file.
2025-04-07 15:03:47,320 [ERROR] LogOutputStream:75 - [STDERR_REDIRECT] 
2025-04-07 15:03:48,322 [ERROR] LogOutputStream:75 - [STDERR_REDIRECT] [Fatal Error] :1:1: Premature end of file.
2025-04-07 15:03:48,322 [ERROR] LogOutputStream:75 - [STDERR_REDIRECT] 
2025-04-07 15:03:49,325 [ERROR] LogOutputStream:75 - [STDERR_REDIRECT] [Fatal Error] :1:1: Premature end of file.
2025-04-07 15:03:49,325 [ERROR] LogOutputStream:75 - [STDERR_REDIRECT] 
2025-04-07 15:03:50,324 [ERROR] LogOutputStream:75 - [STDERR_REDIRECT] [Fatal Error] :1:1: Premature end of file.
2025-04-07 15:03:50,325 [ERROR] LogOutputStream:75 - [STDERR_REDIRECT] 
2025-04-07 15:03:51,326 [ERROR] LogOutputStream:75 - [STDERR_REDIRECT] [Fatal Error] :1:1: Premature end of file.
2025-04-07 15:03:51,326 [ERROR] LogOutputStream:75 - [STDERR_REDIRECT] 
2025-04-07 15:03:52,320 [ERROR] LogOutputStream:75 - [STDERR_REDIRECT] [Fatal Error] :1:1: Premature end of file.
2025-04-07 15:03:52,320 [ERROR] LogOutputStream:75 - [STDERR_REDIRECT] 
2025-04-07 15:03:53,321 [ERROR] LogOutputStream:75 - [STDERR_REDIRECT] [Fatal Error] :1:1: Premature end of file.
2025-04-07 15:03:53,321 [ERROR] LogOutputStream:75 - [STDERR_REDIRECT] 
2025-04-07 15:03:54,320 [ERROR] LogOutputStream:75 - [STDERR_REDIRECT] [Fatal Error] :1:1: Premature end of file.
2025-04-07 15:03:54,321 [ERROR] LogOutputStream:75 - [STDERR_REDIRECT] 
2025-04-07 15:03:55,321 [ERROR] LogOutputStream:75 - [STDERR_REDIRECT] [Fatal Error] :1:1: Premature end of file.
2025-04-07 15:03:55,321 [ERROR] LogOutputStream:75 - [STDERR_REDIRECT] 
2025-04-07 15:03:56,320 [ERROR] LogOutputStream:75 - [STDERR_REDIRECT] [Fatal Error] :1:1: Premature end of file.
2025-04-07 15:03:56,321 [ERROR] LogOutputStream:75 - [STDERR_REDIRECT] 
2025-04-07 15:03:57,322 [ERROR] LogOutputStream:75 - [STDERR_REDIRECT] [Fatal Error] :1:1: Premature end of file.
2025-04-07 15:03:57,322 [ERROR] LogOutputStream:75 - [STDERR_REDIRECT] 
2025-04-07 15:03:58,320 [ERROR] LogOutputStream:75 - [STDERR_REDIRECT] [Fatal Error] :1:1: Premature end of file.
2025-04-07 15:03:58,321 [ERROR] LogOutputStream:75 - [STDERR_REDIRECT] 
2025-04-07 15:03:59,324 [ERROR] LogOutputStream:75 - [STDERR_REDIRECT] [Fatal Error] :1:1: Premature end of file.
2025-04-07 15:03:59,324 [ERROR] LogOutputStream:75 - [STDERR_REDIRECT] 
2025-04-07 15:04:00,322 [ERROR] LogOutputStream:75 - [STDERR_REDIRECT] [Fatal Error] :1:1: Premature end of file.
2025-04-07 15:04:00,322 [ERROR] LogOutputStream:75 - [STDERR_REDIRECT] 
2025-04-07 15:04:01,328 [ERROR] LogOutputStream:75 - [STDERR_REDIRECT] [Fatal Error] :1:1: Premature end of file.
2025-04-07 15:04:01,328 [ERROR] LogOutputStream:75 - [STDERR_REDIRECT] 
2025-04-07 15:04:02,324 [ERROR] LogOutputStream:75 - [STDERR_REDIRECT] [Fatal Error] :1:1: Premature end of file.
2025-04-07 15:04:02,324 [ERROR] LogOutputStream:75 - [STDERR_REDIRECT] 
2025-04-07 15:04:03,322 [ERROR] LogOutputStream:75 - [STDERR_REDIRECT] [Fatal Error] :1:1: Premature end of file.
2025-04-07 15:04:03,322 [ERROR] LogOutputStream:75 - [STDERR_REDIRECT] 
2025-04-07 15:04:04,328 [ERROR] LogOutputStream:75 - [STDERR_REDIRECT] [Fatal Error] :1:1: Premature end of file.
2025-04-07 15:04:04,328 [ERROR] LogOutputStream:75 - [STDERR_REDIRECT] 
2025-04-07 15:04:05,322 [ERROR] LogOutputStream:75 - [STDERR_REDIRECT] [Fatal Error] :1:1: Premature end of file.
2025-04-07 15:04:05,322 [ERROR] LogOutputStream:75 - [STDERR_REDIRECT] 
2025-04-07 15:04:06,322 [ERROR] LogOutputStream:75 - [STDERR_REDIRECT] [Fatal Error] :1:1: Premature end of file.
2025-04-07 15:04:06,322 [ERROR] LogOutputStream:75 - [STDERR_REDIRECT] 
2025-04-07 15:04:07,321 [ERROR] LogOutputStream:75 - [STDERR_REDIRECT] [Fatal Error] :1:1: Premature end of file.
2025-04-07 15:04:07,321 [ERROR] LogOutputStream:75 - [STDERR_REDIRECT] 
2025-04-07 15:04:08,319 [ERROR] LogOutputStream:75 - [STDERR_REDIRECT] [Fatal Error] :1:1: Premature end of file.
2025-04-07 15:04:08,321 [ERROR] LogOutputStream:75 - [STDERR_REDIRECT] 
2025-04-07 15:04:09,319 [ERROR] LogOutputStream:75 - [STDERR_REDIRECT] [Fatal Error] :1:1: Premature end of file.
2025-04-07 15:04:09,320 [ERROR] LogOutputStream:75 - [STDERR_REDIRECT] 
2025-04-07 15:04:10,319 [ERROR] LogOutputStream:75 - [STDERR_REDIRECT] [Fatal Error] :1:1: Premature end of file.
2025-04-07 15:04:10,319 [ERROR] LogOutputStream:75 - [STDERR_REDIRECT] 
2025-04-07 15:04:11,320 [ERROR] LogOutputStream:75 - [STDERR_REDIRECT] [Fatal Error] :1:1: Premature end of file.
2025-04-07 15:04:11,320 [ERROR] LogOutputStream:75 - [STDERR_REDIRECT] 
2025-04-07 15:04:12,321 [ERROR] LogOutputStream:75 - [STDERR_REDIRECT] [Fatal Error] :1:1: Premature end of file.
2025-04-07 15:04:12,321 [ERROR] LogOutputStream:75 - [STDERR_REDIRECT] 
2025-04-07 15:04:13,323 [ERROR] LogOutputStream:75 - [STDERR_REDIRECT] [Fatal Error] :1:1: Premature end of file.
2025-04-07 15:04:13,323 [ERROR] LogOutputStream:75 - [STDERR_REDIRECT] 
2025-04-07 15:04:14,321 [ERROR] LogOutputStream:75 - [STDERR_REDIRECT] [Fatal Error] :1:1: Premature end of file.
2025-04-07 15:04:14,322 [ERROR] LogOutputStream:75 - [STDERR_REDIRECT] 
2025-04-07 15:04:15,322 [ERROR] LogOutputStream:75 - [STDERR_REDIRECT] [Fatal Error] :1:1: Premature end of file.
2025-04-07 15:04:15,343 [ERROR] LogOutputStream:75 - [STDERR_REDIRECT] 
2025-04-07 15:04:16,319 [ERROR] LogOutputStream:75 - [STDERR_REDIRECT] [Fatal Error] :1:1: Premature end of file.
2025-04-07 15:04:16,319 [ERROR] LogOutputStream:75 - [STDERR_REDIRECT] 
2025-04-07 15:04:17,321 [ERROR] LogOutputStream:75 - [STDERR_REDIRECT] [Fatal Error] :1:1: Premature end of file.
2025-04-07 15:04:17,321 [ERROR] LogOutputStream:75 - [STDERR_REDIRECT] 
2025-04-07 15:04:18,320 [ERROR] LogOutputStream:75 - [STDERR_REDIRECT] [Fatal Error] :1:1: Premature end of file.
2025-04-07 15:04:18,320 [ERROR] LogOutputStream:75 - [STDERR_REDIRECT] 
2025-04-07 15:04:19,318 [ERROR] LogOutputStream:75 - [STDERR_REDIRECT] [Fatal Error] :1:1: Premature end of file.
2025-04-07 15:04:19,318 [ERROR] LogOutputStream:75 - [STDERR_REDIRECT] 
2025-04-07 15:04:20,320 [ERROR] LogOutputStream:75 - [STDERR_REDIRECT] [Fatal Error] :1:1: Premature end of file.
2025-04-07 15:04:20,321 [ERROR] LogOutputStream:75 - [STDERR_REDIRECT] 
2025-04-07 15:04:21,321 [ERROR] LogOutputStream:75 - [STDERR_REDIRECT] [Fatal Error] :1:1: Premature end of file.
2025-04-07 15:04:21,322 [ERROR] LogOutputStream:75 - [STDERR_REDIRECT] 
2025-04-07 15:04:22,320 [ERROR] LogOutputStream:75 - [STDERR_REDIRECT] [Fatal Error] :1:1: Premature end of file.
2025-04-07 15:04:22,320 [ERROR] LogOutputStream:75 - [STDERR_REDIRECT] 
2025-04-07 15:04:23,321 [ERROR] LogOutputStream:75 - [STDERR_REDIRECT] [Fatal Error] :1:1: Premature end of file.
2025-04-07 15:04:23,321 [ERROR] LogOutputStream:75 - [STDERR_REDIRECT] 
2025-04-07 15:04:24,320 [ERROR] LogOutputStream:75 - [STDERR_REDIRECT] [Fatal Error] :1:1: Premature end of file.
2025-04-07 15:04:24,320 [ERROR] LogOutputStream:75 - [STDERR_REDIRECT] 
2025-04-07 15:04:25,320 [ERROR] LogOutputStream:75 - [STDERR_REDIRECT] [Fatal Error] :1:1: Premature end of file.
2025-04-07 15:04:25,321 [ERROR] LogOutputStream:75 - [STDERR_REDIRECT] 
2025-04-07 15:04:26,321 [ERROR] LogOutputStream:75 - [STDERR_REDIRECT] [Fatal Error] :1:1: Premature end of file.
2025-04-07 15:04:26,321 [ERROR] LogOutputStream:75 - [STDERR_REDIRECT] 
2025-04-07 15:04:27,320 [ERROR] LogOutputStream:75 - [STDERR_REDIRECT] [Fatal Error] :1:1: Premature end of file.
2025-04-07 15:04:27,320 [ERROR] LogOutputStream:75 - [STDERR_REDIRECT] 
2025-04-07 15:04:28,319 [ERROR] LogOutputStream:75 - [STDERR_REDIRECT] [Fatal Error] :1:1: Premature end of file.
2025-04-07 15:04:28,319 [ERROR] LogOutputStream:75 - [STDERR_REDIRECT] 
2025-04-07 15:04:29,320 [ERROR] LogOutputStream:75 - [STDERR_REDIRECT] [Fatal Error] :1:1: Premature end of file.
2025-04-07 15:04:29,320 [ERROR] LogOutputStream:75 - [STDERR_REDIRECT] 
2025-04-07 15:04:30,320 [ERROR] LogOutputStream:75 - [STDERR_REDIRECT] [Fatal Error] :1:1: Premature end of file.
2025-04-07 15:04:30,340 [ERROR] LogOutputStream:75 - [STDERR_REDIRECT] 
2025-04-07 15:04:31,319 [ERROR] LogOutputStream:75 - [STDERR_REDIRECT] [Fatal Error] :1:1: Premature end of file.
2025-04-07 15:04:31,319 [ERROR] LogOutputStream:75 - [STDERR_REDIRECT] 
2025-04-07 15:04:32,320 [ERROR] LogOutputStream:75 - [STDERR_REDIRECT] [Fatal Error] :1:1: Premature end of file.
2025-04-07 15:04:32,321 [ERROR] LogOutputStream:75 - [STDERR_REDIRECT] 
2025-04-07 15:04:33,320 [ERROR] LogOutputStream:75 - [STDERR_REDIRECT] [Fatal Error] :1:1: Premature end of file.
2025-04-07 15:04:33,321 [ERROR] LogOutputStream:75 - [STDERR_REDIRECT] 
2025-04-07 15:04:34,322 [ERROR] LogOutputStream:75 - [STDERR_REDIRECT] [Fatal Error] :1:1: Premature end of file.
2025-04-07 15:04:34,322 [ERROR] LogOutputStream:75 - [STDERR_REDIRECT] 
2025-04-07 15:04:35,320 [ERROR] LogOutputStream:75 - [STDERR_REDIRECT] [Fatal Error] :1:1: Premature end of file.
2025-04-07 15:04:35,321 [ERROR] LogOutputStream:75 - [STDERR_REDIRECT] 
2025-04-07 15:04:36,320 [ERROR] LogOutputStream:75 - [STDERR_REDIRECT] [Fatal Error] :1:1: Premature end of file.
2025-04-07 15:04:36,320 [ERROR] LogOutputStream:75 - [STDERR_REDIRECT] 
2025-04-07 15:04:37,319 [ERROR] LogOutputStream:75 - [STDERR_REDIRECT] [Fatal Error] :1:1: Premature end of file.
2025-04-07 15:04:37,319 [ERROR] LogOutputStream:75 - [STDERR_REDIRECT] 
2025-04-07 15:04:38,322 [ERROR] LogOutputStream:75 - [STDERR_REDIRECT] [Fatal Error] :1:1: Premature end of file.
2025-04-07 15:04:38,322 [ERROR] LogOutputStream:75 - [STDERR_REDIRECT] 
2025-04-07 15:04:39,320 [ERROR] LogOutputStream:75 - [STDERR_REDIRECT] [Fatal Error] :1:1: Premature end of file.
2025-04-07 15:04:39,320 [ERROR] LogOutputStream:75 - [STDERR_REDIRECT] 
2025-04-07 15:04:40,319 [ERROR] LogOutputStream:75 - [STDERR_REDIRECT] [Fatal Error] :1:1: Premature end of file.
2025-04-07 15:04:40,319 [ERROR] LogOutputStream:75 - [STDERR_REDIRECT] 
2025-04-07 15:04:41,320 [ERROR] LogOutputStream:75 - [STDERR_REDIRECT] [Fatal Error] :1:1: Premature end of file.
2025-04-07 15:04:41,321 [ERROR] LogOutputStream:75 - [STDERR_REDIRECT] 
2025-04-07 15:04:42,321 [ERROR] LogOutputStream:75 - [STDERR_REDIRECT] [Fatal Error] :1:1: Premature end of file.
2025-04-07 15:04:42,321 [ERROR] LogOutputStream:75 - [STDERR_REDIRECT] 
2025-04-07 15:04:43,320 [ERROR] LogOutputStream:75 - [STDERR_REDIRECT] [Fatal Error] :1:1: Premature end of file.
2025-04-07 15:04:43,320 [ERROR] LogOutputStream:75 - [STDERR_REDIRECT] 
2025-04-07 15:04:44,321 [ERROR] LogOutputStream:75 - [STDERR_REDIRECT] [Fatal Error] :1:1: Premature end of file.
2025-04-07 15:04:44,321 [ERROR] LogOutputStream:75 - [STDERR_REDIRECT] 
2025-04-07 15:04:45,324 [ERROR] LogOutputStream:75 - [STDERR_REDIRECT] [Fatal Error] :1:1: Premature end of file.
2025-04-07 15:04:45,340 [ERROR] LogOutputStream:75 - [STDERR_REDIRECT] 
2025-04-07 15:04:46,319 [ERROR] LogOutputStream:75 - [STDERR_REDIRECT] [Fatal Error] :1:1: Premature end of file.
2025-04-07 15:04:46,319 [ERROR] LogOutputStream:75 - [STDERR_REDIRECT] 
2025-04-07 15:04:47,323 [ERROR] LogOutputStream:75 - [STDERR_REDIRECT] [Fatal Error] :1:1: Premature end of file.
2025-04-07 15:04:47,323 [ERROR] LogOutputStream:75 - [STDERR_REDIRECT] 
2025-04-07 15:04:48,321 [ERROR] LogOutputStream:75 - [STDERR_REDIRECT] [Fatal Error] :1:1: Premature end of file.
2025-04-07 15:04:48,323 [ERROR] LogOutputStream:75 - [STDERR_REDIRECT] 
2025-04-07 15:04:49,322 [ERROR] LogOutputStream:75 - [STDERR_REDIRECT] [Fatal Error] :1:1: Premature end of file.
2025-04-07 15:04:49,323 [ERROR] LogOutputStream:75 - [STDERR_REDIRECT] 
2025-04-07 15:04:50,323 [ERROR] LogOutputStream:75 - [STDERR_REDIRECT] [Fatal Error] :1:1: Premature end of file.
2025-04-07 15:04:50,323 [ERROR] LogOutputStream:75 - [STDERR_REDIRECT] 
2025-04-07 15:04:51,319 [ERROR] LogOutputStream:75 - [STDERR_REDIRECT] [Fatal Error] :1:1: Premature end of file.
2025-04-07 15:04:51,319 [ERROR] LogOutputStream:75 - [STDERR_REDIRECT] 
2025-04-07 15:04:52,319 [ERROR] LogOutputStream:75 - [STDERR_REDIRECT] [Fatal Error] :1:1: Premature end of file.
2025-04-07 15:04:52,319 [ERROR] LogOutputStream:75 - [STDERR_REDIRECT] 
2025-04-07 15:04:53,324 [ERROR] LogOutputStream:75 - [STDERR_REDIRECT] [Fatal Error] :1:1: Premature end of file.
2025-04-07 15:04:53,324 [ERROR] LogOutputStream:75 - [STDERR_REDIRECT] 
2025-04-07 15:04:54,325 [ERROR] LogOutputStream:75 - [STDERR_REDIRECT] [Fatal Error] :1:1: Premature end of file.
2025-04-07 15:04:54,325 [ERROR] LogOutputStream:75 - [STDERR_REDIRECT] 
2025-04-07 15:04:55,322 [ERROR] LogOutputStream:75 - [STDERR_REDIRECT] [Fatal Error] :1:1: Premature end of file.
2025-04-07 15:04:55,322 [ERROR] LogOutputStream:75 - [STDERR_REDIRECT] 
2025-04-07 15:04:56,319 [ERROR] LogOutputStream:75 - [STDERR_REDIRECT] [Fatal Error] :1:1: Premature end of file.
2025-04-07 15:04:56,319 [ERROR] LogOutputStream:75 - [STDERR_REDIRECT] 
2025-04-07 15:04:57,320 [ERROR] LogOutputStream:75 - [STDERR_REDIRECT] [Fatal Error] :1:1: Premature end of file.
2025-04-07 15:04:57,320 [ERROR] LogOutputStream:75 - [STDERR_REDIRECT] 
2025-04-07 15:04:58,320 [ERROR] LogOutputStream:75 - [STDERR_REDIRECT] [Fatal Error] :1:1: Premature end of file.
2025-04-07 15:04:58,321 [ERROR] LogOutputStream:75 - [STDERR_REDIRECT] 
2025-04-07 15:04:59,320 [ERROR] LogOutputStream:75 - [STDERR_REDIRECT] [Fatal Error] :1:1: Premature end of file.
2025-04-07 15:04:59,321 [ERROR] LogOutputStream:75 - [STDERR_REDIRECT] 
2025-04-07 15:05:00,323 [ERROR] LogOutputStream:75 - [STDERR_REDIRECT] [Fatal Error] :1:1: Premature end of file.
2025-04-07 15:05:00,327 [ERROR] LogOutputStream:75 - [STDERR_REDIRECT] 
2025-04-07 15:05:01,321 [ERROR] LogOutputStream:75 - [STDERR_REDIRECT] [Fatal Error] :1:1: Premature end of file.
2025-04-07 15:05:01,321 [ERROR] LogOutputStream:75 - [STDERR_REDIRECT] 
2025-04-07 15:05:02,329 [ERROR] LogOutputStream:75 - [STDERR_REDIRECT] [Fatal Error] :1:1: Premature end of file.
2025-04-07 15:05:02,329 [ERROR] LogOutputStream:75 - [STDERR_REDIRECT] 
2025-04-07 15:05:03,321 [ERROR] LogOutputStream:75 - [STDERR_REDIRECT] [Fatal Error] :1:1: Premature end of file.
2025-04-07 15:05:03,321 [ERROR] LogOutputStream:75 - [STDERR_REDIRECT] 
2025-04-07 15:05:04,326 [ERROR] LogOutputStream:75 - [STDERR_REDIRECT] [Fatal Error] :1:1: Premature end of file.
2025-04-07 15:05:04,326 [ERROR] LogOutputStream:75 - [STDERR_REDIRECT] 
2025-04-07 15:05:05,320 [ERROR] LogOutputStream:75 - [STDERR_REDIRECT] [Fatal Error] :1:1: Premature end of file.
2025-04-07 15:05:05,320 [ERROR] LogOutputStream:75 - [STDERR_REDIRECT] 
2025-04-07 15:05:06,322 [ERROR] LogOutputStream:75 - [STDERR_REDIRECT] [Fatal Error] :1:1: Premature end of file.
2025-04-07 15:05:06,322 [ERROR] LogOutputStream:75 - [STDERR_REDIRECT] 
2025-04-07 15:05:07,321 [ERROR] LogOutputStream:75 - [STDERR_REDIRECT] [Fatal Error] :1:1: Premature end of file.
2025-04-07 15:05:07,321 [ERROR] LogOutputStream:75 - [STDERR_REDIRECT] 
2025-04-07 15:05:08,327 [ERROR] LogOutputStream:75 - [STDERR_REDIRECT] [Fatal Error] :1:1: Premature end of file.
2025-04-07 15:05:08,328 [ERROR] LogOutputStream:75 - [STDERR_REDIRECT] 
2025-04-07 15:05:09,325 [ERROR] LogOutputStream:75 - [STDERR_REDIRECT] [Fatal Error] :1:1: Premature end of file.
2025-04-07 15:05:09,325 [ERROR] LogOutputStream:75 - [STDERR_REDIRECT] 
2025-04-07 15:05:10,320 [ERROR] LogOutputStream:75 - [STDERR_REDIRECT] [Fatal Error] :1:1: Premature end of file.
2025-04-07 15:05:10,320 [ERROR] LogOutputStream:75 - [STDERR_REDIRECT] 
2025-04-07 15:05:11,320 [ERROR] LogOutputStream:75 - [STDERR_REDIRECT] [Fatal Error] :1:1: Premature end of file.
2025-04-07 15:05:11,320 [ERROR] LogOutputStream:75 - [STDERR_REDIRECT] 
2025-04-07 15:05:12,323 [ERROR] LogOutputStream:75 - [STDERR_REDIRECT] [Fatal Error] :1:1: Premature end of file.
2025-04-07 15:05:12,323 [ERROR] LogOutputStream:75 - [STDERR_REDIRECT] 
2025-04-07 15:05:13,320 [ERROR] LogOutputStream:75 - [STDERR_REDIRECT] [Fatal Error] :1:1: Premature end of file.
2025-04-07 15:05:13,320 [ERROR] LogOutputStream:75 - [STDERR_REDIRECT] 
2025-04-07 15:05:14,321 [ERROR] LogOutputStream:75 - [STDERR_REDIRECT] [Fatal Error] :1:1: Premature end of file.
2025-04-07 15:05:14,321 [ERROR] LogOutputStream:75 - [STDERR_REDIRECT] 
2025-04-07 15:05:15,321 [ERROR] LogOutputStream:75 - [STDERR_REDIRECT] [Fatal Error] :1:1: Premature end of file.
2025-04-07 15:05:15,323 [ERROR] LogOutputStream:75 - [STDERR_REDIRECT] 
2025-04-07 15:05:16,320 [ERROR] LogOutputStream:75 - [STDERR_REDIRECT] [Fatal Error] :1:1: Premature end of file.
2025-04-07 15:05:16,320 [ERROR] LogOutputStream:75 - [STDERR_REDIRECT] 
2025-04-07 15:05:17,321 [ERROR] LogOutputStream:75 - [STDERR_REDIRECT] [Fatal Error] :1:1: Premature end of file.
2025-04-07 15:05:17,321 [ERROR] LogOutputStream:75 - [STDERR_REDIRECT] 
2025-04-07 15:05:18,319 [ERROR] LogOutputStream:75 - [STDERR_REDIRECT] [Fatal Error] :1:1: Premature end of file.
2025-04-07 15:05:18,319 [ERROR] LogOutputStream:75 - [STDERR_REDIRECT] 
2025-04-07 15:05:19,322 [ERROR] LogOutputStream:75 - [STDERR_REDIRECT] [Fatal Error] :1:1: Premature end of file.
2025-04-07 15:05:19,322 [ERROR] LogOutputStream:75 - [STDERR_REDIRECT] 
2025-04-07 15:05:20,320 [ERROR] LogOutputStream:75 - [STDERR_REDIRECT] [Fatal Error] :1:1: Premature end of file.
2025-04-07 15:05:20,320 [ERROR] LogOutputStream:75 - [STDERR_REDIRECT] 
2025-04-07 15:05:21,321 [ERROR] LogOutputStream:75 - [STDERR_REDIRECT] [Fatal Error] :1:1: Premature end of file.
2025-04-07 15:05:21,322 [ERROR] LogOutputStream:75 - [STDERR_REDIRECT] 
2025-04-07 15:05:22,320 [ERROR] LogOutputStream:75 - [STDERR_REDIRECT] [Fatal Error] :1:1: Premature end of file.
2025-04-07 15:05:22,321 [ERROR] LogOutputStream:75 - [STDERR_REDIRECT] 
2025-04-07 15:05:23,321 [ERROR] LogOutputStream:75 - [STDERR_REDIRECT] [Fatal Error] :1:1: Premature end of file.
2025-04-07 15:05:23,321 [ERROR] LogOutputStream:75 - [STDERR_REDIRECT] 
2025-04-07 15:05:24,321 [ERROR] LogOutputStream:75 - [STDERR_REDIRECT] [Fatal Error] :1:1: Premature end of file.
2025-04-07 15:05:24,322 [ERROR] LogOutputStream:75 - [STDERR_REDIRECT] 
2025-04-07 15:05:25,322 [ERROR] LogOutputStream:75 - [STDERR_REDIRECT] [Fatal Error] :1:1: Premature end of file.
2025-04-07 15:05:25,322 [ERROR] LogOutputStream:75 - [STDERR_REDIRECT] 
2025-04-07 15:05:26,321 [ERROR] LogOutputStream:75 - [STDERR_REDIRECT] [Fatal Error] :1:1: Premature end of file.
2025-04-07 15:05:26,321 [ERROR] LogOutputStream:75 - [STDERR_REDIRECT] 
2025-04-07 15:05:27,321 [ERROR] LogOutputStream:75 - [STDERR_REDIRECT] [Fatal Error] :1:1: Premature end of file.
2025-04-07 15:05:27,321 [ERROR] LogOutputStream:75 - [STDERR_REDIRECT] 
2025-04-07 15:05:28,321 [ERROR] LogOutputStream:75 - [STDERR_REDIRECT] [Fatal Error] :1:1: Premature end of file.
2025-04-07 15:05:28,321 [ERROR] LogOutputStream:75 - [STDERR_REDIRECT] 
2025-04-07 15:05:29,324 [ERROR] LogOutputStream:75 - [STDERR_REDIRECT] [Fatal Error] :1:1: Premature end of file.
2025-04-07 15:05:29,325 [ERROR] LogOutputStream:75 - [STDERR_REDIRECT] 
2025-04-07 15:05:30,319 [ERROR] LogOutputStream:75 - [STDERR_REDIRECT] [Fatal Error] :1:1: Premature end of file.
2025-04-07 15:05:30,320 [ERROR] LogOutputStream:75 - [STDERR_REDIRECT] 
2025-04-07 15:05:31,320 [ERROR] LogOutputStream:75 - [STDERR_REDIRECT] [Fatal Error] :1:1: Premature end of file.
2025-04-07 15:05:31,321 [ERROR] LogOutputStream:75 - [STDERR_REDIRECT] 
2025-04-07 15:05:32,321 [ERROR] LogOutputStream:75 - [STDERR_REDIRECT] [Fatal Error] :1:1: Premature end of file.
2025-04-07 15:05:32,322 [ERROR] LogOutputStream:75 - [STDERR_REDIRECT] 
2025-04-07 15:05:33,320 [ERROR] LogOutputStream:75 - [STDERR_REDIRECT] [Fatal Error] :1:1: Premature end of file.
2025-04-07 15:05:33,320 [ERROR] LogOutputStream:75 - [STDERR_REDIRECT] 
2025-04-07 15:05:34,320 [ERROR] LogOutputStream:75 - [STDERR_REDIRECT] [Fatal Error] :1:1: Premature end of file.
2025-04-07 15:05:34,321 [ERROR] LogOutputStream:75 - [STDERR_REDIRECT] 
2025-04-07 15:05:35,336 [ERROR] LogOutputStream:75 - [STDERR_REDIRECT] [Fatal Error] :1:1: Premature end of file.
2025-04-07 15:05:35,336 [ERROR] LogOutputStream:75 - [STDERR_REDIRECT] 
2025-04-07 15:05:36,322 [ERROR] LogOutputStream:75 - [STDERR_REDIRECT] [Fatal Error] :1:1: Premature end of file.
2025-04-07 15:05:36,323 [ERROR] LogOutputStream:75 - [STDERR_REDIRECT] 
2025-04-07 15:05:37,329 [ERROR] LogOutputStream:75 - [STDERR_REDIRECT] [Fatal Error] :1:1: Premature end of file.
2025-04-07 15:05:37,329 [ERROR] LogOutputStream:75 - [STDERR_REDIRECT] 
2025-04-07 15:05:38,320 [ERROR] LogOutputStream:75 - [STDERR_REDIRECT] [Fatal Error] :1:1: Premature end of file.
2025-04-07 15:05:38,321 [ERROR] LogOutputStream:75 - [STDERR_REDIRECT] 
2025-04-07 15:05:39,321 [ERROR] LogOutputStream:75 - [STDERR_REDIRECT] [Fatal Error] :1:1: Premature end of file.
2025-04-07 15:05:39,321 [ERROR] LogOutputStream:75 - [STDERR_REDIRECT] 
2025-04-07 15:05:40,319 [ERROR] LogOutputStream:75 - [STDERR_REDIRECT] [Fatal Error] :1:1: Premature end of file.
2025-04-07 15:05:40,321 [ERROR] LogOutputStream:75 - [STDERR_REDIRECT] 
2025-04-07 15:05:41,319 [ERROR] LogOutputStream:75 - [STDERR_REDIRECT] [Fatal Error] :1:1: Premature end of file.
2025-04-07 15:05:41,319 [ERROR] LogOutputStream:75 - [STDERR_REDIRECT] 
2025-04-07 15:05:42,320 [ERROR] LogOutputStream:75 - [STDERR_REDIRECT] [Fatal Error] :1:1: Premature end of file.
2025-04-07 15:05:42,320 [ERROR] LogOutputStream:75 - [STDERR_REDIRECT] 
2025-04-07 15:05:43,319 [ERROR] LogOutputStream:75 - [STDERR_REDIRECT] [Fatal Error] :1:1: Premature end of file.
2025-04-07 15:05:43,320 [ERROR] LogOutputStream:75 - [STDERR_REDIRECT] 
2025-04-07 15:05:44,319 [ERROR] LogOutputStream:75 - [STDERR_REDIRECT] [Fatal Error] :1:1: Premature end of file.
2025-04-07 15:05:44,319 [ERROR] LogOutputStream:75 - [STDERR_REDIRECT] 
2025-04-07 15:05:45,320 [ERROR] LogOutputStream:75 - [STDERR_REDIRECT] [Fatal Error] :1:1: Premature end of file.
2025-04-07 15:05:45,322 [ERROR] LogOutputStream:75 - [STDERR_REDIRECT] 
2025-04-07 15:05:46,320 [ERROR] LogOutputStream:75 - [STDERR_REDIRECT] [Fatal Error] :1:1: Premature end of file.
2025-04-07 15:05:46,320 [ERROR] LogOutputStream:75 - [STDERR_REDIRECT] 
2025-04-07 15:05:47,322 [ERROR] LogOutputStream:75 - [STDERR_REDIRECT] [Fatal Error] :1:1: Premature end of file.
2025-04-07 15:05:47,322 [ERROR] LogOutputStream:75 - [STDERR_REDIRECT] 
2025-04-07 15:05:48,323 [ERROR] LogOutputStream:75 - [STDERR_REDIRECT] [Fatal Error] :1:1: Premature end of file.
2025-04-07 15:05:48,323 [ERROR] LogOutputStream:75 - [STDERR_REDIRECT] 
2025-04-07 15:05:49,323 [ERROR] LogOutputStream:75 - [STDERR_REDIRECT] [Fatal Error] :1:1: Premature end of file.
2025-04-07 15:05:49,323 [ERROR] LogOutputStream:75 - [STDERR_REDIRECT] 
2025-04-07 15:05:50,320 [ERROR] LogOutputStream:75 - [STDERR_REDIRECT] [Fatal Error] :1:1: Premature end of file.
2025-04-07 15:05:50,320 [ERROR] LogOutputStream:75 - [STDERR_REDIRECT] 
2025-04-07 15:05:51,321 [ERROR] LogOutputStream:75 - [STDERR_REDIRECT] [Fatal Error] :1:1: Premature end of file.
2025-04-07 15:05:51,321 [ERROR] LogOutputStream:75 - [STDERR_REDIRECT] 
2025-04-07 15:05:52,322 [ERROR] LogOutputStream:75 - [STDERR_REDIRECT] [Fatal Error] :1:1: Premature end of file.
2025-04-07 15:05:52,322 [ERROR] LogOutputStream:75 - [STDERR_REDIRECT] 
2025-04-07 15:05:53,321 [ERROR] LogOutputStream:75 - [STDERR_REDIRECT] [Fatal Error] :1:1: Premature end of file.
2025-04-07 15:05:53,321 [ERROR] LogOutputStream:75 - [STDERR_REDIRECT] 
2025-04-07 15:05:54,320 [ERROR] LogOutputStream:75 - [STDERR_REDIRECT] [Fatal Error] :1:1: Premature end of file.
2025-04-07 15:05:54,320 [ERROR] LogOutputStream:75 - [STDERR_REDIRECT] 
2025-04-07 15:05:55,322 [ERROR] LogOutputStream:75 - [STDERR_REDIRECT] [Fatal Error] :1:1: Premature end of file.
2025-04-07 15:05:55,322 [ERROR] LogOutputStream:75 - [STDERR_REDIRECT] 
2025-04-07 15:05:56,320 [ERROR] LogOutputStream:75 - [STDERR_REDIRECT] [Fatal Error] :1:1: Premature end of file.
2025-04-07 15:05:56,320 [ERROR] LogOutputStream:75 - [STDERR_REDIRECT] 
2025-04-07 15:05:57,320 [ERROR] LogOutputStream:75 - [STDERR_REDIRECT] [Fatal Error] :1:1: Premature end of file.
2025-04-07 15:05:57,320 [ERROR] LogOutputStream:75 - [STDERR_REDIRECT] 
2025-04-07 15:05:58,320 [ERROR] LogOutputStream:75 - [STDERR_REDIRECT] [Fatal Error] :1:1: Premature end of file.
2025-04-07 15:05:58,320 [ERROR] LogOutputStream:75 - [STDERR_REDIRECT] 
2025-04-07 15:05:59,323 [ERROR] LogOutputStream:75 - [STDERR_REDIRECT] [Fatal Error] :1:1: Premature end of file.
2025-04-07 15:05:59,323 [ERROR] LogOutputStream:75 - [STDERR_REDIRECT] 
2025-04-07 15:06:00,320 [ERROR] LogOutputStream:75 - [STDERR_REDIRECT] [Fatal Error] :1:1: Premature end of file.
2025-04-07 15:06:00,320 [ERROR] LogOutputStream:75 - [STDERR_REDIRECT] 
2025-04-07 15:06:01,319 [ERROR] LogOutputStream:75 - [STDERR_REDIRECT] [Fatal Error] :1:1: Premature end of file.
2025-04-07 15:06:01,320 [ERROR] LogOutputStream:75 - [STDERR_REDIRECT] 
2025-04-07 15:06:02,325 [ERROR] LogOutputStream:75 - [STDERR_REDIRECT] [Fatal Error] :1:1: Premature end of file.
2025-04-07 15:06:02,325 [ERROR] LogOutputStream:75 - [STDERR_REDIRECT] 
2025-04-07 15:06:03,328 [ERROR] LogOutputStream:75 - [STDERR_REDIRECT] [Fatal Error] :1:1: Premature end of file.
2025-04-07 15:06:03,329 [ERROR] LogOutputStream:75 - [STDERR_REDIRECT] 
2025-04-07 15:06:04,325 [ERROR] LogOutputStream:75 - [STDERR_REDIRECT] [Fatal Error] :1:1: Premature end of file.
2025-04-07 15:06:04,325 [ERROR] LogOutputStream:75 - [STDERR_REDIRECT] 
2025-04-07 15:06:05,321 [ERROR] LogOutputStream:75 - [STDERR_REDIRECT] [Fatal Error] :1:1: Premature end of file.
2025-04-07 15:06:05,321 [ERROR] LogOutputStream:75 - [STDERR_REDIRECT] 
2025-04-07 15:06:06,325 [ERROR] LogOutputStream:75 - [STDERR_REDIRECT] [Fatal Error] :1:1: Premature end of file.
2025-04-07 15:06:06,325 [ERROR] LogOutputStream:75 - [STDERR_REDIRECT] 
2025-04-07 15:06:07,320 [ERROR] LogOutputStream:75 - [STDERR_REDIRECT] [Fatal Error] :1:1: Premature end of file.
2025-04-07 15:06:07,321 [ERROR] LogOutputStream:75 - [STDERR_REDIRECT] 
2025-04-07 15:06:08,328 [ERROR] LogOutputStream:75 - [STDERR_REDIRECT] [Fatal Error] :1:1: Premature end of file.
2025-04-07 15:06:08,328 [ERROR] LogOutputStream:75 - [STDERR_REDIRECT] 
2025-04-07 15:06:09,320 [ERROR] LogOutputStream:75 - [STDERR_REDIRECT] [Fatal Error] :1:1: Premature end of file.
2025-04-07 15:06:09,322 [ERROR] LogOutputStream:75 - [STDERR_REDIRECT] 
2025-04-07 15:06:10,323 [ERROR] LogOutputStream:75 - [STDERR_REDIRECT] [Fatal Error] :1:1: Premature end of file.
2025-04-07 15:06:10,324 [ERROR] LogOutputStream:75 - [STDERR_REDIRECT] 
2025-04-07 15:06:11,319 [ERROR] LogOutputStream:75 - [STDERR_REDIRECT] [Fatal Error] :1:1: Premature end of file.
2025-04-07 15:06:11,320 [ERROR] LogOutputStream:75 - [STDERR_REDIRECT] 
2025-04-07 15:06:12,321 [ERROR] LogOutputStream:75 - [STDERR_REDIRECT] [Fatal Error] :1:1: Premature end of file.
2025-04-07 15:06:12,321 [ERROR] LogOutputStream:75 - [STDERR_REDIRECT] 
2025-04-07 15:06:13,323 [ERROR] LogOutputStream:75 - [STDERR_REDIRECT] [Fatal Error] :1:1: Premature end of file.
2025-04-07 15:06:13,323 [ERROR] LogOutputStream:75 - [STDERR_REDIRECT] 
2025-04-07 15:06:14,319 [ERROR] LogOutputStream:75 - [STDERR_REDIRECT] [Fatal Error] :1:1: Premature end of file.
2025-04-07 15:06:14,319 [ERROR] LogOutputStream:75 - [STDERR_REDIRECT] 
2025-04-07 15:06:15,322 [ERROR] LogOutputStream:75 - [STDERR_REDIRECT] [Fatal Error] :1:1: Premature end of file.
2025-04-07 15:06:15,322 [ERROR] LogOutputStream:75 - [STDERR_REDIRECT] 
2025-04-07 15:06:16,320 [ERROR] LogOutputStream:75 - [STDERR_REDIRECT] [Fatal Error] :1:1: Premature end of file.
2025-04-07 15:06:16,320 [ERROR] LogOutputStream:75 - [STDERR_REDIRECT] 
2025-04-07 15:06:17,319 [ERROR] LogOutputStream:75 - [STDERR_REDIRECT] [Fatal Error] :1:1: Premature end of file.
2025-04-07 15:06:17,319 [ERROR] LogOutputStream:75 - [STDERR_REDIRECT] 
2025-04-07 15:06:18,320 [ERROR] LogOutputStream:75 - [STDERR_REDIRECT] [Fatal Error] :1:1: Premature end of file.
2025-04-07 15:06:18,320 [ERROR] LogOutputStream:75 - [STDERR_REDIRECT] 
2025-04-07 15:06:19,320 [ERROR] LogOutputStream:75 - [STDERR_REDIRECT] [Fatal Error] :1:1: Premature end of file.
2025-04-07 15:06:19,320 [ERROR] LogOutputStream:75 - [STDERR_REDIRECT] 
2025-04-07 15:06:20,321 [ERROR] LogOutputStream:75 - [STDERR_REDIRECT] [Fatal Error] :1:1: Premature end of file.
2025-04-07 15:06:20,321 [ERROR] LogOutputStream:75 - [STDERR_REDIRECT] 
2025-04-07 15:06:21,321 [ERROR] LogOutputStream:75 - [STDERR_REDIRECT] [Fatal Error] :1:1: Premature end of file.
2025-04-07 15:06:21,321 [ERROR] LogOutputStream:75 - [STDERR_REDIRECT] 
2025-04-07 15:06:22,321 [ERROR] LogOutputStream:75 - [STDERR_REDIRECT] [Fatal Error] :1:1: Premature end of file.
2025-04-07 15:06:22,321 [ERROR] LogOutputStream:75 - [STDERR_REDIRECT] 
2025-04-07 15:06:23,320 [ERROR] LogOutputStream:75 - [STDERR_REDIRECT] [Fatal Error] :1:1: Premature end of file.
2025-04-07 15:06:23,320 [ERROR] LogOutputStream:75 - [STDERR_REDIRECT] 
2025-04-07 15:06:24,319 [ERROR] LogOutputStream:75 - [STDERR_REDIRECT] [Fatal Error] :1:1: Premature end of file.
2025-04-07 15:06:24,319 [ERROR] LogOutputStream:75 - [STDERR_REDIRECT] 
2025-04-07 15:06:25,320 [ERROR] LogOutputStream:75 - [STDERR_REDIRECT] [Fatal Error] :1:1: Premature end of file.
2025-04-07 15:06:25,320 [ERROR] LogOutputStream:75 - [STDERR_REDIRECT] 
2025-04-07 15:06:26,320 [ERROR] LogOutputStream:75 - [STDERR_REDIRECT] [Fatal Error] :1:1: Premature end of file.
2025-04-07 15:06:26,320 [ERROR] LogOutputStream:75 - [STDERR_REDIRECT] 
2025-04-07 15:06:27,320 [ERROR] LogOutputStream:75 - [STDERR_REDIRECT] [Fatal Error] :1:1: Premature end of file.
2025-04-07 15:06:27,321 [ERROR] LogOutputStream:75 - [STDERR_REDIRECT] 
2025-04-07 15:06:28,322 [ERROR] LogOutputStream:75 - [STDERR_REDIRECT] [Fatal Error] :1:1: Premature end of file.
2025-04-07 15:06:28,322 [ERROR] LogOutputStream:75 - [STDERR_REDIRECT] 
2025-04-07 15:06:29,322 [ERROR] LogOutputStream:75 - [STDERR_REDIRECT] [Fatal Error] :1:1: Premature end of file.
2025-04-07 15:06:29,322 [ERROR] LogOutputStream:75 - [STDERR_REDIRECT] 
2025-04-07 15:06:30,320 [ERROR] LogOutputStream:75 - [STDERR_REDIRECT] [Fatal Error] :1:1: Premature end of file.
2025-04-07 15:06:30,320 [ERROR] LogOutputStream:75 - [STDERR_REDIRECT] 
2025-04-07 15:06:31,321 [ERROR] LogOutputStream:75 - [STDERR_REDIRECT] [Fatal Error] :1:1: Premature end of file.
2025-04-07 15:06:31,321 [ERROR] LogOutputStream:75 - [STDERR_REDIRECT] 
2025-04-07 15:06:32,321 [ERROR] LogOutputStream:75 - [STDERR_REDIRECT] [Fatal Error] :1:1: Premature end of file.
2025-04-07 15:06:32,321 [ERROR] LogOutputStream:75 - [STDERR_REDIRECT] 
2025-04-07 15:06:33,321 [ERROR] LogOutputStream:75 - [STDERR_REDIRECT] [Fatal Error] :1:1: Premature end of file.
2025-04-07 15:06:33,321 [ERROR] LogOutputStream:75 - [STDERR_REDIRECT] 
2025-04-07 15:06:34,319 [ERROR] LogOutputStream:75 - [STDERR_REDIRECT] [Fatal Error] :1:1: Premature end of file.
2025-04-07 15:06:34,319 [ERROR] LogOutputStream:75 - [STDERR_REDIRECT] 
2025-04-07 15:06:35,322 [ERROR] LogOutputStream:75 - [STDERR_REDIRECT] [Fatal Error] :1:1: Premature end of file.
2025-04-07 15:06:35,322 [ERROR] LogOutputStream:75 - [STDERR_REDIRECT] 
2025-04-07 15:06:36,323 [ERROR] LogOutputStream:75 - [STDERR_REDIRECT] [Fatal Error] :1:1: Premature end of file.
2025-04-07 15:06:36,323 [ERROR] LogOutputStream:75 - [STDERR_REDIRECT] 
2025-04-07 15:06:37,323 [ERROR] LogOutputStream:75 - [STDERR_REDIRECT] [Fatal Error] :1:1: Premature end of file.
2025-04-07 15:06:37,323 [ERROR] LogOutputStream:75 - [STDERR_REDIRECT] 
2025-04-07 15:06:38,322 [ERROR] LogOutputStream:75 - [STDERR_REDIRECT] [Fatal Error] :1:1: Premature end of file.
2025-04-07 15:06:38,322 [ERROR] LogOutputStream:75 - [STDERR_REDIRECT] 
2025-04-07 15:06:39,322 [ERROR] LogOutputStream:75 - [STDERR_REDIRECT] [Fatal Error] :1:1: Premature end of file.
2025-04-07 15:06:39,322 [ERROR] LogOutputStream:75 - [STDERR_REDIRECT] 
2025-04-07 15:06:40,322 [ERROR] LogOutputStream:75 - [STDERR_REDIRECT] [Fatal Error] :1:1: Premature end of file.
2025-04-07 15:06:40,323 [ERROR] LogOutputStream:75 - [STDERR_REDIRECT] 
2025-04-07 15:06:41,323 [ERROR] LogOutputStream:75 - [STDERR_REDIRECT] [Fatal Error] :1:1: Premature end of file.
2025-04-07 15:06:41,323 [ERROR] LogOutputStream:75 - [STDERR_REDIRECT] 
2025-04-07 15:06:42,320 [ERROR] LogOutputStream:75 - [STDERR_REDIRECT] [Fatal Error] :1:1: Premature end of file.
2025-04-07 15:06:42,320 [ERROR] LogOutputStream:75 - [STDERR_REDIRECT] 
2025-04-07 15:06:43,320 [ERROR] LogOutputStream:75 - [STDERR_REDIRECT] [Fatal Error] :1:1: Premature end of file.
2025-04-07 15:06:43,320 [ERROR] LogOutputStream:75 - [STDERR_REDIRECT] 
2025-04-07 15:06:44,319 [ERROR] LogOutputStream:75 - [STDERR_REDIRECT] [Fatal Error] :1:1: Premature end of file.
2025-04-07 15:06:44,319 [ERROR] LogOutputStream:75 - [STDERR_REDIRECT] 
2025-04-07 15:06:45,321 [ERROR] LogOutputStream:75 - [STDERR_REDIRECT] [Fatal Error] :1:1: Premature end of file.
2025-04-07 15:06:45,321 [ERROR] LogOutputStream:75 - [STDERR_REDIRECT] 
2025-04-07 15:06:46,320 [ERROR] LogOutputStream:75 - [STDERR_REDIRECT] [Fatal Error] :1:1: Premature end of file.
2025-04-07 15:06:46,320 [ERROR] LogOutputStream:75 - [STDERR_REDIRECT] 
2025-04-07 15:06:47,320 [ERROR] LogOutputStream:75 - [STDERR_REDIRECT] [Fatal Error] :1:1: Premature end of file.
2025-04-07 15:06:47,320 [ERROR] LogOutputStream:75 - [STDERR_REDIRECT] 
2025-04-07 15:06:48,321 [ERROR] LogOutputStream:75 - [STDERR_REDIRECT] [Fatal Error] :1:1: Premature end of file.
2025-04-07 15:06:48,322 [ERROR] LogOutputStream:75 - [STDERR_REDIRECT] 
2025-04-07 15:06:49,320 [ERROR] LogOutputStream:75 - [STDERR_REDIRECT] [Fatal Error] :1:1: Premature end of file.
2025-04-07 15:06:49,320 [ERROR] LogOutputStream:75 - [STDERR_REDIRECT] 
2025-04-07 15:06:50,321 [ERROR] LogOutputStream:75 - [STDERR_REDIRECT] [Fatal Error] :1:1: Premature end of file.
2025-04-07 15:06:50,321 [ERROR] LogOutputStream:75 - [STDERR_REDIRECT] 
2025-04-07 15:06:51,320 [ERROR] LogOutputStream:75 - [STDERR_REDIRECT] [Fatal Error] :1:1: Premature end of file.
2025-04-07 15:06:51,320 [ERROR] LogOutputStream:75 - [STDERR_REDIRECT] 
2025-04-07 15:06:52,319 [ERROR] LogOutputStream:75 - [STDERR_REDIRECT] [Fatal Error] :1:1: Premature end of file.
2025-04-07 15:06:52,319 [ERROR] LogOutputStream:75 - [STDERR_REDIRECT] 
2025-04-07 15:06:53,326 [ERROR] LogOutputStream:75 - [STDERR_REDIRECT] [Fatal Error] :1:1: Premature end of file.
2025-04-07 15:06:53,326 [ERROR] LogOutputStream:75 - [STDERR_REDIRECT] 
2025-04-07 15:06:54,321 [ERROR] LogOutputStream:75 - [STDERR_REDIRECT] [Fatal Error] :1:1: Premature end of file.
2025-04-07 15:06:54,321 [ERROR] LogOutputStream:75 - [STDERR_REDIRECT] 
2025-04-07 15:06:55,329 [ERROR] LogOutputStream:75 - [STDERR_REDIRECT] [Fatal Error] :1:1: Premature end of file.
2025-04-07 15:06:55,330 [ERROR] LogOutputStream:75 - [STDERR_REDIRECT] 
2025-04-07 15:06:56,320 [ERROR] LogOutputStream:75 - [STDERR_REDIRECT] [Fatal Error] :1:1: Premature end of file.
2025-04-07 15:06:56,320 [ERROR] LogOutputStream:75 - [STDERR_REDIRECT] 
2025-04-07 15:06:57,321 [ERROR] LogOutputStream:75 - [STDERR_REDIRECT] [Fatal Error] :1:1: Premature end of file.
2025-04-07 15:06:57,321 [ERROR] LogOutputStream:75 - [STDERR_REDIRECT] 
2025-04-07 15:06:58,322 [ERROR] LogOutputStream:75 - [STDERR_REDIRECT] [Fatal Error] :1:1: Premature end of file.
2025-04-07 15:06:58,322 [ERROR] LogOutputStream:75 - [STDERR_REDIRECT] 
2025-04-07 15:06:59,320 [ERROR] LogOutputStream:75 - [STDERR_REDIRECT] [Fatal Error] :1:1: Premature end of file.
2025-04-07 15:06:59,320 [ERROR] LogOutputStream:75 - [STDERR_REDIRECT] 
2025-04-07 15:07:00,319 [ERROR] LogOutputStream:75 - [STDERR_REDIRECT] [Fatal Error] :1:1: Premature end of file.
2025-04-07 15:07:00,319 [ERROR] LogOutputStream:75 - [STDERR_REDIRECT] 
2025-04-07 15:07:01,321 [ERROR] LogOutputStream:75 - [STDERR_REDIRECT] [Fatal Error] :1:1: Premature end of file.
2025-04-07 15:07:01,321 [ERROR] LogOutputStream:75 - [STDERR_REDIRECT] 
2025-04-07 15:07:02,320 [ERROR] LogOutputStream:75 - [STDERR_REDIRECT] [Fatal Error] :1:1: Premature end of file.
2025-04-07 15:07:02,320 [ERROR] LogOutputStream:75 - [STDERR_REDIRECT] 
2025-04-07 15:07:03,324 [ERROR] LogOutputStream:75 - [STDERR_REDIRECT] [Fatal Error] :1:1: Premature end of file.
2025-04-07 15:07:03,324 [ERROR] LogOutputStream:75 - [STDERR_REDIRECT] 
2025-04-07 15:07:04,324 [ERROR] LogOutputStream:75 - [STDERR_REDIRECT] [Fatal Error] :1:1: Premature end of file.
2025-04-07 15:07:04,324 [ERROR] LogOutputStream:75 - [STDERR_REDIRECT] 
2025-04-07 15:07:05,320 [ERROR] LogOutputStream:75 - [STDERR_REDIRECT] [Fatal Error] :1:1: Premature end of file.
2025-04-07 15:07:05,320 [ERROR] LogOutputStream:75 - [STDERR_REDIRECT] 
2025-04-07 15:07:06,320 [ERROR] LogOutputStream:75 - [STDERR_REDIRECT] [Fatal Error] :1:1: Premature end of file.
2025-04-07 15:07:06,321 [ERROR] LogOutputStream:75 - [STDERR_REDIRECT] 
2025-04-07 15:07:07,320 [ERROR] LogOutputStream:75 - [STDERR_REDIRECT] [Fatal Error] :1:1: Premature end of file.
2025-04-07 15:07:07,320 [ERROR] LogOutputStream:75 - [STDERR_REDIRECT] 
2025-04-07 15:07:08,320 [ERROR] LogOutputStream:75 - [STDERR_REDIRECT] [Fatal Error] :1:1: Premature end of file.
2025-04-07 15:07:08,322 [ERROR] LogOutputStream:75 - [STDERR_REDIRECT] 
2025-04-07 15:07:09,319 [ERROR] LogOutputStream:75 - [STDERR_REDIRECT] [Fatal Error] :1:1: Premature end of file.
2025-04-07 15:07:09,319 [ERROR] LogOutputStream:75 - [STDERR_REDIRECT] 
2025-04-07 15:07:10,320 [ERROR] LogOutputStream:75 - [STDERR_REDIRECT] [Fatal Error] :1:1: Premature end of file.
2025-04-07 15:07:10,320 [ERROR] LogOutputStream:75 - [STDERR_REDIRECT] 
2025-04-07 15:07:11,320 [ERROR] LogOutputStream:75 - [STDERR_REDIRECT] [Fatal Error] :1:1: Premature end of file.
2025-04-07 15:07:11,320 [ERROR] LogOutputStream:75 - [STDERR_REDIRECT] 
2025-04-07 15:07:12,325 [ERROR] LogOutputStream:75 - [STDERR_REDIRECT] [Fatal Error] :1:1: Premature end of file.
2025-04-07 15:07:12,326 [ERROR] LogOutputStream:75 - [STDERR_REDIRECT] 
2025-04-07 15:07:13,320 [ERROR] LogOutputStream:75 - [STDERR_REDIRECT] [Fatal Error] :1:1: Premature end of file.
2025-04-07 15:07:13,320 [ERROR] LogOutputStream:75 - [STDERR_REDIRECT] 
2025-04-07 15:07:14,320 [ERROR] LogOutputStream:75 - [STDERR_REDIRECT] [Fatal Error] :1:1: Premature end of file.
2025-04-07 15:07:14,320 [ERROR] LogOutputStream:75 - [STDERR_REDIRECT] 
2025-04-07 15:07:15,319 [ERROR] LogOutputStream:75 - [STDERR_REDIRECT] [Fatal Error] :1:1: Premature end of file.
2025-04-07 15:07:15,319 [ERROR] LogOutputStream:75 - [STDERR_REDIRECT] 
2025-04-07 15:07:16,324 [ERROR] LogOutputStream:75 - [STDERR_REDIRECT] [Fatal Error] :1:1: Premature end of file.
2025-04-07 15:07:16,325 [ERROR] LogOutputStream:75 - [STDERR_REDIRECT] 
2025-04-07 15:07:17,321 [ERROR] LogOutputStream:75 - [STDERR_REDIRECT] [Fatal Error] :1:1: Premature end of file.
2025-04-07 15:07:17,322 [ERROR] LogOutputStream:75 - [STDERR_REDIRECT] 
2025-04-07 15:07:18,330 [ERROR] LogOutputStream:75 - [STDERR_REDIRECT] [Fatal Error] :1:1: Premature end of file.
2025-04-07 15:07:18,330 [ERROR] LogOutputStream:75 - [STDERR_REDIRECT] 
2025-04-07 15:07:19,320 [ERROR] LogOutputStream:75 - [STDERR_REDIRECT] [Fatal Error] :1:1: Premature end of file.
2025-04-07 15:07:19,320 [ERROR] LogOutputStream:75 - [STDERR_REDIRECT] 
2025-04-07 15:07:20,321 [ERROR] LogOutputStream:75 - [STDERR_REDIRECT] [Fatal Error] :1:1: Premature end of file.
2025-04-07 15:07:20,322 [ERROR] LogOutputStream:75 - [STDERR_REDIRECT] 
2025-04-07 15:07:21,324 [ERROR] LogOutputStream:75 - [STDERR_REDIRECT] [Fatal Error] :1:1: Premature end of file.
2025-04-07 15:07:21,324 [ERROR] LogOutputStream:75 - [STDERR_REDIRECT] 
2025-04-07 15:07:22,320 [ERROR] LogOutputStream:75 - [STDERR_REDIRECT] [Fatal Error] :1:1: Premature end of file.
2025-04-07 15:07:22,320 [ERROR] LogOutputStream:75 - [STDERR_REDIRECT] 
2025-04-07 15:07:23,321 [ERROR] LogOutputStream:75 - [STDERR_REDIRECT] [Fatal Error] :1:1: Premature end of file.
2025-04-07 15:07:23,321 [ERROR] LogOutputStream:75 - [STDERR_REDIRECT] 
2025-04-07 15:07:24,318 [ERROR] LogOutputStream:75 - [STDERR_REDIRECT] [Fatal Error] :1:1: Premature end of file.
2025-04-07 15:07:24,318 [ERROR] LogOutputStream:75 - [STDERR_REDIRECT] 
2025-04-07 15:07:25,324 [ERROR] LogOutputStream:75 - [STDERR_REDIRECT] [Fatal Error] :1:1: Premature end of file.
2025-04-07 15:07:25,324 [ERROR] LogOutputStream:75 - [STDERR_REDIRECT] 
2025-04-07 15:07:26,319 [ERROR] LogOutputStream:75 - [STDERR_REDIRECT] [Fatal Error] :1:1: Premature end of file.
2025-04-07 15:07:26,319 [ERROR] LogOutputStream:75 - [STDERR_REDIRECT] 
2025-04-07 15:07:27,321 [ERROR] LogOutputStream:75 - [STDERR_REDIRECT] [Fatal Error] :1:1: Premature end of file.
2025-04-07 15:07:27,321 [ERROR] LogOutputStream:75 - [STDERR_REDIRECT] 
2025-04-07 15:07:28,319 [ERROR] LogOutputStream:75 - [STDERR_REDIRECT] [Fatal Error] :1:1: Premature end of file.
2025-04-07 15:07:28,319 [ERROR] LogOutputStream:75 - [STDERR_REDIRECT] 
2025-04-07 15:07:29,322 [ERROR] LogOutputStream:75 - [STDERR_REDIRECT] [Fatal Error] :1:1: Premature end of file.
2025-04-07 15:07:29,322 [ERROR] LogOutputStream:75 - [STDERR_REDIRECT] 
2025-04-07 15:07:30,320 [ERROR] LogOutputStream:75 - [STDERR_REDIRECT] [Fatal Error] :1:1: Premature end of file.
2025-04-07 15:07:30,320 [ERROR] LogOutputStream:75 - [STDERR_REDIRECT] 
2025-04-07 15:07:31,322 [ERROR] LogOutputStream:75 - [STDERR_REDIRECT] [Fatal Error] :1:1: Premature end of file.
2025-04-07 15:07:31,322 [ERROR] LogOutputStream:75 - [STDERR_REDIRECT] 
2025-04-07 15:07:32,322 [ERROR] LogOutputStream:75 - [STDERR_REDIRECT] [Fatal Error] :1:1: Premature end of file.
2025-04-07 15:07:32,322 [ERROR] LogOutputStream:75 - [STDERR_REDIRECT] 
2025-04-07 15:07:33,329 [ERROR] LogOutputStream:75 - [STDERR_REDIRECT] [Fatal Error] :1:1: Premature end of file.
2025-04-07 15:07:33,329 [ERROR] LogOutputStream:75 - [STDERR_REDIRECT] 
2025-04-07 15:07:34,320 [ERROR] LogOutputStream:75 - [STDERR_REDIRECT] [Fatal Error] :1:1: Premature end of file.
2025-04-07 15:07:34,321 [ERROR] LogOutputStream:75 - [STDERR_REDIRECT] 
2025-04-07 15:07:35,321 [ERROR] LogOutputStream:75 - [STDERR_REDIRECT] [Fatal Error] :1:1: Premature end of file.
2025-04-07 15:07:35,321 [ERROR] LogOutputStream:75 - [STDERR_REDIRECT] 
2025-04-07 15:07:36,320 [ERROR] LogOutputStream:75 - [STDERR_REDIRECT] [Fatal Error] :1:1: Premature end of file.
2025-04-07 15:07:36,320 [ERROR] LogOutputStream:75 - [STDERR_REDIRECT] 
2025-04-07 15:07:37,321 [ERROR] LogOutputStream:75 - [STDERR_REDIRECT] [Fatal Error] :1:1: Premature end of file.
2025-04-07 15:07:37,321 [ERROR] LogOutputStream:75 - [STDERR_REDIRECT] 
2025-04-07 15:07:38,321 [ERROR] LogOutputStream:75 - [STDERR_REDIRECT] [Fatal Error] :1:1: Premature end of file.
2025-04-07 15:07:38,321 [ERROR] LogOutputStream:75 - [STDERR_REDIRECT] 
2025-04-07 15:07:39,322 [ERROR] LogOutputStream:75 - [STDERR_REDIRECT] [Fatal Error] :1:1: Premature end of file.
2025-04-07 15:07:39,322 [ERROR] LogOutputStream:75 - [STDERR_REDIRECT] 
2025-04-07 15:07:40,320 [ERROR] LogOutputStream:75 - [STDERR_REDIRECT] [Fatal Error] :1:1: Premature end of file.
2025-04-07 15:07:40,320 [ERROR] LogOutputStream:75 - [STDERR_REDIRECT] 
2025-04-07 15:07:41,320 [ERROR] LogOutputStream:75 - [STDERR_REDIRECT] [Fatal Error] :1:1: Premature end of file.
2025-04-07 15:07:41,320 [ERROR] LogOutputStream:75 - [STDERR_REDIRECT] 
2025-04-07 15:07:42,320 [ERROR] LogOutputStream:75 - [STDERR_REDIRECT] [Fatal Error] :1:1: Premature end of file.
2025-04-07 15:07:42,320 [ERROR] LogOutputStream:75 - [STDERR_REDIRECT] 
2025-04-07 15:07:43,321 [ERROR] LogOutputStream:75 - [STDERR_REDIRECT] [Fatal Error] :1:1: Premature end of file.
2025-04-07 15:07:43,321 [ERROR] LogOutputStream:75 - [STDERR_REDIRECT] 
2025-04-07 15:07:44,320 [ERROR] LogOutputStream:75 - [STDERR_REDIRECT] [Fatal Error] :1:1: Premature end of file.
2025-04-07 15:07:44,321 [ERROR] LogOutputStream:75 - [STDERR_REDIRECT] 
2025-04-07 15:07:45,322 [ERROR] LogOutputStream:75 - [STDERR_REDIRECT] [Fatal Error] :1:1: Premature end of file.
2025-04-07 15:07:45,322 [ERROR] LogOutputStream:75 - [STDERR_REDIRECT] 
2025-04-07 15:07:46,321 [ERROR] LogOutputStream:75 - [STDERR_REDIRECT] [Fatal Error] :1:1: Premature end of file.
2025-04-07 15:07:46,321 [ERROR] LogOutputStream:75 - [STDERR_REDIRECT] 
2025-04-07 15:07:47,320 [ERROR] LogOutputStream:75 - [STDERR_REDIRECT] [Fatal Error] :1:1: Premature end of file.
2025-04-07 15:07:47,320 [ERROR] LogOutputStream:75 - [STDERR_REDIRECT] 
2025-04-07 15:07:48,320 [ERROR] LogOutputStream:75 - [STDERR_REDIRECT] [Fatal Error] :1:1: Premature end of file.
2025-04-07 15:07:48,320 [ERROR] LogOutputStream:75 - [STDERR_REDIRECT] 
2025-04-07 15:07:49,234 [ERROR] LogOutputStream:75 - [STDERR_REDIRECT] 
2025-04-07 15:07:49,235 [ERROR] LogOutputStream:75 - [STDERR_REDIRECT] 
