2025-02-18 17:16:01,741 [INFO] Activator:176 - 


2025-02-18 17:16:01,745 [INFO] Activator:177 - !SESSION log4j initialized
2025-02-18 17:16:07,088 [INFO] LogOutputStream:77 - [STDOUT_REDIRECT] 
2025-02-18 17:16:09,816 [INFO] ApplicationProperties:184 - Using Application install path: E:\ST\STM32CubeIDE_1.16.1\STM32CubeIDE\plugins\com.st.stm32cube.common.mx_6.12.1.202409122256
2025-02-18 17:16:09,834 [INFO] DbMcusXml:78 - Set database path to: E:\ST\STM32CubeIDE_1.16.1\STM32CubeIDE\plugins\com.st.stm32cube.common.mx_6.12.1.202409122256\\db\/mcu/
2025-02-18 17:16:09,834 [INFO] ApiDb:274 - Set plugin database path to: E:\ST\STM32CubeIDE_1.16.1\STM32CubeIDE\plugins\com.st.stm32cube.common.mx_6.12.1.202409122256\\db\/plugins/boardmanager/
2025-02-18 17:16:09,835 [WARN] ApiDb:259 - Overriding images path with different value:  => E:\ST\STM32CubeIDE_1.16.1\STM32CubeIDE\plugins\com.st.stm32cube.common.mx_6.12.1.202409122256\\db\/plugins/mcufinder/images/
2025-02-18 17:16:09,842 [INFO] ApiDb:250 - Set database path to: C:\Users\galat\.stmcufinder\plugins\mcufinder//mcu/
2025-02-18 17:16:09,843 [INFO] DbMcusAds:125 - Set database path to: C:\Users\galat\.stmcufinder\plugins\mcufinder//mcu/
2025-02-18 17:16:09,845 [INFO] CrossReferenceDbSqlite:203 - Set database path to: C:\Users\galat\.stmcufinder\plugins\mcufinder//mcu/cs/
2025-02-18 17:16:09,968 [INFO] RulesReader:64 - Compatibility file has been processed (297 Rules)
2025-02-18 17:16:10,086 [INFO] DbMcusXml:78 - Set database path to: E:\ST\STM32CubeIDE_1.16.1\STM32CubeIDE\plugins\com.st.stm32cube.common.mx_6.12.1.202409122256\\db\/mcu/
2025-02-18 17:16:10,086 [INFO] ApiDb:274 - Set plugin database path to: E:\ST\STM32CubeIDE_1.16.1\STM32CubeIDE\plugins\com.st.stm32cube.common.mx_6.12.1.202409122256\\db\/plugins/boardmanager/
2025-02-18 17:16:10,086 [INFO] ApiDb:261 - Set plugin images path to: E:\ST\STM32CubeIDE_1.16.1\STM32CubeIDE\plugins\com.st.stm32cube.common.mx_6.12.1.202409122256\\db\/plugins/mcufinder/images/
2025-02-18 17:16:10,087 [WARN] DbFile:41 - Overriding database path with different value: C:\Users\galat\.stmcufinder\plugins\mcufinder/ => C:\Users\galat\.stmcufinder\plugins\mcufinder
2025-02-18 17:16:10,087 [INFO] ApiDb:250 - Set database path to: C:\Users\galat\.stmcufinder\plugins\mcufinder//mcu/
2025-02-18 17:16:10,087 [WARN] DbFile:41 - Overriding database path with different value: C:\Users\galat\.stmcufinder\plugins\mcufinder/ => C:\Users\galat\.stmcufinder\plugins\mcufinder
2025-02-18 17:16:10,087 [INFO] DbMcusAds:125 - Set database path to: C:\Users\galat\.stmcufinder\plugins\mcufinder//mcu/
2025-02-18 17:16:10,087 [WARN] DbFile:41 - Overriding database path with different value: C:\Users\galat\.stmcufinder\plugins\mcufinder/ => C:\Users\galat\.stmcufinder\plugins\mcufinder
2025-02-18 17:16:10,087 [WARN] DbFile:41 - Overriding database path with different value: C:\Users\galat\.stmcufinder\plugins\mcufinder/ => C:\Users\galat\.stmcufinder\plugins\mcufinder
2025-02-18 17:16:10,087 [INFO] CrossReferenceDbSqlite:203 - Set database path to: C:\Users\galat\.stmcufinder\plugins\mcufinder//mcu/cs/
2025-02-18 17:16:10,211 [INFO] MainPanel:268 - HeapMemory: 268435456
2025-02-18 17:16:10,389 [INFO] DbMcusXml:78 - Set database path to: E:\ST\STM32CubeIDE_1.16.1\STM32CubeIDE\plugins\com.st.stm32cube.common.mx_6.12.1.202409122256\\db\/mcu/
2025-02-18 17:16:10,389 [INFO] ApiDb:274 - Set plugin database path to: E:\ST\STM32CubeIDE_1.16.1\STM32CubeIDE\plugins\com.st.stm32cube.common.mx_6.12.1.202409122256\\db\/plugins/boardmanager/
2025-02-18 17:16:10,389 [INFO] ApiDb:261 - Set plugin images path to: E:\ST\STM32CubeIDE_1.16.1\STM32CubeIDE\plugins\com.st.stm32cube.common.mx_6.12.1.202409122256\\db\/plugins/mcufinder/images/
2025-02-18 17:16:10,390 [WARN] DbFile:41 - Overriding database path with different value: C:\Users\galat\.stmcufinder\plugins\mcufinder/ => C:\Users\galat\.stmcufinder\plugins\mcufinder
2025-02-18 17:16:10,390 [INFO] ApiDb:250 - Set database path to: C:\Users\galat\.stmcufinder\plugins\mcufinder//mcu/
2025-02-18 17:16:10,390 [WARN] DbFile:41 - Overriding database path with different value: C:\Users\galat\.stmcufinder\plugins\mcufinder/ => C:\Users\galat\.stmcufinder\plugins\mcufinder
2025-02-18 17:16:10,390 [INFO] DbMcusAds:125 - Set database path to: C:\Users\galat\.stmcufinder\plugins\mcufinder//mcu/
2025-02-18 17:16:10,390 [WARN] DbFile:41 - Overriding database path with different value: C:\Users\galat\.stmcufinder\plugins\mcufinder/ => C:\Users\galat\.stmcufinder\plugins\mcufinder
2025-02-18 17:16:10,390 [WARN] DbFile:41 - Overriding database path with different value: C:\Users\galat\.stmcufinder\plugins\mcufinder/ => C:\Users\galat\.stmcufinder\plugins\mcufinder
2025-02-18 17:16:10,390 [INFO] CrossReferenceDbSqlite:203 - Set database path to: C:\Users\galat\.stmcufinder\plugins\mcufinder//mcu/cs/
2025-02-18 17:16:10,412 [INFO] ApplicationProperties:184 - Using Application install path: E:\ST\STM32CubeIDE_1.16.1\STM32CubeIDE\plugins\com.st.stm32cube.common.mx_6.12.1.202409122256
2025-02-18 17:16:10,415 [INFO] PluginManage:196 - Search for loadable plugins [exclusion list=, ]
2025-02-18 17:16:10,417 [INFO] PluginManage:310 - Check plugin analytics
2025-02-18 17:16:10,687 [INFO] AnalyticsPlugin:253 - Accepted Software Licenses: 
2025-02-18 17:16:10,687 [INFO] AnalyticsPlugin:255 - Accepted CMSIS Pack Licenses: 
2025-02-18 17:16:10,687 [INFO] AnalyticsPlugin:257 - Accepted Firmware Licenses: 
2025-02-18 17:16:10,690 [INFO] PluginManage:359 - Loaded plugin analytics (category:tool,tabindex:-1)
2025-02-18 17:16:10,690 [INFO] PluginManage:310 - Check plugin cadmodel
2025-02-18 17:16:10,706 [INFO] CADModel:105 - Init CAD model plugin
2025-02-18 17:16:10,706 [INFO] PluginManage:359 - Loaded plugin cadmodel (category:power,tabindex:5)
2025-02-18 17:16:10,706 [INFO] PluginManage:310 - Check plugin clock
2025-02-18 17:16:10,730 [INFO] PluginManage:359 - Loaded plugin clock (category:base,tabindex:2)
2025-02-18 17:16:10,730 [INFO] PluginManage:310 - Check plugin ddr
2025-02-18 17:16:10,733 [INFO] PluginManage:359 - Loaded plugin ddr (category:tool,tabindex:6)
2025-02-18 17:16:10,733 [INFO] PluginManage:310 - Check plugin filemanager
2025-02-18 17:16:10,929 [INFO] PluginManage:359 - Loaded plugin filemanager (category:base,tabindex:10)
2025-02-18 17:16:10,929 [INFO] PluginManage:310 - Check plugin ipmanager
2025-02-18 17:16:10,939 [INFO] PluginManage:359 - Loaded plugin ipmanager (category:base,tabindex:5)
2025-02-18 17:16:10,939 [INFO] PluginManage:310 - Check plugin lpbam
2025-02-18 17:16:10,967 [INFO] PluginManage:359 - Loaded plugin lpbam (category:base,tabindex:0)
2025-02-18 17:16:10,967 [INFO] PluginManage:310 - Check plugin memorymap
2025-02-18 17:16:11,006 [INFO] PluginManage:359 - Loaded plugin memorymap (category:base,tabindex:4)
2025-02-18 17:16:11,006 [INFO] PluginManage:310 - Check plugin pinoutandconfiguration
2025-02-18 17:16:11,031 [INFO] PluginManage:359 - Loaded plugin pinoutandconfiguration (category:base,tabindex:1)
2025-02-18 17:16:11,032 [INFO] PluginManage:310 - Check plugin pinoutconfig
2025-02-18 17:16:11,157 [WARN] SupportedApi:132 - Cannot load RTOS API schema: s4s-elt-must-match.1: The content of 'definitions' must match (annotation?, (simpleType | complexType)?, (unique | key | keyref)*)). A problem was found starting at: attribute.
2025-02-18 17:16:11,380 [INFO] PluginManage:359 - Loaded plugin pinoutconfig (category:base,tabindex:0)
2025-02-18 17:16:11,380 [INFO] PluginManage:310 - Check plugin power
2025-02-18 17:16:11,410 [INFO] PluginManage:359 - Loaded plugin power (category:power,tabindex:4)
2025-02-18 17:16:11,410 [INFO] PluginManage:310 - Check plugin projectmanager
2025-02-18 17:16:11,428 [INFO] PluginManage:359 - Loaded plugin projectmanager (category:projectmanager,tabindex:4)
2025-02-18 17:16:11,428 [INFO] PluginManage:310 - Check plugin rif
2025-02-18 17:16:11,454 [INFO] PluginManage:359 - Loaded plugin rif (category:base,tabindex:3)
2025-02-18 17:16:11,454 [INFO] PluginManage:310 - Check plugin thirdparty
2025-02-18 17:16:11,817 [WARN] IntegrityCheckThread:84 - waiting for thirdparty lock release [integrity check]
2025-02-18 17:16:11,817 [INFO] IntegrityCheckThread:86 - entering critical section [integrity check]
2025-02-18 17:16:11,818 [INFO] PluginManage:359 - Loaded plugin thirdparty (category:base,tabindex:-1)
2025-02-18 17:16:11,818 [INFO] PluginManage:310 - Check plugin tools
2025-02-18 17:16:11,818 [INFO] ThirdPartyUpdaterWithRetryManager:70 - Updater plugin not ready yet. [1/15]
2025-02-18 17:16:11,876 [INFO] PluginManage:359 - Loaded plugin tools (category:base,tabindex:7)
2025-02-18 17:16:11,876 [INFO] PluginManage:310 - Check plugin tutovideos
2025-02-18 17:16:12,141 [INFO] PluginManage:359 - Loaded plugin tutovideos (category:base,tabindex:-1)
2025-02-18 17:16:12,141 [INFO] PluginManage:310 - Check plugin updater
2025-02-18 17:16:12,164 [INFO] PluginManage:359 - Loaded plugin updater (category:base,tabindex:12)
2025-02-18 17:16:12,164 [INFO] PluginManage:310 - Check plugin userauth
2025-02-18 17:16:12,172 [INFO] UserAuth:113 - Init User Auth plugin
2025-02-18 17:16:12,172 [INFO] PluginManage:359 - Loaded plugin userauth (category:base,tabindex:14)
2025-02-18 17:16:12,172 [INFO] PluginManage:283 - PluginManage : Loaded plugins [18]
2025-02-18 17:16:12,449 [INFO] PinOutPanel:1561 - setPackage(No Configuration,No Configuration)
2025-02-18 17:16:12,569 [INFO] CADModel:165 - CPN selected for project level
2025-02-18 17:16:12,570 [INFO] CADModel:114 - Register for checkConnection events
2025-02-18 17:16:12,609 [INFO] IPUIPlugin:80 - create IPUIPlugin
2025-02-18 17:16:12,609 [INFO] PluginManager:220 - loadIPPluginJar : add adc
2025-02-18 17:16:12,665 [INFO] IPUIPlugin:80 - create IPUIPlugin
2025-02-18 17:16:12,665 [INFO] PluginManager:220 - loadIPPluginJar : add aes
2025-02-18 17:16:12,719 [INFO] IPUIPlugin:80 - create IPUIPlugin
2025-02-18 17:16:12,719 [INFO] PluginManager:220 - loadIPPluginJar : add can
2025-02-18 17:16:12,747 [INFO] IPUIPlugin:80 - create IPUIPlugin
2025-02-18 17:16:12,747 [INFO] PluginManager:220 - loadIPPluginJar : add comp
2025-02-18 17:16:12,784 [INFO] IPUIPlugin:80 - create IPUIPlugin
2025-02-18 17:16:12,784 [INFO] PluginManager:220 - loadIPPluginJar : add cryp
2025-02-18 17:16:12,798 [INFO] IPUIPlugin:80 - create IPUIPlugin
2025-02-18 17:16:12,798 [INFO] PluginManager:220 - loadIPPluginJar : add ddr_ctrl_phy
2025-02-18 17:16:12,834 [INFO] IPUIPlugin:80 - create IPUIPlugin
2025-02-18 17:16:12,834 [INFO] PluginManager:220 - loadIPPluginJar : add dfsdm
2025-02-18 17:16:12,851 [INFO] IPUIPlugin:80 - create IPUIPlugin
2025-02-18 17:16:12,851 [INFO] PluginManager:220 - loadIPPluginJar : add dma
2025-02-18 17:16:12,897 [INFO] IPUIPlugin:80 - create IPUIPlugin
2025-02-18 17:16:12,897 [INFO] PluginManager:220 - loadIPPluginJar : add dma3
2025-02-18 17:16:12,940 [INFO] IPUIPlugin:80 - create IPUIPlugin
2025-02-18 17:16:12,940 [INFO] PluginManager:220 - loadIPPluginJar : add extmemmanager
2025-02-18 17:16:12,960 [INFO] IPUIPlugin:80 - create IPUIPlugin
2025-02-18 17:16:12,960 [INFO] PluginManager:220 - loadIPPluginJar : add fatfs
2025-02-18 17:16:13,001 [INFO] IPUIPlugin:80 - create IPUIPlugin
2025-02-18 17:16:13,001 [INFO] PluginManager:220 - loadIPPluginJar : add fmc
2025-02-18 17:16:13,017 [INFO] IPUIPlugin:80 - create IPUIPlugin
2025-02-18 17:16:13,017 [INFO] PluginManager:220 - loadIPPluginJar : add freertos
2025-02-18 17:16:13,038 [INFO] IPUIPlugin:80 - create IPUIPlugin
2025-02-18 17:16:13,038 [INFO] PluginManager:220 - loadIPPluginJar : add genericplugin
2025-02-18 17:16:13,118 [INFO] IPUIPlugin:80 - create IPUIPlugin
2025-02-18 17:16:13,118 [INFO] PluginManager:220 - loadIPPluginJar : add gfxmmu
2025-02-18 17:16:13,226 [INFO] IPUIPlugin:80 - create IPUIPlugin
2025-02-18 17:16:13,227 [INFO] PluginManager:220 - loadIPPluginJar : add gic
2025-02-18 17:16:13,239 [INFO] IPUIPlugin:80 - create IPUIPlugin
2025-02-18 17:16:13,239 [INFO] PluginManager:220 - loadIPPluginJar : add gpio
2025-02-18 17:16:13,353 [INFO] IPUIPlugin:80 - create IPUIPlugin
2025-02-18 17:16:13,353 [INFO] PluginManager:220 - loadIPPluginJar : add gtzc
2025-02-18 17:16:13,396 [INFO] IPUIPlugin:80 - create IPUIPlugin
2025-02-18 17:16:13,396 [INFO] PluginManager:220 - loadIPPluginJar : add hash
2025-02-18 17:16:13,454 [INFO] IPUIPlugin:80 - create IPUIPlugin
2025-02-18 17:16:13,454 [INFO] PluginManager:220 - loadIPPluginJar : add i2c
2025-02-18 17:16:13,497 [INFO] IPUIPlugin:80 - create IPUIPlugin
2025-02-18 17:16:13,497 [INFO] PluginManager:220 - loadIPPluginJar : add i2s
2025-02-18 17:16:13,542 [INFO] IPUIPlugin:80 - create IPUIPlugin
2025-02-18 17:16:13,542 [INFO] PluginManager:220 - loadIPPluginJar : add i3c
2025-02-18 17:16:13,643 [INFO] IPUIPlugin:80 - create IPUIPlugin
2025-02-18 17:16:13,643 [INFO] PluginManager:220 - loadIPPluginJar : add ipddr
2025-02-18 17:16:13,762 [INFO] IPUIPlugin:80 - create IPUIPlugin
2025-02-18 17:16:13,762 [INFO] PluginManager:220 - loadIPPluginJar : add linkedlist
2025-02-18 17:16:13,817 [INFO] IPUIPlugin:80 - create IPUIPlugin
2025-02-18 17:16:13,818 [INFO] PluginManager:220 - loadIPPluginJar : add lorawan
2025-02-18 17:16:13,868 [INFO] IPUIPlugin:80 - create IPUIPlugin
2025-02-18 17:16:13,868 [INFO] PluginManager:220 - loadIPPluginJar : add ltdc
2025-02-18 17:16:13,886 [INFO] IPUIPlugin:80 - create IPUIPlugin
2025-02-18 17:16:13,887 [INFO] PluginManager:220 - loadIPPluginJar : add mdma
2025-02-18 17:16:13,909 [INFO] IPUIPlugin:80 - create IPUIPlugin
2025-02-18 17:16:13,909 [INFO] PluginManager:220 - loadIPPluginJar : add nvic
2025-02-18 17:16:14,007 [INFO] IPUIPlugin:80 - create IPUIPlugin
2025-02-18 17:16:14,007 [INFO] PluginManager:220 - loadIPPluginJar : add opamp
2025-02-18 17:16:14,111 [INFO] IPUIPlugin:80 - create IPUIPlugin
2025-02-18 17:16:14,111 [INFO] PluginManager:220 - loadIPPluginJar : add openamp
2025-02-18 17:16:14,172 [INFO] IPUIPlugin:80 - create IPUIPlugin
2025-02-18 17:16:14,172 [INFO] PluginManager:220 - loadIPPluginJar : add pdm2pcm
2025-02-18 17:16:14,192 [INFO] IPUIPlugin:80 - create IPUIPlugin
2025-02-18 17:16:14,194 [INFO] PluginManager:220 - loadIPPluginJar : add plateformsettings
2025-02-18 17:16:14,217 [INFO] IPUIPlugin:80 - create IPUIPlugin
2025-02-18 17:16:14,217 [INFO] PluginManager:220 - loadIPPluginJar : add quadspi
2025-02-18 17:16:14,243 [INFO] IPUIPlugin:80 - create IPUIPlugin
2025-02-18 17:16:14,244 [INFO] PluginManager:220 - loadIPPluginJar : add radio
2025-02-18 17:16:14,257 [INFO] IPUIPlugin:80 - create IPUIPlugin
2025-02-18 17:16:14,257 [INFO] PluginManager:220 - loadIPPluginJar : add resmgrutility
2025-02-18 17:16:14,303 [INFO] IPUIPlugin:80 - create IPUIPlugin
2025-02-18 17:16:14,303 [INFO] PluginManager:220 - loadIPPluginJar : add sai
2025-02-18 17:16:14,337 [INFO] IPUIPlugin:80 - create IPUIPlugin
2025-02-18 17:16:14,337 [INFO] PluginManager:220 - loadIPPluginJar : add spi
2025-02-18 17:16:14,401 [INFO] IPUIPlugin:80 - create IPUIPlugin
2025-02-18 17:16:14,401 [INFO] PluginManager:220 - loadIPPluginJar : add stm32_wpan
2025-02-18 17:16:14,424 [INFO] IPUIPlugin:80 - create IPUIPlugin
2025-02-18 17:16:14,424 [INFO] PluginManager:220 - loadIPPluginJar : add tim
2025-02-18 17:16:14,481 [INFO] IPUIPlugin:80 - create IPUIPlugin
2025-02-18 17:16:14,481 [INFO] PluginManager:220 - loadIPPluginJar : add touchsensing
2025-02-18 17:16:14,502 [INFO] IPUIPlugin:80 - create IPUIPlugin
2025-02-18 17:16:14,502 [INFO] PluginManager:220 - loadIPPluginJar : add tracer_emb
