01:00:33 **** Incremental Build of configuration Debug for project SimulareVolan ****
make -j16 all 
arm-none-eabi-gcc "../USB_DEVICE/App/usbd_custom_hid_if.c" -mcpu=cortex-m4 -std=gnu11 -g3 -DDEBUG -DUSE_HAL_DRIVER -DSTM32F405xx -c -I../Core/Inc -I../Drivers/STM32F4xx_HAL_Driver/Inc -I../Drivers/STM32F4xx_HAL_Driver/Inc/Legacy -I../Drivers/CMSIS/Device/ST/STM32F4xx/Include -I../Drivers/CMSIS/Include -I../USB_DEVICE/App -I../USB_DEVICE/Target -I../Middlewares/ST/STM32_USB_Device_Library/Core/Inc -I../Middlewares/ST/STM32_USB_Device_Library/Class/CustomHID/Inc -O0 -ffunction-sections -fdata-sections -Wall -fstack-usage -fcyclomatic-complexity -MMD -MP -MF"USB_DEVICE/App/usbd_custom_hid_if.d" -MT"USB_DEVICE/App/usbd_custom_hid_if.o" --specs=nano.specs -mfpu=fpv4-sp-d16 -mfloat-abi=hard -mthumb -o "USB_DEVICE/App/usbd_custom_hid_if.o"
../USB_DEVICE/App/usbd_custom_hid_if.c: In function 'CUSTOM_HID_OutEvent_FS':
../USB_DEVICE/App/usbd_custom_hid_if.c:921:7: warning: implicit declaration of function 'apply_force_to_motor' [-Wimplicit-function-declaration]
  921 |       apply_force_to_motor(totalForce);
      |       ^~~~~~~~~~~~~~~~~~~~
../USB_DEVICE/App/usbd_custom_hid_if.c: At top level:
../USB_DEVICE/App/usbd_custom_hid_if.c:947:6: warning: conflicting types for 'apply_force_to_motor'; have 'void(int16_t)' {aka 'void(short int)'}
  947 | void apply_force_to_motor(int16_t force)
      |      ^~~~~~~~~~~~~~~~~~~~
../USB_DEVICE/App/usbd_custom_hid_if.c:921:7: note: previous implicit declaration of 'apply_force_to_motor' with type 'void(int16_t)' {aka 'void(short int)'}
  921 |       apply_force_to_motor(totalForce);
      |       ^~~~~~~~~~~~~~~~~~~~
arm-none-eabi-g++ -o "SimulareVolan.elf" @"objects.list"   -mcpu=cortex-m4 -T"C:\Users\Marco\Documents\GitHub\Licenta\Proiect\SimulareVolan\STM32F405RGTX_FLASH.ld" --specs=nosys.specs -Wl,-Map="SimulareVolan.map" -Wl,--gc-sections -static --specs=nano.specs -mfpu=fpv4-sp-d16 -mfloat-abi=hard -mthumb -Wl,--start-group -lc -lm -lstdc++ -lsupc++ -Wl,--end-group
Finished building target: SimulareVolan.elf
 
arm-none-eabi-size  SimulareVolan.elf 
arm-none-eabi-objdump -h -S SimulareVolan.elf  > "SimulareVolan.list"
   text	   data	    bss	    dec	    hex	filename
  34012	   1644	   4820	  40476	   9e1c	SimulareVolan.elf
Finished building: default.size.stdout
 
Finished building: SimulareVolan.list
 
01:00:37 **** Incremental Build of configuration Debug for project SimulareVolan ****
make -j16 all 
arm-none-eabi-size  SimulareVolan.elf 
   text	   data	    bss	    dec	    hex	filename
  34012	   1644	   4820	  40476	   9e1c	SimulareVolan.elf
Finished building: default.size.stdout
 
