2024-11-16 00:08:47,164 [ERROR] LogOutputStream:75 - [STDERR_REDIRECT] 
2024-11-16 01:52:30,628 [INFO] Activator:176 - 


2024-11-16 01:52:30,632 [INFO] Activator:177 - !SESSION log4j initialized
2024-11-16 01:52:37,104 [INFO] LogOutputStream:77 - [STDOUT_REDIRECT] 
2024-11-16 01:52:38,455 [INFO] ApplicationProperties:184 - Using Application install path: C:\ST\STM32CubeIDE_1.16.1\STM32CubeIDE\plugins\com.st.stm32cube.common.mx_6.12.1.202409122256
2024-11-16 01:52:38,477 [INFO] DbMcusXml:78 - Set database path to: C:\ST\STM32CubeIDE_1.16.1\STM32CubeIDE\plugins\com.st.stm32cube.common.mx_6.12.1.202409122256\\db\/mcu/
2024-11-16 01:52:38,477 [INFO] ApiDb:274 - Set plugin database path to: C:\ST\STM32CubeIDE_1.16.1\STM32CubeIDE\plugins\com.st.stm32cube.common.mx_6.12.1.202409122256\\db\/plugins/boardmanager/
2024-11-16 01:52:38,507 [WARN] ApiDb:259 - Overriding images path with different value:  => C:\ST\STM32CubeIDE_1.16.1\STM32CubeIDE\plugins\com.st.stm32cube.common.mx_6.12.1.202409122256\\db\/plugins/mcufinder/images/
2024-11-16 01:52:38,520 [INFO] ApiDb:250 - Set database path to: C:\Users\Marco\.stmcufinder\plugins\mcufinder//mcu/
2024-11-16 01:52:38,521 [INFO] DbMcusAds:125 - Set database path to: C:\Users\Marco\.stmcufinder\plugins\mcufinder//mcu/
2024-11-16 01:52:38,523 [INFO] CrossReferenceDbSqlite:203 - Set database path to: C:\Users\Marco\.stmcufinder\plugins\mcufinder//mcu/cs/
2024-11-16 01:52:38,643 [INFO] RulesReader:64 - Compatibility file has been processed (297 Rules)
2024-11-16 01:52:38,760 [INFO] DbMcusXml:78 - Set database path to: C:\ST\STM32CubeIDE_1.16.1\STM32CubeIDE\plugins\com.st.stm32cube.common.mx_6.12.1.202409122256\\db\/mcu/
2024-11-16 01:52:38,760 [INFO] ApiDb:274 - Set plugin database path to: C:\ST\STM32CubeIDE_1.16.1\STM32CubeIDE\plugins\com.st.stm32cube.common.mx_6.12.1.202409122256\\db\/plugins/boardmanager/
2024-11-16 01:52:38,760 [INFO] ApiDb:261 - Set plugin images path to: C:\ST\STM32CubeIDE_1.16.1\STM32CubeIDE\plugins\com.st.stm32cube.common.mx_6.12.1.202409122256\\db\/plugins/mcufinder/images/
2024-11-16 01:52:38,760 [WARN] DbFile:41 - Overriding database path with different value: C:\Users\Marco\.stmcufinder\plugins\mcufinder/ => C:\Users\Marco\.stmcufinder\plugins\mcufinder
2024-11-16 01:52:38,760 [INFO] ApiDb:250 - Set database path to: C:\Users\Marco\.stmcufinder\plugins\mcufinder//mcu/
2024-11-16 01:52:38,760 [WARN] DbFile:41 - Overriding database path with different value: C:\Users\Marco\.stmcufinder\plugins\mcufinder/ => C:\Users\Marco\.stmcufinder\plugins\mcufinder
2024-11-16 01:52:38,761 [INFO] DbMcusAds:125 - Set database path to: C:\Users\Marco\.stmcufinder\plugins\mcufinder//mcu/
2024-11-16 01:52:38,761 [WARN] DbFile:41 - Overriding database path with different value: C:\Users\Marco\.stmcufinder\plugins\mcufinder/ => C:\Users\Marco\.stmcufinder\plugins\mcufinder
2024-11-16 01:52:38,761 [WARN] DbFile:41 - Overriding database path with different value: C:\Users\Marco\.stmcufinder\plugins\mcufinder/ => C:\Users\Marco\.stmcufinder\plugins\mcufinder
2024-11-16 01:52:38,761 [INFO] CrossReferenceDbSqlite:203 - Set database path to: C:\Users\Marco\.stmcufinder\plugins\mcufinder//mcu/cs/
2024-11-16 01:52:38,848 [INFO] MainPanel:268 - HeapMemory: 268435456
2024-11-16 01:52:38,954 [INFO] DbMcusXml:78 - Set database path to: C:\ST\STM32CubeIDE_1.16.1\STM32CubeIDE\plugins\com.st.stm32cube.common.mx_6.12.1.202409122256\\db\/mcu/
2024-11-16 01:52:38,954 [INFO] ApiDb:274 - Set plugin database path to: C:\ST\STM32CubeIDE_1.16.1\STM32CubeIDE\plugins\com.st.stm32cube.common.mx_6.12.1.202409122256\\db\/plugins/boardmanager/
2024-11-16 01:52:38,954 [INFO] ApiDb:261 - Set plugin images path to: C:\ST\STM32CubeIDE_1.16.1\STM32CubeIDE\plugins\com.st.stm32cube.common.mx_6.12.1.202409122256\\db\/plugins/mcufinder/images/
2024-11-16 01:52:38,954 [WARN] DbFile:41 - Overriding database path with different value: C:\Users\Marco\.stmcufinder\plugins\mcufinder/ => C:\Users\Marco\.stmcufinder\plugins\mcufinder
2024-11-16 01:52:38,954 [INFO] ApiDb:250 - Set database path to: C:\Users\Marco\.stmcufinder\plugins\mcufinder//mcu/
2024-11-16 01:52:38,955 [WARN] DbFile:41 - Overriding database path with different value: C:\Users\Marco\.stmcufinder\plugins\mcufinder/ => C:\Users\Marco\.stmcufinder\plugins\mcufinder
2024-11-16 01:52:38,955 [INFO] DbMcusAds:125 - Set database path to: C:\Users\Marco\.stmcufinder\plugins\mcufinder//mcu/
2024-11-16 01:52:38,955 [WARN] DbFile:41 - Overriding database path with different value: C:\Users\Marco\.stmcufinder\plugins\mcufinder/ => C:\Users\Marco\.stmcufinder\plugins\mcufinder
2024-11-16 01:52:38,955 [WARN] DbFile:41 - Overriding database path with different value: C:\Users\Marco\.stmcufinder\plugins\mcufinder/ => C:\Users\Marco\.stmcufinder\plugins\mcufinder
2024-11-16 01:52:38,955 [INFO] CrossReferenceDbSqlite:203 - Set database path to: C:\Users\Marco\.stmcufinder\plugins\mcufinder//mcu/cs/
2024-11-16 01:52:38,975 [INFO] ApplicationProperties:184 - Using Application install path: C:\ST\STM32CubeIDE_1.16.1\STM32CubeIDE\plugins\com.st.stm32cube.common.mx_6.12.1.202409122256
2024-11-16 01:52:38,976 [INFO] PluginManage:196 - Search for loadable plugins [exclusion list=, ]
2024-11-16 01:52:38,978 [INFO] PluginManage:310 - Check plugin analytics
2024-11-16 01:52:39,155 [INFO] AnalyticsPlugin:253 - Accepted Software Licenses: 
2024-11-16 01:52:39,155 [INFO] AnalyticsPlugin:255 - Accepted CMSIS Pack Licenses: 
2024-11-16 01:52:39,156 [INFO] AnalyticsPlugin:257 - Accepted Firmware Licenses: 
2024-11-16 01:52:39,158 [INFO] PluginManage:359 - Loaded plugin analytics (category:tool,tabindex:-1)
2024-11-16 01:52:39,159 [INFO] PluginManage:310 - Check plugin cadmodel
2024-11-16 01:52:39,176 [INFO] CADModel:105 - Init CAD model plugin
2024-11-16 01:52:39,176 [INFO] PluginManage:359 - Loaded plugin cadmodel (category:power,tabindex:5)
2024-11-16 01:52:39,176 [INFO] PluginManage:310 - Check plugin clock
2024-11-16 01:52:39,197 [INFO] PluginManage:359 - Loaded plugin clock (category:base,tabindex:2)
2024-11-16 01:52:39,198 [INFO] PluginManage:310 - Check plugin ddr
2024-11-16 01:52:39,200 [INFO] PluginManage:359 - Loaded plugin ddr (category:tool,tabindex:6)
2024-11-16 01:52:39,200 [INFO] PluginManage:310 - Check plugin filemanager
2024-11-16 01:52:39,350 [INFO] PluginManage:359 - Loaded plugin filemanager (category:base,tabindex:10)
2024-11-16 01:52:39,350 [INFO] PluginManage:310 - Check plugin ipmanager
2024-11-16 01:52:39,358 [INFO] PluginManage:359 - Loaded plugin ipmanager (category:base,tabindex:5)
2024-11-16 01:52:39,358 [INFO] PluginManage:310 - Check plugin lpbam
2024-11-16 01:52:39,377 [INFO] PluginManage:359 - Loaded plugin lpbam (category:base,tabindex:0)
2024-11-16 01:52:39,377 [INFO] PluginManage:310 - Check plugin memorymap
2024-11-16 01:52:39,401 [INFO] PluginManage:359 - Loaded plugin memorymap (category:base,tabindex:4)
2024-11-16 01:52:39,401 [INFO] PluginManage:310 - Check plugin pinoutandconfiguration
2024-11-16 01:52:39,420 [INFO] PluginManage:359 - Loaded plugin pinoutandconfiguration (category:base,tabindex:1)
2024-11-16 01:52:39,420 [INFO] PluginManage:310 - Check plugin pinoutconfig
2024-11-16 01:52:39,518 [WARN] SupportedApi:132 - Cannot load RTOS API schema: s4s-elt-must-match.1: The content of 'definitions' must match (annotation?, (simpleType | complexType)?, (unique | key | keyref)*)). A problem was found starting at: attribute.
2024-11-16 01:52:39,656 [INFO] PluginManage:359 - Loaded plugin pinoutconfig (category:base,tabindex:0)
2024-11-16 01:52:39,656 [INFO] PluginManage:310 - Check plugin power
2024-11-16 01:52:39,678 [INFO] PluginManage:359 - Loaded plugin power (category:power,tabindex:4)
2024-11-16 01:52:39,678 [INFO] PluginManage:310 - Check plugin projectmanager
2024-11-16 01:52:39,695 [INFO] PluginManage:359 - Loaded plugin projectmanager (category:projectmanager,tabindex:4)
2024-11-16 01:52:39,722 [INFO] PluginManage:310 - Check plugin rif
2024-11-16 01:52:39,740 [INFO] PluginManage:359 - Loaded plugin rif (category:base,tabindex:3)
2024-11-16 01:52:39,740 [INFO] PluginManage:310 - Check plugin thirdparty
2024-11-16 01:52:40,039 [INFO] PluginManage:359 - Loaded plugin thirdparty (category:base,tabindex:-1)
2024-11-16 01:52:40,039 [WARN] IntegrityCheckThread:84 - waiting for thirdparty lock release [integrity check]
2024-11-16 01:52:40,039 [INFO] PluginManage:310 - Check plugin tools
2024-11-16 01:52:40,039 [INFO] IntegrityCheckThread:86 - entering critical section [integrity check]
2024-11-16 01:52:40,040 [INFO] ThirdPartyUpdaterWithRetryManager:70 - Updater plugin not ready yet. [1/15]
2024-11-16 01:52:40,079 [INFO] PluginManage:359 - Loaded plugin tools (category:base,tabindex:7)
2024-11-16 01:52:40,079 [INFO] PluginManage:310 - Check plugin tutovideos
2024-11-16 01:52:40,284 [INFO] PluginManage:359 - Loaded plugin tutovideos (category:base,tabindex:-1)
2024-11-16 01:52:40,284 [INFO] PluginManage:310 - Check plugin updater
2024-11-16 01:52:40,302 [INFO] PluginManage:359 - Loaded plugin updater (category:base,tabindex:12)
2024-11-16 01:52:40,302 [INFO] PluginManage:310 - Check plugin userauth
2024-11-16 01:52:40,309 [INFO] UserAuth:113 - Init User Auth plugin
2024-11-16 01:52:40,309 [INFO] PluginManage:359 - Loaded plugin userauth (category:base,tabindex:14)
2024-11-16 01:52:40,309 [INFO] PluginManage:283 - PluginManage : Loaded plugins [18]
2024-11-16 01:52:40,523 [INFO] PinOutPanel:1561 - setPackage(No Configuration,No Configuration)
2024-11-16 01:52:40,610 [INFO] CADModel:165 - CPN selected for project level
2024-11-16 01:52:40,610 [INFO] CADModel:114 - Register for checkConnection events
2024-11-16 01:52:40,636 [INFO] IPUIPlugin:80 - create IPUIPlugin
2024-11-16 01:52:40,636 [INFO] PluginManager:220 - loadIPPluginJar : add adc
2024-11-16 01:52:40,673 [INFO] IPUIPlugin:80 - create IPUIPlugin
2024-11-16 01:52:40,673 [INFO] PluginManager:220 - loadIPPluginJar : add aes
2024-11-16 01:52:40,713 [INFO] IPUIPlugin:80 - create IPUIPlugin
2024-11-16 01:52:40,713 [INFO] PluginManager:220 - loadIPPluginJar : add can
2024-11-16 01:52:40,746 [INFO] IPUIPlugin:80 - create IPUIPlugin
2024-11-16 01:52:40,746 [INFO] PluginManager:220 - loadIPPluginJar : add comp
2024-11-16 01:52:40,784 [INFO] IPUIPlugin:80 - create IPUIPlugin
2024-11-16 01:52:40,784 [INFO] PluginManager:220 - loadIPPluginJar : add cryp
2024-11-16 01:52:40,797 [INFO] IPUIPlugin:80 - create IPUIPlugin
2024-11-16 01:52:40,797 [INFO] PluginManager:220 - loadIPPluginJar : add ddr_ctrl_phy
2024-11-16 01:52:40,829 [INFO] IPUIPlugin:80 - create IPUIPlugin
2024-11-16 01:52:40,829 [INFO] PluginManager:220 - loadIPPluginJar : add dfsdm
2024-11-16 01:52:40,845 [INFO] IPUIPlugin:80 - create IPUIPlugin
2024-11-16 01:52:40,846 [INFO] PluginManager:220 - loadIPPluginJar : add dma
2024-11-16 01:52:40,895 [INFO] IPUIPlugin:80 - create IPUIPlugin
2024-11-16 01:52:40,895 [INFO] PluginManager:220 - loadIPPluginJar : add dma3
2024-11-16 01:52:40,946 [INFO] IPUIPlugin:80 - create IPUIPlugin
2024-11-16 01:52:40,946 [INFO] PluginManager:220 - loadIPPluginJar : add extmemmanager
2024-11-16 01:52:40,974 [INFO] IPUIPlugin:80 - create IPUIPlugin
2024-11-16 01:52:40,974 [INFO] PluginManager:220 - loadIPPluginJar : add fatfs
2024-11-16 01:52:41,026 [INFO] IPUIPlugin:80 - create IPUIPlugin
2024-11-16 01:52:41,027 [INFO] PluginManager:220 - loadIPPluginJar : add fmc
2024-11-16 01:52:41,048 [INFO] IPUIPlugin:80 - create IPUIPlugin
2024-11-16 01:52:41,048 [INFO] PluginManager:220 - loadIPPluginJar : add freertos
2024-11-16 01:52:41,069 [INFO] IPUIPlugin:80 - create IPUIPlugin
2024-11-16 01:52:41,085 [INFO] PluginManager:220 - loadIPPluginJar : add genericplugin
2024-11-16 01:52:41,175 [INFO] IPUIPlugin:80 - create IPUIPlugin
2024-11-16 01:52:41,176 [INFO] PluginManager:220 - loadIPPluginJar : add gfxmmu
2024-11-16 01:52:41,324 [INFO] IPUIPlugin:80 - create IPUIPlugin
2024-11-16 01:52:41,324 [INFO] PluginManager:220 - loadIPPluginJar : add gic
2024-11-16 01:52:41,343 [INFO] IPUIPlugin:80 - create IPUIPlugin
2024-11-16 01:52:41,343 [INFO] PluginManager:220 - loadIPPluginJar : add gpio
2024-11-16 01:52:41,445 [INFO] IPUIPlugin:80 - create IPUIPlugin
2024-11-16 01:52:41,445 [INFO] PluginManager:220 - loadIPPluginJar : add gtzc
2024-11-16 01:52:41,477 [INFO] IPUIPlugin:80 - create IPUIPlugin
2024-11-16 01:52:41,477 [INFO] PluginManager:220 - loadIPPluginJar : add hash
2024-11-16 01:52:41,529 [INFO] IPUIPlugin:80 - create IPUIPlugin
2024-11-16 01:52:41,529 [INFO] PluginManager:220 - loadIPPluginJar : add i2c
2024-11-16 01:52:41,571 [INFO] IPUIPlugin:80 - create IPUIPlugin
2024-11-16 01:52:41,571 [INFO] PluginManager:220 - loadIPPluginJar : add i2s
2024-11-16 01:52:41,612 [INFO] IPUIPlugin:80 - create IPUIPlugin
2024-11-16 01:52:41,612 [INFO] PluginManager:220 - loadIPPluginJar : add i3c
2024-11-16 01:52:41,731 [INFO] IPUIPlugin:80 - create IPUIPlugin
2024-11-16 01:52:41,731 [INFO] PluginManager:220 - loadIPPluginJar : add ipddr
2024-11-16 01:52:41,834 [INFO] IPUIPlugin:80 - create IPUIPlugin
2024-11-16 01:52:41,834 [INFO] PluginManager:220 - loadIPPluginJar : add linkedlist
2024-11-16 01:52:41,874 [INFO] IPUIPlugin:80 - create IPUIPlugin
2024-11-16 01:52:41,874 [INFO] PluginManager:220 - loadIPPluginJar : add lorawan
2024-11-16 01:52:41,917 [INFO] IPUIPlugin:80 - create IPUIPlugin
2024-11-16 01:52:41,917 [INFO] PluginManager:220 - loadIPPluginJar : add ltdc
2024-11-16 01:52:41,936 [INFO] IPUIPlugin:80 - create IPUIPlugin
2024-11-16 01:52:41,936 [INFO] PluginManager:220 - loadIPPluginJar : add mdma
2024-11-16 01:52:41,949 [INFO] IPUIPlugin:80 - create IPUIPlugin
2024-11-16 01:52:41,949 [INFO] PluginManager:220 - loadIPPluginJar : add nvic
2024-11-16 01:52:41,993 [INFO] IPUIPlugin:80 - create IPUIPlugin
2024-11-16 01:52:41,993 [INFO] PluginManager:220 - loadIPPluginJar : add opamp
2024-11-16 01:52:42,064 [INFO] IPUIPlugin:80 - create IPUIPlugin
2024-11-16 01:52:42,064 [INFO] PluginManager:220 - loadIPPluginJar : add openamp
2024-11-16 01:52:42,124 [INFO] IPUIPlugin:80 - create IPUIPlugin
2024-11-16 01:52:42,124 [INFO] PluginManager:220 - loadIPPluginJar : add pdm2pcm
2024-11-16 01:52:42,140 [INFO] IPUIPlugin:80 - create IPUIPlugin
2024-11-16 01:52:42,142 [INFO] PluginManager:220 - loadIPPluginJar : add plateformsettings
2024-11-16 01:52:42,168 [INFO] IPUIPlugin:80 - create IPUIPlugin
2024-11-16 01:52:42,168 [INFO] PluginManager:220 - loadIPPluginJar : add quadspi
2024-11-16 01:52:42,197 [INFO] IPUIPlugin:80 - create IPUIPlugin
2024-11-16 01:52:42,198 [INFO] PluginManager:220 - loadIPPluginJar : add radio
2024-11-16 01:52:42,213 [INFO] IPUIPlugin:80 - create IPUIPlugin
2024-11-16 01:52:42,213 [INFO] PluginManager:220 - loadIPPluginJar : add resmgrutility
2024-11-16 01:52:42,271 [INFO] IPUIPlugin:80 - create IPUIPlugin
2024-11-16 01:52:42,271 [INFO] PluginManager:220 - loadIPPluginJar : add sai
2024-11-16 01:52:42,320 [INFO] IPUIPlugin:80 - create IPUIPlugin
2024-11-16 01:52:42,320 [INFO] PluginManager:220 - loadIPPluginJar : add spi
2024-11-16 01:52:42,420 [INFO] IPUIPlugin:80 - create IPUIPlugin
2024-11-16 01:52:42,450 [INFO] PluginManager:220 - loadIPPluginJar : add stm32_wpan
2024-11-16 01:52:42,482 [INFO] IPUIPlugin:80 - create IPUIPlugin
2024-11-16 01:52:42,482 [INFO] PluginManager:220 - loadIPPluginJar : add tim
2024-11-16 01:52:42,546 [INFO] IPUIPlugin:80 - create IPUIPlugin
2024-11-16 01:52:42,547 [INFO] PluginManager:220 - loadIPPluginJar : add touchsensing
2024-11-16 01:52:42,578 [INFO] IPUIPlugin:80 - create IPUIPlugin
2024-11-16 01:52:42,578 [INFO] PluginManager:220 - loadIPPluginJar : add tracer_emb
2024-11-16 01:52:42,605 [INFO] IPUIPlugin:80 - create IPUIPlugin
2024-11-16 01:52:42,605 [INFO] PluginManager:220 - loadIPPluginJar : add ts
2024-11-16 01:52:42,628 [INFO] IPUIPlugin:80 - create IPUIPlugin
2024-11-16 01:52:42,628 [INFO] PluginManager:220 - loadIPPluginJar : add tsc
2024-11-16 01:52:42,650 [INFO] IPUIPlugin:80 - create IPUIPlugin
2024-11-16 01:52:42,651 [INFO] PluginManager:220 - loadIPPluginJar : add ucpd
2024-11-16 01:52:42,700 [INFO] IPUIPlugin:80 - create IPUIPlugin
2024-11-16 01:52:42,700 [INFO] PluginManager:220 - loadIPPluginJar : add usart
2024-11-16 01:52:42,753 [INFO] IPUIPlugin:80 - create IPUIPlugin
2024-11-16 01:52:42,753 [INFO] PluginManager:220 - loadIPPluginJar : add usbx
2024-11-16 01:52:42,879 [INFO] CADModel:165 - CPN selected for project level
2024-11-16 01:52:42,879 [INFO] CADModel:114 - Register for checkConnection events
2024-11-16 01:52:42,879 [FATAL] Updater:334 - Updater called before beeing initialized
2024-11-16 01:52:42,879 [ERROR] CADModel:125 - Updater not yet initialized, retry later 
2024-11-16 01:52:43,019 [INFO] CADModel:165 - CPN selected for project level
2024-11-16 01:52:43,019 [INFO] CADModel:114 - Register for checkConnection events
2024-11-16 01:52:43,019 [FATAL] Updater:334 - Updater called before beeing initialized
2024-11-16 01:52:43,019 [ERROR] CADModel:125 - Updater not yet initialized, retry later 
2024-11-16 01:52:43,022 [FATAL] Updater:334 - Updater called before beeing initialized
2024-11-16 01:52:43,041 [INFO] ThirdPartyUpdaterWithRetryManager:70 - Updater plugin not ready yet. [2/15]
2024-11-16 01:52:43,147 [FATAL] Updater:334 - Updater called before beeing initialized
2024-11-16 01:52:43,162 [INFO] DbMcusAds:53 - JSON generation date=Fri Sep 20 16:04:38 EEST 2024 (1726837478367)
2024-11-16 01:52:43,162 [FATAL] Updater:334 - Updater called before beeing initialized
2024-11-16 01:52:43,208 [WARN] DetailPanel:346 - Failed to get advertising image, set to default
2024-11-16 01:52:43,311 [FATAL] Updater:334 - Updater called before beeing initialized
2024-11-16 01:52:43,313 [FATAL] Updater:334 - Updater called before beeing initialized
2024-11-16 01:52:43,313 [FATAL] Updater:334 - Updater called before beeing initialized
2024-11-16 01:52:43,313 [WARN] DetailPanel:346 - Failed to get advertising image, set to default
2024-11-16 01:52:43,314 [FATAL] Updater:334 - Updater called before beeing initialized
2024-11-16 01:52:43,416 [ERROR] Updater:1164 - MainUpdater not yet initialized. External WinMGr cannot be set.
2024-11-16 01:52:43,429 [INFO] Updater:1100 - Updater Version found : 6.12.1
2024-11-16 01:52:43,456 [INFO] ApplicationProperties:184 - Using Application install path: C:\ST\STM32CubeIDE_1.16.1\STM32CubeIDE\plugins\com.st.stm32cube.common.mx_6.12.1.202409122256
2024-11-16 01:52:45,076 [ERROR] LogOutputStream:75 - [STDERR_REDIRECT] Nov 16, 2024 1:52:45 AM java.util.prefs.WindowsPreferences <init>
2024-11-16 01:52:45,079 [ERROR] LogOutputStream:75 - [STDERR_REDIRECT] WARNING: Could not open/create prefs root node Software\JavaSoft\Prefs at root 0xffffffff80000002. Windows RegCreateKeyEx(...) returned error code 5.
2024-11-16 01:52:45,079 [ERROR] LogOutputStream:75 - [STDERR_REDIRECT] 
2024-11-16 01:52:46,055 [FATAL] Updater:334 - Updater called before beeing initialized
2024-11-16 01:52:46,056 [ERROR] IntegrityCheckThread:130 - Cannot retrieve database content from updater: error 21
2024-11-16 01:52:46,056 [INFO] ThirdParty:978 - Integrity check success = false
2024-11-16 01:52:46,056 [INFO] IntegrityCheckThread:100 - exiting critical section [integrity check]
2024-11-16 01:52:46,056 [INFO] IntegrityCheckThread:103 - End integrity checks thread
2024-11-16 01:52:46,230 [INFO] MainUpdater:2873 - connection check result : 10
2024-11-16 01:52:46,231 [INFO] MainUpdater:290 - Updater Check For Update Now.
2024-11-16 01:52:46,231 [INFO] MicroXplorer:498 - Change Database Version : DB.6.0.121
2024-11-16 01:52:46,255 [INFO] McuFinderGlobals:63 - Set McuFinder mode to 2 (CubeIDE integrated)
2024-11-16 01:52:46,256 [INFO] UserAuth:179 - activating auth plugin
2024-11-16 01:52:46,261 [INFO] UserAuth:417 - Internet connection configuration mode: 1
2024-11-16 01:52:46,298 [INFO] JxBrowserEngine:152 - Initiate JxBrowser Engine with user profile folder
2024-11-16 01:52:46,544 [INFO] CheckServerUpdateThread:120 - End of CheckServer Thread
2024-11-16 01:52:52,611 [INFO] WebApp:167 - Instantiating new browser for Auth
2024-11-16 01:52:53,364 [INFO] WebApp:448 - Apply proxy settings
2024-11-16 01:52:53,364 [INFO] WebApp:533 - Chromium requires no authentication
2024-11-16 01:52:53,375 [INFO] WebApp:476 - Direct internet connection detected
2024-11-16 01:52:53,404 [INFO] WebApp:869 - Register for checkConnection events
2024-11-16 01:52:53,405 [INFO] WebApp:448 - Apply proxy settings
2024-11-16 01:52:53,405 [INFO] WebApp:533 - Chromium requires no authentication
2024-11-16 01:52:53,405 [INFO] WebApp:476 - Direct internet connection detected
2024-11-16 01:52:53,611 [INFO] WebApp:220 - Starting web application
2024-11-16 01:52:53,611 [INFO] WebApp:578 - Web application path used C:\ST\STM32CubeIDE_1.16.1\STM32CubeIDE\plugins\com.st.stm32cube.common.mx_6.12.1.202409122256\db\plugins\mcufinder\reactClient1\index.html
2024-11-16 01:52:53,808 [INFO] WebApp:186 - Connection restablished
2024-11-16 01:53:45,797 [INFO] WebApp:189 - Connection lost
2024-11-16 01:53:46,157 [INFO] WebApp:186 - Connection restablished
2024-11-16 01:59:47,721 [INFO] WebApp:189 - Connection lost
2024-11-16 01:59:48,204 [INFO] WebApp:186 - Connection restablished
2024-11-16 01:59:50,780 [INFO] WebApp:189 - Connection lost
2024-11-16 01:59:51,013 [INFO] WebApp:186 - Connection restablished
2024-11-16 02:12:28,145 [ERROR] LogOutputStream:75 - [STDERR_REDIRECT] 
